<?xml version="1.0" encoding="UTF-8"?>
<coverage generated="1770890180101" clover="3.2.0">
  <project timestamp="1770890180103" name="All files">
    <metrics statements="401" coveredstatements="0" conditionals="231" coveredconditionals="0" methods="53" coveredmethods="0" elements="685" coveredelements="0" complexity="0" loc="401" ncloc="401" packages="1" files="1" classes="1"/>
    <file name="server.js" path="/home/collins/Documents/Monarchs/server.js">
      <metrics statements="401" coveredstatements="0" conditionals="231" coveredconditionals="0" methods="53" coveredmethods="0"/>
      <line num="15" count="0" type="stmt"/>
      <line num="16" count="0" type="stmt"/>
      <line num="17" count="0" type="stmt"/>
      <line num="18" count="0" type="stmt"/>
      <line num="19" count="0" type="stmt"/>
      <line num="20" count="0" type="stmt"/>
      <line num="23" count="0" type="stmt"/>
      <line num="26" count="0" type="cond" truecount="0" falsecount="2"/>
      <line num="27" count="0" type="cond" truecount="0" falsecount="2"/>
      <line num="35" count="0" type="stmt"/>
      <line num="36" count="0" type="stmt"/>
      <line num="40" count="0" type="stmt"/>
      <line num="41" count="0" type="stmt"/>
      <line num="43" count="0" type="stmt"/>
      <line num="46" count="0" type="stmt"/>
      <line num="48" count="0" type="stmt"/>
      <line num="49" count="0" type="stmt"/>
      <line num="54" count="0" type="stmt"/>
      <line num="55" count="0" type="stmt"/>
      <line num="56" count="0" type="stmt"/>
      <line num="57" count="0" type="stmt"/>
      <line num="59" count="0" type="stmt"/>
      <line num="60" count="0" type="stmt"/>
      <line num="63" count="0" type="cond" truecount="0" falsecount="5"/>
      <line num="66" count="0" type="cond" truecount="0" falsecount="2"/>
      <line num="67" count="0" type="stmt"/>
      <line num="69" count="0" type="cond" truecount="0" falsecount="2"/>
      <line num="71" count="0" type="stmt"/>
      <line num="72" count="0" type="cond" truecount="0" falsecount="2"/>
      <line num="73" count="0" type="stmt"/>
      <line num="76" count="0" type="stmt"/>
      <line num="77" count="0" type="stmt"/>
      <line num="78" count="0" type="cond" truecount="0" falsecount="2"/>
      <line num="80" count="0" type="cond" truecount="0" falsecount="2"/>
      <line num="81" count="0" type="stmt"/>
      <line num="82" count="0" type="stmt"/>
      <line num="84" count="0" type="cond" truecount="0" falsecount="5"/>
      <line num="86" count="0" type="cond" truecount="0" falsecount="4"/>
      <line num="87" count="0" type="cond" truecount="0" falsecount="2"/>
      <line num="88" count="0" type="cond" truecount="0" falsecount="2"/>
      <line num="89" count="0" type="stmt"/>
      <line num="90" count="0" type="cond" truecount="0" falsecount="2"/>
      <line num="91" count="0" type="stmt"/>
      <line num="94" count="0" type="cond" truecount="0" falsecount="2"/>
      <line num="96" count="0" type="stmt"/>
      <line num="97" count="0" type="cond" truecount="0" falsecount="2"/>
      <line num="98" count="0" type="stmt"/>
      <line num="99" count="0" type="cond" truecount="0" falsecount="2"/>
      <line num="100" count="0" type="stmt"/>
      <line num="104" count="0" type="cond" truecount="0" falsecount="2"/>
      <line num="105" count="0" type="stmt"/>
      <line num="106" count="0" type="cond" truecount="0" falsecount="2"/>
      <line num="107" count="0" type="stmt"/>
      <line num="113" count="0" type="stmt"/>
      <line num="118" count="0" type="cond" truecount="0" falsecount="2"/>
      <line num="119" count="0" type="cond" truecount="0" falsecount="2"/>
      <line num="120" count="0" type="stmt"/>
      <line num="122" count="0" type="cond" truecount="0" falsecount="2"/>
      <line num="123" count="0" type="cond" truecount="0" falsecount="2"/>
      <line num="124" count="0" type="stmt"/>
      <line num="126" count="0" type="cond" truecount="0" falsecount="2"/>
      <line num="127" count="0" type="cond" truecount="0" falsecount="2"/>
      <line num="128" count="0" type="stmt"/>
      <line num="130" count="0" type="cond" truecount="0" falsecount="2"/>
      <line num="131" count="0" type="cond" truecount="0" falsecount="2"/>
      <line num="132" count="0" type="stmt"/>
      <line num="134" count="0" type="cond" truecount="0" falsecount="2"/>
      <line num="135" count="0" type="cond" truecount="0" falsecount="2"/>
      <line num="136" count="0" type="cond" truecount="0" falsecount="2"/>
      <line num="137" count="0" type="stmt"/>
      <line num="139" count="0" type="cond" truecount="0" falsecount="2"/>
      <line num="140" count="0" type="cond" truecount="0" falsecount="2"/>
      <line num="141" count="0" type="cond" truecount="0" falsecount="2"/>
      <line num="142" count="0" type="stmt"/>
      <line num="145" count="0" type="stmt"/>
      <line num="149" count="0" type="stmt"/>
      <line num="186" count="0" type="cond" truecount="0" falsecount="4"/>
      <line num="187" count="0" type="stmt"/>
      <line num="189" count="0" type="cond" truecount="0" falsecount="4"/>
      <line num="190" count="0" type="stmt"/>
      <line num="195" count="0" type="stmt"/>
      <line num="196" count="0" type="stmt"/>
      <line num="198" count="0" type="stmt"/>
      <line num="199" count="0" type="cond" truecount="0" falsecount="4"/>
      <line num="200" count="0" type="stmt"/>
      <line num="203" count="0" type="cond" truecount="0" falsecount="2"/>
      <line num="207" count="0" type="stmt"/>
      <line num="213" count="0" type="stmt"/>
      <line num="223" count="0" type="stmt"/>
      <line num="234" count="0" type="stmt"/>
      <line num="235" count="0" type="stmt"/>
      <line num="238" count="0" type="stmt"/>
      <line num="245" count="0" type="stmt"/>
      <line num="246" count="0" type="stmt"/>
      <line num="252" count="0" type="stmt"/>
      <line num="260" count="0" type="stmt"/>
      <line num="263" count="0" type="cond" truecount="0" falsecount="2"/>
      <line num="264" count="0" type="stmt"/>
      <line num="268" count="0" type="stmt"/>
      <line num="269" count="0" type="stmt"/>
      <line num="270" count="0" type="stmt"/>
      <line num="271" count="0" type="stmt"/>
      <line num="274" count="0" type="cond" truecount="0" falsecount="4"/>
      <line num="275" count="0" type="stmt"/>
      <line num="279" count="0" type="cond" truecount="0" falsecount="4"/>
      <line num="280" count="0" type="stmt"/>
      <line num="284" count="0" type="cond" truecount="0" falsecount="2"/>
      <line num="285" count="0" type="stmt"/>
      <line num="286" count="0" type="cond" truecount="0" falsecount="2"/>
      <line num="287" count="0" type="stmt"/>
      <line num="291" count="0" type="cond" truecount="0" falsecount="4"/>
      <line num="292" count="0" type="stmt"/>
      <line num="293" count="0" type="stmt"/>
      <line num="299" count="0" type="stmt"/>
      <line num="303" count="0" type="stmt"/>
      <line num="304" count="0" type="stmt"/>
      <line num="308" count="0" type="stmt"/>
      <line num="309" count="0" type="cond" truecount="0" falsecount="2"/>
      <line num="311" count="0" type="cond" truecount="0" falsecount="4"/>
      <line num="312" count="0" type="stmt"/>
      <line num="320" count="0" type="stmt"/>
      <line num="324" count="0" type="stmt"/>
      <line num="338" count="0" type="cond" truecount="0" falsecount="2"/>
      <line num="339" count="0" type="stmt"/>
      <line num="340" count="0" type="stmt"/>
      <line num="345" count="0" type="stmt"/>
      <line num="376" count="0" type="stmt"/>
      <line num="377" count="0" type="stmt"/>
      <line num="384" count="0" type="stmt"/>
      <line num="389" count="0" type="stmt"/>
      <line num="390" count="0" type="cond" truecount="0" falsecount="2"/>
      <line num="391" count="0" type="stmt"/>
      <line num="393" count="0" type="cond" truecount="0" falsecount="2"/>
      <line num="394" count="0" type="stmt"/>
      <line num="395" count="0" type="stmt"/>
      <line num="396" count="0" type="stmt"/>
      <line num="400" count="0" type="stmt"/>
      <line num="401" count="0" type="stmt"/>
      <line num="403" count="0" type="cond" truecount="0" falsecount="4"/>
      <line num="404" count="0" type="stmt"/>
      <line num="405" count="0" type="stmt"/>
      <line num="407" count="0" type="stmt"/>
      <line num="408" count="0" type="stmt"/>
      <line num="417" count="0" type="stmt"/>
      <line num="418" count="0" type="stmt"/>
      <line num="419" count="0" type="stmt"/>
      <line num="420" count="0" type="stmt"/>
      <line num="421" count="0" type="stmt"/>
      <line num="422" count="0" type="stmt"/>
      <line num="423" count="0" type="stmt"/>
      <line num="424" count="0" type="stmt"/>
      <line num="432" count="0" type="stmt"/>
      <line num="433" count="0" type="stmt"/>
      <line num="437" count="0" type="stmt"/>
      <line num="438" count="0" type="stmt"/>
      <line num="445" count="0" type="stmt"/>
      <line num="446" count="0" type="stmt"/>
      <line num="447" count="0" type="stmt"/>
      <line num="449" count="0" type="stmt"/>
      <line num="453" count="0" type="stmt"/>
      <line num="454" count="0" type="stmt"/>
      <line num="455" count="0" type="cond" truecount="0" falsecount="2"/>
      <line num="456" count="0" type="stmt"/>
      <line num="459" count="0" type="stmt"/>
      <line num="460" count="0" type="stmt"/>
      <line num="462" count="0" type="cond" truecount="0" falsecount="2"/>
      <line num="463" count="0" type="stmt"/>
      <line num="466" count="0" type="stmt"/>
      <line num="468" count="0" type="cond" truecount="0" falsecount="2"/>
      <line num="469" count="0" type="stmt"/>
      <line num="472" count="0" type="stmt"/>
      <line num="474" count="0" type="stmt"/>
      <line num="479" count="0" type="stmt"/>
      <line num="480" count="0" type="cond" truecount="0" falsecount="2"/>
      <line num="481" count="0" type="stmt"/>
      <line num="484" count="0" type="stmt"/>
      <line num="488" count="0" type="stmt"/>
      <line num="495" count="0" type="stmt"/>
      <line num="501" count="0" type="stmt"/>
      <line num="502" count="0" type="stmt"/>
      <line num="505" count="0" type="stmt"/>
      <line num="506" count="0" type="stmt"/>
      <line num="508" count="0" type="cond" truecount="0" falsecount="4"/>
      <line num="509" count="0" type="stmt"/>
      <line num="510" count="0" type="stmt"/>
      <line num="513" count="0" type="cond" truecount="0" falsecount="2"/>
      <line num="514" count="0" type="stmt"/>
      <line num="515" count="0" type="stmt"/>
      <line num="518" count="0" type="stmt"/>
      <line num="519" count="0" type="stmt"/>
      <line num="520" count="0" type="stmt"/>
      <line num="524" count="0" type="stmt"/>
      <line num="525" count="0" type="stmt"/>
      <line num="526" count="0" type="stmt"/>
      <line num="527" count="0" type="cond" truecount="0" falsecount="2"/>
      <line num="528" count="0" type="stmt"/>
      <line num="538" count="0" type="cond" truecount="0" falsecount="2"/>
      <line num="539" count="0" type="cond" truecount="0" falsecount="2"/>
      <line num="541" count="0" type="stmt"/>
      <line num="542" count="0" type="stmt"/>
      <line num="544" count="0" type="stmt"/>
      <line num="545" count="0" type="stmt"/>
      <line num="546" count="0" type="stmt"/>
      <line num="549" count="0" type="stmt"/>
      <line num="550" count="0" type="cond" truecount="0" falsecount="4"/>
      <line num="551" count="0" type="stmt"/>
      <line num="552" count="0" type="stmt"/>
      <line num="557" count="0" type="stmt"/>
      <line num="558" count="0" type="stmt"/>
      <line num="559" count="0" type="stmt"/>
      <line num="562" count="0" type="stmt"/>
      <line num="565" count="0" type="stmt"/>
      <line num="566" count="0" type="stmt"/>
      <line num="567" count="0" type="stmt"/>
      <line num="570" count="0" type="stmt"/>
      <line num="571" count="0" type="stmt"/>
      <line num="572" count="0" type="stmt"/>
      <line num="573" count="0" type="stmt"/>
      <line num="582" count="0" type="stmt"/>
      <line num="583" count="0" type="stmt"/>
      <line num="584" count="0" type="stmt"/>
      <line num="586" count="0" type="stmt"/>
      <line num="588" count="0" type="stmt"/>
      <line num="589" count="0" type="stmt"/>
      <line num="590" count="0" type="stmt"/>
      <line num="591" count="0" type="stmt"/>
      <line num="592" count="0" type="stmt"/>
      <line num="595" count="0" type="stmt"/>
      <line num="603" count="0" type="stmt"/>
      <line num="604" count="0" type="cond" truecount="0" falsecount="2"/>
      <line num="605" count="0" type="stmt"/>
      <line num="609" count="0" type="stmt"/>
      <line num="610" count="0" type="stmt"/>
      <line num="613" count="0" type="stmt"/>
      <line num="614" count="0" type="cond" truecount="0" falsecount="2"/>
      <line num="615" count="0" type="stmt"/>
      <line num="620" count="0" type="stmt"/>
      <line num="623" count="0" type="stmt"/>
      <line num="624" count="0" type="stmt"/>
      <line num="625" count="0" type="stmt"/>
      <line num="628" count="0" type="stmt"/>
      <line num="630" count="0" type="stmt"/>
      <line num="631" count="0" type="stmt"/>
      <line num="635" count="0" type="stmt"/>
      <line num="636" count="0" type="stmt"/>
      <line num="643" count="0" type="stmt"/>
      <line num="644" count="0" type="stmt"/>
      <line num="645" count="0" type="cond" truecount="0" falsecount="2"/>
      <line num="646" count="0" type="stmt"/>
      <line num="648" count="0" type="cond" truecount="0" falsecount="2"/>
      <line num="649" count="0" type="stmt"/>
      <line num="652" count="0" type="stmt"/>
      <line num="655" count="0" type="stmt"/>
      <line num="656" count="0" type="stmt"/>
      <line num="665" count="0" type="stmt"/>
      <line num="667" count="0" type="cond" truecount="0" falsecount="12"/>
      <line num="669" count="0" type="stmt"/>
      <line num="670" count="0" type="cond" truecount="0" falsecount="2"/>
      <line num="671" count="0" type="stmt"/>
      <line num="673" count="0" type="stmt"/>
      <line num="674" count="0" type="stmt"/>
      <line num="676" count="0" type="stmt"/>
      <line num="679" count="0" type="stmt"/>
      <line num="681" count="0" type="cond" truecount="0" falsecount="2"/>
      <line num="682" count="0" type="stmt"/>
      <line num="683" count="0" type="stmt"/>
      <line num="684" count="0" type="stmt"/>
      <line num="691" count="0" type="stmt"/>
      <line num="696" count="0" type="stmt"/>
      <line num="699" count="0" type="cond" truecount="0" falsecount="2"/>
      <line num="700" count="0" type="stmt"/>
      <line num="701" count="0" type="stmt"/>
      <line num="703" count="0" type="stmt"/>
      <line num="704" count="0" type="stmt"/>
      <line num="705" count="0" type="stmt"/>
      <line num="708" count="0" type="cond" truecount="0" falsecount="2"/>
      <line num="709" count="0" type="stmt"/>
      <line num="710" count="0" type="stmt"/>
      <line num="712" count="0" type="cond" truecount="0" falsecount="2"/>
      <line num="713" count="0" type="stmt"/>
      <line num="715" count="0" type="stmt"/>
      <line num="716" count="0" type="stmt"/>
      <line num="717" count="0" type="stmt"/>
      <line num="718" count="0" type="stmt"/>
      <line num="721" count="0" type="cond" truecount="0" falsecount="2"/>
      <line num="722" count="0" type="stmt"/>
      <line num="723" count="0" type="stmt"/>
      <line num="725" count="0" type="cond" truecount="0" falsecount="2"/>
      <line num="726" count="0" type="stmt"/>
      <line num="727" count="0" type="stmt"/>
      <line num="729" count="0" type="stmt"/>
      <line num="730" count="0" type="stmt"/>
      <line num="733" count="0" type="cond" truecount="0" falsecount="2"/>
      <line num="734" count="0" type="stmt"/>
      <line num="735" count="0" type="stmt"/>
      <line num="737" count="0" type="stmt"/>
      <line num="738" count="0" type="stmt"/>
      <line num="739" count="0" type="stmt"/>
      <line num="742" count="0" type="cond" truecount="0" falsecount="2"/>
      <line num="743" count="0" type="stmt"/>
      <line num="744" count="0" type="stmt"/>
      <line num="746" count="0" type="stmt"/>
      <line num="747" count="0" type="stmt"/>
      <line num="748" count="0" type="stmt"/>
      <line num="751" count="0" type="cond" truecount="0" falsecount="2"/>
      <line num="752" count="0" type="stmt"/>
      <line num="753" count="0" type="stmt"/>
      <line num="755" count="0" type="stmt"/>
      <line num="756" count="0" type="stmt"/>
      <line num="757" count="0" type="stmt"/>
      <line num="760" count="0" type="cond" truecount="0" falsecount="2"/>
      <line num="761" count="0" type="stmt"/>
      <line num="763" count="0" type="stmt"/>
      <line num="764" count="0" type="stmt"/>
      <line num="765" count="0" type="stmt"/>
      <line num="766" count="0" type="stmt"/>
      <line num="769" count="0" type="cond" truecount="0" falsecount="2"/>
      <line num="770" count="0" type="stmt"/>
      <line num="771" count="0" type="stmt"/>
      <line num="773" count="0" type="stmt"/>
      <line num="774" count="0" type="cond" truecount="0" falsecount="2"/>
      <line num="775" count="0" type="stmt"/>
      <line num="777" count="0" type="stmt"/>
      <line num="783" count="0" type="stmt"/>
      <line num="786" count="0" type="stmt"/>
      <line num="787" count="0" type="stmt"/>
      <line num="790" count="0" type="stmt"/>
      <line num="799" count="0" type="stmt"/>
      <line num="800" count="0" type="cond" truecount="0" falsecount="4"/>
      <line num="801" count="0" type="stmt"/>
      <line num="802" count="0" type="stmt"/>
      <line num="805" count="0" type="stmt"/>
      <line num="806" count="0" type="stmt"/>
      <line num="807" count="0" type="stmt"/>
      <line num="810" count="0" type="stmt"/>
      <line num="811" count="0" type="stmt"/>
      <line num="814" count="0" type="stmt"/>
      <line num="815" count="0" type="stmt"/>
      <line num="816" count="0" type="stmt"/>
      <line num="826" count="0" type="stmt"/>
      <line num="827" count="0" type="stmt"/>
      <line num="829" count="0" type="stmt"/>
      <line num="830" count="0" type="stmt"/>
      <line num="831" count="0" type="cond" truecount="0" falsecount="2"/>
      <line num="834" count="0" type="cond" truecount="0" falsecount="2"/>
      <line num="835" count="0" type="stmt"/>
      <line num="836" count="0" type="cond" truecount="0" falsecount="2"/>
      <line num="837" count="0" type="stmt"/>
      <line num="843" count="0" type="stmt"/>
      <line num="847" count="0" type="cond" truecount="0" falsecount="2"/>
      <line num="848" count="0" type="stmt"/>
      <line num="849" count="0" type="stmt"/>
      <line num="855" count="0" type="stmt"/>
      <line num="858" count="0" type="cond" truecount="0" falsecount="2"/>
      <line num="859" count="0" type="stmt"/>
      <line num="860" count="0" type="stmt"/>
      <line num="863" count="0" type="cond" truecount="0" falsecount="2"/>
      <line num="864" count="0" type="stmt"/>
      <line num="865" count="0" type="stmt"/>
      <line num="868" count="0" type="cond" truecount="0" falsecount="2"/>
      <line num="869" count="0" type="stmt"/>
      <line num="870" count="0" type="stmt"/>
      <line num="874" count="0" type="stmt"/>
      <line num="878" count="0" type="stmt"/>
      <line num="879" count="0" type="stmt"/>
      <line num="880" count="0" type="stmt"/>
      <line num="881" count="0" type="stmt"/>
      <line num="882" count="0" type="cond" truecount="0" falsecount="2"/>
      <line num="884" count="0" type="stmt"/>
      <line num="888" count="0" type="stmt"/>
      <line num="889" count="0" type="stmt"/>
      <line num="890" count="0" type="cond" truecount="0" falsecount="2"/>
      <line num="891" count="0" type="stmt"/>
      <line num="892" count="0" type="stmt"/>
      <line num="893" count="0" type="stmt"/>
      <line num="894" count="0" type="cond" truecount="0" falsecount="2"/>
      <line num="897" count="0" type="stmt"/>
      <line num="905" count="0" type="stmt"/>
      <line num="908" count="0" type="stmt"/>
      <line num="909" count="0" type="stmt"/>
      <line num="913" count="0" type="cond" truecount="0" falsecount="2"/>
      <line num="914" count="0" type="stmt"/>
      <line num="918" count="0" type="stmt"/>
      <line num="919" count="0" type="stmt"/>
      <line num="920" count="0" type="stmt"/>
      <line num="924" count="0" type="stmt"/>
      <line num="925" count="0" type="stmt"/>
      <line num="926" count="0" type="stmt"/>
      <line num="930" count="0" type="stmt"/>
      <line num="931" count="0" type="stmt"/>
      <line num="934" count="0" type="stmt"/>
      <line num="935" count="0" type="stmt"/>
      <line num="936" count="0" type="stmt"/>
      <line num="939" count="0" type="stmt"/>
      <line num="940" count="0" type="stmt"/>
      <line num="947" count="0" type="stmt"/>
      <line num="948" count="0" type="stmt"/>
      <line num="950" count="0" type="stmt"/>
      <line num="951" count="0" type="stmt"/>
      <line num="954" count="0" type="stmt"/>
      <line num="957" count="0" type="stmt"/>
    </file>
  </project>
</coverage>
