{"/home/collins/Documents/Monarchs/server.js": {"path":"/home/collins/Documents/Monarchs/server.js","all":true,"statementMap":{"0":{"start":{"line":1,"column":0},"end":{"line":1,"column":3}},"1":{"start":{"line":2,"column":0},"end":{"line":2,"column":59}},"2":{"start":{"line":3,"column":0},"end":{"line":3,"column":3}},"3":{"start":{"line":4,"column":0},"end":{"line":4,"column":50}},"4":{"start":{"line":5,"column":0},"end":{"line":5,"column":45}},"5":{"start":{"line":6,"column":0},"end":{"line":6,"column":33}},"6":{"start":{"line":7,"column":0},"end":{"line":7,"column":17}},"7":{"start":{"line":8,"column":0},"end":{"line":8,"column":28}},"8":{"start":{"line":9,"column":0},"end":{"line":9,"column":33}},"9":{"start":{"line":10,"column":0},"end":{"line":10,"column":23}},"10":{"start":{"line":11,"column":0},"end":{"line":11,"column":18}},"11":{"start":{"line":12,"column":0},"end":{"line":12,"column":22}},"12":{"start":{"line":13,"column":0},"end":{"line":13,"column":3}},"13":{"start":{"line":14,"column":0},"end":{"line":14,"column":0}},"14":{"start":{"line":15,"column":0},"end":{"line":15,"column":25}},"15":{"start":{"line":16,"column":0},"end":{"line":16,"column":29}},"16":{"start":{"line":17,"column":0},"end":{"line":17,"column":33}},"17":{"start":{"line":18,"column":0},"end":{"line":18,"column":29}},"18":{"start":{"line":19,"column":0},"end":{"line":19,"column":32}},"19":{"start":{"line":20,"column":0},"end":{"line":20,"column":27}},"20":{"start":{"line":21,"column":0},"end":{"line":21,"column":0}},"21":{"start":{"line":22,"column":0},"end":{"line":22,"column":10}},"22":{"start":{"line":23,"column":0},"end":{"line":23,"column":29}},"23":{"start":{"line":24,"column":0},"end":{"line":24,"column":0}},"24":{"start":{"line":25,"column":0},"end":{"line":25,"column":16}},"25":{"start":{"line":26,"column":0},"end":{"line":26,"column":83}},"26":{"start":{"line":27,"column":0},"end":{"line":27,"column":49}},"27":{"start":{"line":28,"column":0},"end":{"line":28,"column":0}},"28":{"start":{"line":29,"column":0},"end":{"line":29,"column":70}},"29":{"start":{"line":30,"column":0},"end":{"line":30,"column":27}},"30":{"start":{"line":31,"column":0},"end":{"line":31,"column":70}},"31":{"start":{"line":32,"column":0},"end":{"line":32,"column":0}},"32":{"start":{"line":33,"column":0},"end":{"line":33,"column":14}},"33":{"start":{"line":34,"column":0},"end":{"line":34,"column":19}},"34":{"start":{"line":35,"column":0},"end":{"line":35,"column":40}},"35":{"start":{"line":36,"column":0},"end":{"line":36,"column":24}},"36":{"start":{"line":37,"column":0},"end":{"line":37,"column":5}},"37":{"start":{"line":38,"column":0},"end":{"line":38,"column":0}},"38":{"start":{"line":39,"column":0},"end":{"line":39,"column":18}},"39":{"start":{"line":40,"column":0},"end":{"line":40,"column":13}},"40":{"start":{"line":41,"column":0},"end":{"line":41,"column":68}},"41":{"start":{"line":42,"column":0},"end":{"line":42,"column":55}},"42":{"start":{"line":43,"column":0},"end":{"line":43,"column":54}},"43":{"start":{"line":44,"column":0},"end":{"line":44,"column":12}},"44":{"start":{"line":45,"column":0},"end":{"line":45,"column":51}},"45":{"start":{"line":46,"column":0},"end":{"line":46,"column":50}},"46":{"start":{"line":47,"column":0},"end":{"line":47,"column":25}},"47":{"start":{"line":48,"column":0},"end":{"line":48,"column":72}},"48":{"start":{"line":49,"column":0},"end":{"line":49,"column":43}},"49":{"start":{"line":50,"column":0},"end":{"line":50,"column":9}},"50":{"start":{"line":51,"column":0},"end":{"line":51,"column":5}},"51":{"start":{"line":52,"column":0},"end":{"line":52,"column":0}},"52":{"start":{"line":53,"column":0},"end":{"line":53,"column":21}},"53":{"start":{"line":54,"column":0},"end":{"line":54,"column":26}},"54":{"start":{"line":55,"column":0},"end":{"line":55,"column":39}},"55":{"start":{"line":56,"column":0},"end":{"line":56,"column":34}},"56":{"start":{"line":57,"column":0},"end":{"line":57,"column":37}},"57":{"start":{"line":58,"column":0},"end":{"line":58,"column":8}},"58":{"start":{"line":59,"column":0},"end":{"line":59,"column":35}},"59":{"start":{"line":60,"column":0},"end":{"line":60,"column":40}},"60":{"start":{"line":61,"column":0},"end":{"line":61,"column":12}},"61":{"start":{"line":62,"column":0},"end":{"line":62,"column":44}},"62":{"start":{"line":63,"column":0},"end":{"line":63,"column":91}},"63":{"start":{"line":64,"column":0},"end":{"line":64,"column":12}},"64":{"start":{"line":65,"column":0},"end":{"line":65,"column":40}},"65":{"start":{"line":66,"column":0},"end":{"line":66,"column":40}},"66":{"start":{"line":67,"column":0},"end":{"line":67,"column":64}},"67":{"start":{"line":68,"column":0},"end":{"line":68,"column":16}},"68":{"start":{"line":69,"column":0},"end":{"line":69,"column":47}},"69":{"start":{"line":70,"column":0},"end":{"line":70,"column":33}},"70":{"start":{"line":71,"column":0},"end":{"line":71,"column":52}},"71":{"start":{"line":72,"column":0},"end":{"line":72,"column":77}},"72":{"start":{"line":73,"column":0},"end":{"line":73,"column":67}},"73":{"start":{"line":74,"column":0},"end":{"line":74,"column":24}},"74":{"start":{"line":75,"column":0},"end":{"line":75,"column":35}},"75":{"start":{"line":76,"column":0},"end":{"line":76,"column":49}},"76":{"start":{"line":77,"column":0},"end":{"line":77,"column":45}},"77":{"start":{"line":78,"column":0},"end":{"line":78,"column":77}},"78":{"start":{"line":79,"column":0},"end":{"line":79,"column":17}},"79":{"start":{"line":80,"column":0},"end":{"line":80,"column":47}},"80":{"start":{"line":81,"column":0},"end":{"line":81,"column":64}},"81":{"start":{"line":82,"column":0},"end":{"line":82,"column":58}},"82":{"start":{"line":83,"column":0},"end":{"line":83,"column":16}},"83":{"start":{"line":84,"column":0},"end":{"line":84,"column":76}},"84":{"start":{"line":85,"column":0},"end":{"line":85,"column":39}},"85":{"start":{"line":86,"column":0},"end":{"line":86,"column":104}},"86":{"start":{"line":87,"column":0},"end":{"line":87,"column":52}},"87":{"start":{"line":88,"column":0},"end":{"line":88,"column":48}},"88":{"start":{"line":89,"column":0},"end":{"line":89,"column":96}},"89":{"start":{"line":90,"column":0},"end":{"line":90,"column":52}},"90":{"start":{"line":91,"column":0},"end":{"line":91,"column":77}},"91":{"start":{"line":92,"column":0},"end":{"line":92,"column":25}},"92":{"start":{"line":93,"column":0},"end":{"line":93,"column":21}},"93":{"start":{"line":94,"column":0},"end":{"line":94,"column":43}},"94":{"start":{"line":95,"column":0},"end":{"line":95,"column":29}},"95":{"start":{"line":96,"column":0},"end":{"line":96,"column":50}},"96":{"start":{"line":97,"column":0},"end":{"line":97,"column":44}},"97":{"start":{"line":98,"column":0},"end":{"line":98,"column":84}},"98":{"start":{"line":99,"column":0},"end":{"line":99,"column":48}},"99":{"start":{"line":100,"column":0},"end":{"line":100,"column":65}},"100":{"start":{"line":101,"column":0},"end":{"line":101,"column":21}},"101":{"start":{"line":102,"column":0},"end":{"line":102,"column":24}},"102":{"start":{"line":103,"column":0},"end":{"line":103,"column":29}},"103":{"start":{"line":104,"column":0},"end":{"line":104,"column":44}},"104":{"start":{"line":105,"column":0},"end":{"line":105,"column":104}},"105":{"start":{"line":106,"column":0},"end":{"line":106,"column":48}},"106":{"start":{"line":107,"column":0},"end":{"line":107,"column":85}},"107":{"start":{"line":108,"column":0},"end":{"line":108,"column":21}},"108":{"start":{"line":109,"column":0},"end":{"line":109,"column":17}},"109":{"start":{"line":110,"column":0},"end":{"line":110,"column":13}},"110":{"start":{"line":111,"column":0},"end":{"line":111,"column":9}},"111":{"start":{"line":112,"column":0},"end":{"line":112,"column":8}},"112":{"start":{"line":113,"column":0},"end":{"line":113,"column":22}},"113":{"start":{"line":114,"column":0},"end":{"line":114,"column":5}},"114":{"start":{"line":115,"column":0},"end":{"line":115,"column":0}},"115":{"start":{"line":116,"column":0},"end":{"line":116,"column":31}},"116":{"start":{"line":117,"column":0},"end":{"line":117,"column":41}},"117":{"start":{"line":118,"column":0},"end":{"line":118,"column":40}},"118":{"start":{"line":119,"column":0},"end":{"line":119,"column":46}},"119":{"start":{"line":120,"column":0},"end":{"line":120,"column":72}},"120":{"start":{"line":121,"column":0},"end":{"line":121,"column":9}},"121":{"start":{"line":122,"column":0},"end":{"line":122,"column":46}},"122":{"start":{"line":123,"column":0},"end":{"line":123,"column":46}},"123":{"start":{"line":124,"column":0},"end":{"line":124,"column":78}},"124":{"start":{"line":125,"column":0},"end":{"line":125,"column":9}},"125":{"start":{"line":126,"column":0},"end":{"line":126,"column":45}},"126":{"start":{"line":127,"column":0},"end":{"line":127,"column":50}},"127":{"start":{"line":128,"column":0},"end":{"line":128,"column":66}},"128":{"start":{"line":129,"column":0},"end":{"line":129,"column":9}},"129":{"start":{"line":130,"column":0},"end":{"line":130,"column":48}},"130":{"start":{"line":131,"column":0},"end":{"line":131,"column":52}},"131":{"start":{"line":132,"column":0},"end":{"line":132,"column":77}},"132":{"start":{"line":133,"column":0},"end":{"line":133,"column":9}},"133":{"start":{"line":134,"column":0},"end":{"line":134,"column":42}},"134":{"start":{"line":135,"column":0},"end":{"line":135,"column":58}},"135":{"start":{"line":136,"column":0},"end":{"line":136,"column":76}},"136":{"start":{"line":137,"column":0},"end":{"line":137,"column":74}},"137":{"start":{"line":138,"column":0},"end":{"line":138,"column":9}},"138":{"start":{"line":139,"column":0},"end":{"line":139,"column":45}},"139":{"start":{"line":140,"column":0},"end":{"line":140,"column":58}},"140":{"start":{"line":141,"column":0},"end":{"line":141,"column":70}},"141":{"start":{"line":142,"column":0},"end":{"line":142,"column":74}},"142":{"start":{"line":143,"column":0},"end":{"line":143,"column":9}},"143":{"start":{"line":144,"column":0},"end":{"line":144,"column":8}},"144":{"start":{"line":145,"column":0},"end":{"line":145,"column":22}},"145":{"start":{"line":146,"column":0},"end":{"line":146,"column":5}},"146":{"start":{"line":147,"column":0},"end":{"line":147,"column":0}},"147":{"start":{"line":148,"column":0},"end":{"line":148,"column":24}},"148":{"start":{"line":149,"column":0},"end":{"line":149,"column":16}},"149":{"start":{"line":150,"column":0},"end":{"line":150,"column":18}},"150":{"start":{"line":151,"column":0},"end":{"line":151,"column":33}},"151":{"start":{"line":152,"column":0},"end":{"line":152,"column":33}},"152":{"start":{"line":153,"column":0},"end":{"line":153,"column":32}},"153":{"start":{"line":154,"column":0},"end":{"line":154,"column":14}},"154":{"start":{"line":155,"column":0},"end":{"line":155,"column":20}},"155":{"start":{"line":156,"column":0},"end":{"line":156,"column":32}},"156":{"start":{"line":157,"column":0},"end":{"line":157,"column":66}},"157":{"start":{"line":158,"column":0},"end":{"line":158,"column":28}},"158":{"start":{"line":159,"column":0},"end":{"line":159,"column":42}},"159":{"start":{"line":160,"column":0},"end":{"line":160,"column":42}},"160":{"start":{"line":161,"column":0},"end":{"line":161,"column":39}},"161":{"start":{"line":162,"column":0},"end":{"line":162,"column":14}},"162":{"start":{"line":163,"column":0},"end":{"line":163,"column":23}},"163":{"start":{"line":164,"column":0},"end":{"line":164,"column":97}},"164":{"start":{"line":165,"column":0},"end":{"line":165,"column":38}},"165":{"start":{"line":166,"column":0},"end":{"line":166,"column":31}},"166":{"start":{"line":167,"column":0},"end":{"line":167,"column":14}},"167":{"start":{"line":168,"column":0},"end":{"line":168,"column":22}},"168":{"start":{"line":169,"column":0},"end":{"line":169,"column":55}},"169":{"start":{"line":170,"column":0},"end":{"line":170,"column":30}},"170":{"start":{"line":171,"column":0},"end":{"line":171,"column":14}},"171":{"start":{"line":172,"column":0},"end":{"line":172,"column":19}},"172":{"start":{"line":173,"column":0},"end":{"line":173,"column":30}},"173":{"start":{"line":174,"column":0},"end":{"line":174,"column":31}},"174":{"start":{"line":175,"column":0},"end":{"line":175,"column":33}},"175":{"start":{"line":176,"column":0},"end":{"line":176,"column":14}},"176":{"start":{"line":177,"column":0},"end":{"line":177,"column":25}},"177":{"start":{"line":178,"column":0},"end":{"line":178,"column":59}},"178":{"start":{"line":179,"column":0},"end":{"line":179,"column":60}},"179":{"start":{"line":180,"column":0},"end":{"line":180,"column":13}},"180":{"start":{"line":181,"column":0},"end":{"line":181,"column":10}},"181":{"start":{"line":182,"column":0},"end":{"line":182,"column":5}},"182":{"start":{"line":183,"column":0},"end":{"line":183,"column":0}},"183":{"start":{"line":184,"column":0},"end":{"line":184,"column":16}},"184":{"start":{"line":185,"column":0},"end":{"line":185,"column":42}},"185":{"start":{"line":186,"column":0},"end":{"line":186,"column":60}},"186":{"start":{"line":187,"column":0},"end":{"line":187,"column":61}},"187":{"start":{"line":188,"column":0},"end":{"line":188,"column":9}},"188":{"start":{"line":189,"column":0},"end":{"line":189,"column":74}},"189":{"start":{"line":190,"column":0},"end":{"line":190,"column":63}},"190":{"start":{"line":191,"column":0},"end":{"line":191,"column":9}},"191":{"start":{"line":192,"column":0},"end":{"line":192,"column":5}},"192":{"start":{"line":193,"column":0},"end":{"line":193,"column":0}},"193":{"start":{"line":194,"column":0},"end":{"line":194,"column":40}},"194":{"start":{"line":195,"column":0},"end":{"line":195,"column":36}},"195":{"start":{"line":196,"column":0},"end":{"line":196,"column":32}},"196":{"start":{"line":197,"column":0},"end":{"line":197,"column":8}},"197":{"start":{"line":198,"column":0},"end":{"line":198,"column":31}},"198":{"start":{"line":199,"column":0},"end":{"line":199,"column":75}},"199":{"start":{"line":200,"column":0},"end":{"line":200,"column":29}},"200":{"start":{"line":201,"column":0},"end":{"line":201,"column":9}},"201":{"start":{"line":202,"column":0},"end":{"line":202,"column":8}},"202":{"start":{"line":203,"column":0},"end":{"line":203,"column":58}},"203":{"start":{"line":204,"column":0},"end":{"line":204,"column":5}},"204":{"start":{"line":205,"column":0},"end":{"line":205,"column":1}},"205":{"start":{"line":206,"column":0},"end":{"line":206,"column":0}},"206":{"start":{"line":207,"column":0},"end":{"line":207,"column":28}},"207":{"start":{"line":208,"column":0},"end":{"line":208,"column":0}},"208":{"start":{"line":209,"column":0},"end":{"line":209,"column":70}},"209":{"start":{"line":210,"column":0},"end":{"line":210,"column":26}},"210":{"start":{"line":211,"column":0},"end":{"line":211,"column":70}},"211":{"start":{"line":212,"column":0},"end":{"line":212,"column":0}},"212":{"start":{"line":213,"column":0},"end":{"line":213,"column":21}},"213":{"start":{"line":214,"column":0},"end":{"line":214,"column":47}},"214":{"start":{"line":215,"column":0},"end":{"line":215,"column":11}},"215":{"start":{"line":216,"column":0},"end":{"line":216,"column":34}},"216":{"start":{"line":217,"column":0},"end":{"line":217,"column":25}},"217":{"start":{"line":218,"column":0},"end":{"line":218,"column":64}},"218":{"start":{"line":219,"column":0},"end":{"line":219,"column":6}},"219":{"start":{"line":220,"column":0},"end":{"line":220,"column":45}},"220":{"start":{"line":221,"column":0},"end":{"line":221,"column":17}},"221":{"start":{"line":222,"column":0},"end":{"line":222,"column":27}},"222":{"start":{"line":223,"column":0},"end":{"line":223,"column":50}},"223":{"start":{"line":224,"column":0},"end":{"line":224,"column":9}},"224":{"start":{"line":225,"column":0},"end":{"line":225,"column":6}},"225":{"start":{"line":226,"column":0},"end":{"line":226,"column":37}},"226":{"start":{"line":227,"column":0},"end":{"line":227,"column":96}},"227":{"start":{"line":228,"column":0},"end":{"line":228,"column":3}},"228":{"start":{"line":229,"column":0},"end":{"line":229,"column":0}},"229":{"start":{"line":230,"column":0},"end":{"line":230,"column":70}},"230":{"start":{"line":231,"column":0},"end":{"line":231,"column":20}},"231":{"start":{"line":232,"column":0},"end":{"line":232,"column":70}},"232":{"start":{"line":233,"column":0},"end":{"line":233,"column":0}},"233":{"start":{"line":234,"column":0},"end":{"line":234,"column":48}},"234":{"start":{"line":235,"column":0},"end":{"line":235,"column":33}},"235":{"start":{"line":236,"column":0},"end":{"line":236,"column":4}},"236":{"start":{"line":237,"column":0},"end":{"line":237,"column":33}},"237":{"start":{"line":238,"column":0},"end":{"line":238,"column":40}},"238":{"start":{"line":239,"column":0},"end":{"line":239,"column":40}},"239":{"start":{"line":240,"column":0},"end":{"line":240,"column":27}},"240":{"start":{"line":241,"column":0},"end":{"line":241,"column":21}},"241":{"start":{"line":242,"column":0},"end":{"line":242,"column":18}},"242":{"start":{"line":243,"column":0},"end":{"line":243,"column":7}},"243":{"start":{"line":244,"column":0},"end":{"line":244,"column":4}},"244":{"start":{"line":245,"column":0},"end":{"line":245,"column":25}},"245":{"start":{"line":246,"column":0},"end":{"line":246,"column":28}},"246":{"start":{"line":247,"column":0},"end":{"line":247,"column":40}},"247":{"start":{"line":248,"column":0},"end":{"line":248,"column":49}},"248":{"start":{"line":249,"column":0},"end":{"line":249,"column":11}},"249":{"start":{"line":250,"column":0},"end":{"line":250,"column":7}},"250":{"start":{"line":251,"column":0},"end":{"line":251,"column":4}},"251":{"start":{"line":252,"column":0},"end":{"line":252,"column":28}},"252":{"start":{"line":253,"column":0},"end":{"line":253,"column":3}},"253":{"start":{"line":254,"column":0},"end":{"line":254,"column":0}},"254":{"start":{"line":255,"column":0},"end":{"line":255,"column":70}},"255":{"start":{"line":256,"column":0},"end":{"line":256,"column":19}},"256":{"start":{"line":257,"column":0},"end":{"line":257,"column":70}},"257":{"start":{"line":258,"column":0},"end":{"line":258,"column":0}},"258":{"start":{"line":259,"column":0},"end":{"line":259,"column":34}},"259":{"start":{"line":260,"column":0},"end":{"line":260,"column":49}},"260":{"start":{"line":261,"column":0},"end":{"line":261,"column":4}},"261":{"start":{"line":262,"column":0},"end":{"line":262,"column":21}},"262":{"start":{"line":263,"column":0},"end":{"line":263,"column":35}},"263":{"start":{"line":264,"column":0},"end":{"line":264,"column":36}},"264":{"start":{"line":265,"column":0},"end":{"line":265,"column":5}},"265":{"start":{"line":266,"column":0},"end":{"line":266,"column":4}},"266":{"start":{"line":267,"column":0},"end":{"line":267,"column":23}},"267":{"start":{"line":268,"column":0},"end":{"line":268,"column":55}},"268":{"start":{"line":269,"column":0},"end":{"line":269,"column":45}},"269":{"start":{"line":270,"column":0},"end":{"line":270,"column":55}},"270":{"start":{"line":271,"column":0},"end":{"line":271,"column":86}},"271":{"start":{"line":272,"column":0},"end":{"line":272,"column":4}},"272":{"start":{"line":273,"column":0},"end":{"line":273,"column":28}},"273":{"start":{"line":274,"column":0},"end":{"line":274,"column":82}},"274":{"start":{"line":275,"column":0},"end":{"line":275,"column":33}},"275":{"start":{"line":276,"column":0},"end":{"line":276,"column":5}},"276":{"start":{"line":277,"column":0},"end":{"line":277,"column":4}},"277":{"start":{"line":278,"column":0},"end":{"line":278,"column":43}},"278":{"start":{"line":279,"column":0},"end":{"line":279,"column":84}},"279":{"start":{"line":280,"column":0},"end":{"line":280,"column":34}},"280":{"start":{"line":281,"column":0},"end":{"line":281,"column":5}},"281":{"start":{"line":282,"column":0},"end":{"line":282,"column":4}},"282":{"start":{"line":283,"column":0},"end":{"line":283,"column":18}},"283":{"start":{"line":284,"column":0},"end":{"line":284,"column":32}},"284":{"start":{"line":285,"column":0},"end":{"line":285,"column":67}},"285":{"start":{"line":286,"column":0},"end":{"line":286,"column":93}},"286":{"start":{"line":287,"column":0},"end":{"line":287,"column":15}},"287":{"start":{"line":288,"column":0},"end":{"line":288,"column":5}},"288":{"start":{"line":289,"column":0},"end":{"line":289,"column":4}},"289":{"start":{"line":290,"column":0},"end":{"line":290,"column":16}},"290":{"start":{"line":291,"column":0},"end":{"line":291,"column":51}},"291":{"start":{"line":292,"column":0},"end":{"line":292,"column":67}},"292":{"start":{"line":293,"column":0},"end":{"line":293,"column":32}},"293":{"start":{"line":294,"column":0},"end":{"line":294,"column":38}},"294":{"start":{"line":295,"column":0},"end":{"line":295,"column":29}},"295":{"start":{"line":296,"column":0},"end":{"line":296,"column":37}},"296":{"start":{"line":297,"column":0},"end":{"line":297,"column":47}},"297":{"start":{"line":298,"column":0},"end":{"line":298,"column":12}},"298":{"start":{"line":299,"column":0},"end":{"line":299,"column":15}},"299":{"start":{"line":300,"column":0},"end":{"line":300,"column":5}},"300":{"start":{"line":301,"column":0},"end":{"line":301,"column":4}},"301":{"start":{"line":302,"column":0},"end":{"line":302,"column":29}},"302":{"start":{"line":303,"column":0},"end":{"line":303,"column":63}},"303":{"start":{"line":304,"column":0},"end":{"line":304,"column":52}},"304":{"start":{"line":305,"column":0},"end":{"line":305,"column":1}},"305":{"start":{"line":306,"column":0},"end":{"line":306,"column":0}},"306":{"start":{"line":307,"column":0},"end":{"line":307,"column":31}},"307":{"start":{"line":308,"column":0},"end":{"line":308,"column":54}},"308":{"start":{"line":309,"column":0},"end":{"line":309,"column":45}},"309":{"start":{"line":310,"column":0},"end":{"line":310,"column":4}},"310":{"start":{"line":311,"column":0},"end":{"line":311,"column":60}},"311":{"start":{"line":312,"column":0},"end":{"line":312,"column":28}},"312":{"start":{"line":313,"column":0},"end":{"line":313,"column":50}},"313":{"start":{"line":314,"column":0},"end":{"line":314,"column":65}},"314":{"start":{"line":315,"column":0},"end":{"line":315,"column":74}},"315":{"start":{"line":316,"column":0},"end":{"line":316,"column":55}},"316":{"start":{"line":317,"column":0},"end":{"line":317,"column":45}},"317":{"start":{"line":318,"column":0},"end":{"line":318,"column":11}},"318":{"start":{"line":319,"column":0},"end":{"line":319,"column":5}},"319":{"start":{"line":320,"column":0},"end":{"line":320,"column":14}},"320":{"start":{"line":321,"column":0},"end":{"line":321,"column":1}},"321":{"start":{"line":322,"column":0},"end":{"line":322,"column":0}},"322":{"start":{"line":323,"column":0},"end":{"line":323,"column":28}},"323":{"start":{"line":324,"column":0},"end":{"line":324,"column":20}},"324":{"start":{"line":325,"column":0},"end":{"line":325,"column":26}},"325":{"start":{"line":326,"column":0},"end":{"line":326,"column":44}},"326":{"start":{"line":327,"column":0},"end":{"line":327,"column":33}},"327":{"start":{"line":328,"column":0},"end":{"line":328,"column":38}},"328":{"start":{"line":329,"column":0},"end":{"line":329,"column":17}},"329":{"start":{"line":330,"column":0},"end":{"line":330,"column":33}},"330":{"start":{"line":331,"column":0},"end":{"line":331,"column":34}},"331":{"start":{"line":332,"column":0},"end":{"line":332,"column":10}},"332":{"start":{"line":333,"column":0},"end":{"line":333,"column":17}},"333":{"start":{"line":334,"column":0},"end":{"line":334,"column":53}},"334":{"start":{"line":335,"column":0},"end":{"line":335,"column":9}},"335":{"start":{"line":336,"column":0},"end":{"line":336,"column":6}},"336":{"start":{"line":337,"column":0},"end":{"line":337,"column":4}},"337":{"start":{"line":338,"column":0},"end":{"line":338,"column":45}},"338":{"start":{"line":339,"column":0},"end":{"line":339,"column":70}},"339":{"start":{"line":340,"column":0},"end":{"line":340,"column":45}},"340":{"start":{"line":341,"column":0},"end":{"line":341,"column":1}},"341":{"start":{"line":342,"column":0},"end":{"line":342,"column":0}},"342":{"start":{"line":343,"column":0},"end":{"line":343,"column":29}},"343":{"start":{"line":344,"column":0},"end":{"line":344,"column":43}},"344":{"start":{"line":345,"column":0},"end":{"line":345,"column":21}},"345":{"start":{"line":346,"column":0},"end":{"line":346,"column":73}},"346":{"start":{"line":347,"column":0},"end":{"line":347,"column":43}},"347":{"start":{"line":348,"column":0},"end":{"line":348,"column":110}},"348":{"start":{"line":349,"column":0},"end":{"line":349,"column":11}},"349":{"start":{"line":350,"column":0},"end":{"line":350,"column":71}},"350":{"start":{"line":351,"column":0},"end":{"line":351,"column":61}},"351":{"start":{"line":352,"column":0},"end":{"line":352,"column":66}},"352":{"start":{"line":353,"column":0},"end":{"line":353,"column":11}},"353":{"start":{"line":354,"column":0},"end":{"line":354,"column":67}},"354":{"start":{"line":355,"column":0},"end":{"line":355,"column":51}},"355":{"start":{"line":356,"column":0},"end":{"line":356,"column":85}},"356":{"start":{"line":357,"column":0},"end":{"line":357,"column":79}},"357":{"start":{"line":358,"column":0},"end":{"line":358,"column":11}},"358":{"start":{"line":359,"column":0},"end":{"line":359,"column":98}},"359":{"start":{"line":360,"column":0},"end":{"line":360,"column":67}},"360":{"start":{"line":361,"column":0},"end":{"line":361,"column":84}},"361":{"start":{"line":362,"column":0},"end":{"line":362,"column":11}},"362":{"start":{"line":363,"column":0},"end":{"line":363,"column":76}},"363":{"start":{"line":364,"column":0},"end":{"line":364,"column":57}},"364":{"start":{"line":365,"column":0},"end":{"line":365,"column":65}},"365":{"start":{"line":366,"column":0},"end":{"line":366,"column":11}},"366":{"start":{"line":367,"column":0},"end":{"line":367,"column":72}},"367":{"start":{"line":368,"column":0},"end":{"line":368,"column":60}},"368":{"start":{"line":369,"column":0},"end":{"line":369,"column":61}},"369":{"start":{"line":370,"column":0},"end":{"line":370,"column":11}},"370":{"start":{"line":371,"column":0},"end":{"line":371,"column":92}},"371":{"start":{"line":372,"column":0},"end":{"line":372,"column":65}},"372":{"start":{"line":373,"column":0},"end":{"line":373,"column":65}},"373":{"start":{"line":374,"column":0},"end":{"line":374,"column":17}},"374":{"start":{"line":375,"column":0},"end":{"line":375,"column":4}},"375":{"start":{"line":376,"column":0},"end":{"line":376,"column":72}},"376":{"start":{"line":377,"column":0},"end":{"line":377,"column":21}},"377":{"start":{"line":378,"column":0},"end":{"line":378,"column":1}},"378":{"start":{"line":379,"column":0},"end":{"line":379,"column":0}},"379":{"start":{"line":380,"column":0},"end":{"line":380,"column":70}},"380":{"start":{"line":381,"column":0},"end":{"line":381,"column":19}},"381":{"start":{"line":382,"column":0},"end":{"line":382,"column":70}},"382":{"start":{"line":383,"column":0},"end":{"line":383,"column":0}},"383":{"start":{"line":384,"column":0},"end":{"line":384,"column":34}},"384":{"start":{"line":385,"column":0},"end":{"line":385,"column":11}},"385":{"start":{"line":386,"column":0},"end":{"line":386,"column":42}},"386":{"start":{"line":387,"column":0},"end":{"line":387,"column":39}},"387":{"start":{"line":388,"column":0},"end":{"line":388,"column":37}},"388":{"start":{"line":389,"column":0},"end":{"line":389,"column":55}},"389":{"start":{"line":390,"column":0},"end":{"line":390,"column":69}},"390":{"start":{"line":391,"column":0},"end":{"line":391,"column":89}},"391":{"start":{"line":392,"column":0},"end":{"line":392,"column":8}},"392":{"start":{"line":393,"column":0},"end":{"line":393,"column":48}},"393":{"start":{"line":394,"column":0},"end":{"line":394,"column":100}},"394":{"start":{"line":395,"column":0},"end":{"line":395,"column":57}},"395":{"start":{"line":396,"column":0},"end":{"line":396,"column":19}},"396":{"start":{"line":397,"column":0},"end":{"line":397,"column":9}},"397":{"start":{"line":398,"column":0},"end":{"line":398,"column":8}},"398":{"start":{"line":399,"column":0},"end":{"line":399,"column":26}},"399":{"start":{"line":400,"column":0},"end":{"line":400,"column":47}},"400":{"start":{"line":401,"column":0},"end":{"line":401,"column":65}},"401":{"start":{"line":402,"column":0},"end":{"line":402,"column":8}},"402":{"start":{"line":403,"column":0},"end":{"line":403,"column":78}},"403":{"start":{"line":404,"column":0},"end":{"line":404,"column":65}},"404":{"start":{"line":405,"column":0},"end":{"line":405,"column":27}},"405":{"start":{"line":406,"column":0},"end":{"line":406,"column":16}},"406":{"start":{"line":407,"column":0},"end":{"line":407,"column":98}},"407":{"start":{"line":408,"column":0},"end":{"line":408,"column":46}},"408":{"start":{"line":409,"column":0},"end":{"line":409,"column":9}},"409":{"start":{"line":410,"column":0},"end":{"line":410,"column":5}},"410":{"start":{"line":411,"column":0},"end":{"line":411,"column":3}},"411":{"start":{"line":412,"column":0},"end":{"line":412,"column":0}},"412":{"start":{"line":413,"column":0},"end":{"line":413,"column":70}},"413":{"start":{"line":414,"column":0},"end":{"line":414,"column":22}},"414":{"start":{"line":415,"column":0},"end":{"line":415,"column":70}},"415":{"start":{"line":416,"column":0},"end":{"line":416,"column":0}},"416":{"start":{"line":417,"column":0},"end":{"line":417,"column":36}},"417":{"start":{"line":418,"column":0},"end":{"line":418,"column":30}},"418":{"start":{"line":419,"column":0},"end":{"line":419,"column":31}},"419":{"start":{"line":420,"column":0},"end":{"line":420,"column":23}},"420":{"start":{"line":421,"column":0},"end":{"line":421,"column":23}},"421":{"start":{"line":422,"column":0},"end":{"line":422,"column":24}},"422":{"start":{"line":423,"column":0},"end":{"line":423,"column":22}},"423":{"start":{"line":424,"column":0},"end":{"line":424,"column":24}},"424":{"start":{"line":425,"column":0},"end":{"line":425,"column":0}},"425":{"start":{"line":426,"column":0},"end":{"line":426,"column":70}},"426":{"start":{"line":427,"column":0},"end":{"line":427,"column":19}},"427":{"start":{"line":428,"column":0},"end":{"line":428,"column":70}},"428":{"start":{"line":429,"column":0},"end":{"line":429,"column":0}},"429":{"start":{"line":430,"column":0},"end":{"line":430,"column":20}},"430":{"start":{"line":431,"column":0},"end":{"line":431,"column":19}},"431":{"start":{"line":432,"column":0},"end":{"line":432,"column":58}},"432":{"start":{"line":433,"column":0},"end":{"line":433,"column":67}},"433":{"start":{"line":434,"column":0},"end":{"line":434,"column":5}},"434":{"start":{"line":435,"column":0},"end":{"line":435,"column":4}},"435":{"start":{"line":436,"column":0},"end":{"line":436,"column":27}},"436":{"start":{"line":437,"column":0},"end":{"line":437,"column":52}},"437":{"start":{"line":438,"column":0},"end":{"line":438,"column":25}},"438":{"start":{"line":439,"column":0},"end":{"line":439,"column":26}},"439":{"start":{"line":440,"column":0},"end":{"line":440,"column":28}},"440":{"start":{"line":441,"column":0},"end":{"line":441,"column":42}},"441":{"start":{"line":442,"column":0},"end":{"line":442,"column":36}},"442":{"start":{"line":443,"column":0},"end":{"line":443,"column":10}},"443":{"start":{"line":444,"column":0},"end":{"line":444,"column":8}},"444":{"start":{"line":445,"column":0},"end":{"line":445,"column":88}},"445":{"start":{"line":446,"column":0},"end":{"line":446,"column":90}},"446":{"start":{"line":447,"column":0},"end":{"line":447,"column":85}},"447":{"start":{"line":448,"column":0},"end":{"line":448,"column":8}},"448":{"start":{"line":449,"column":0},"end":{"line":449,"column":65}},"449":{"start":{"line":450,"column":0},"end":{"line":450,"column":5}},"450":{"start":{"line":451,"column":0},"end":{"line":451,"column":4}},"451":{"start":{"line":452,"column":0},"end":{"line":452,"column":24}},"452":{"start":{"line":453,"column":0},"end":{"line":453,"column":13}},"453":{"start":{"line":454,"column":0},"end":{"line":454,"column":43}},"454":{"start":{"line":455,"column":0},"end":{"line":455,"column":37}},"455":{"start":{"line":456,"column":0},"end":{"line":456,"column":71}},"456":{"start":{"line":457,"column":0},"end":{"line":457,"column":13}},"457":{"start":{"line":458,"column":0},"end":{"line":458,"column":12}},"458":{"start":{"line":459,"column":0},"end":{"line":459,"column":69}},"459":{"start":{"line":460,"column":0},"end":{"line":460,"column":97}},"460":{"start":{"line":461,"column":0},"end":{"line":461,"column":12}},"461":{"start":{"line":462,"column":0},"end":{"line":462,"column":50}},"462":{"start":{"line":463,"column":0},"end":{"line":463,"column":68}},"463":{"start":{"line":464,"column":0},"end":{"line":464,"column":13}},"464":{"start":{"line":465,"column":0},"end":{"line":465,"column":12}},"465":{"start":{"line":466,"column":0},"end":{"line":466,"column":92}},"466":{"start":{"line":467,"column":0},"end":{"line":467,"column":12}},"467":{"start":{"line":468,"column":0},"end":{"line":468,"column":43}},"468":{"start":{"line":469,"column":0},"end":{"line":469,"column":79}},"469":{"start":{"line":470,"column":0},"end":{"line":470,"column":13}},"470":{"start":{"line":471,"column":0},"end":{"line":471,"column":12}},"471":{"start":{"line":472,"column":0},"end":{"line":472,"column":67}},"472":{"start":{"line":473,"column":0},"end":{"line":473,"column":25}},"473":{"start":{"line":474,"column":0},"end":{"line":474,"column":60}},"474":{"start":{"line":475,"column":0},"end":{"line":475,"column":9}},"475":{"start":{"line":476,"column":0},"end":{"line":476,"column":5}},"476":{"start":{"line":477,"column":0},"end":{"line":477,"column":4}},"477":{"start":{"line":478,"column":0},"end":{"line":478,"column":25}},"478":{"start":{"line":479,"column":0},"end":{"line":479,"column":53}},"479":{"start":{"line":480,"column":0},"end":{"line":480,"column":34}},"480":{"start":{"line":481,"column":0},"end":{"line":481,"column":49}},"481":{"start":{"line":482,"column":0},"end":{"line":482,"column":9}},"482":{"start":{"line":483,"column":0},"end":{"line":483,"column":8}},"483":{"start":{"line":484,"column":0},"end":{"line":484,"column":66}},"484":{"start":{"line":485,"column":0},"end":{"line":485,"column":5}},"485":{"start":{"line":486,"column":0},"end":{"line":486,"column":4}},"486":{"start":{"line":487,"column":0},"end":{"line":487,"column":27}},"487":{"start":{"line":488,"column":0},"end":{"line":488,"column":21}},"488":{"start":{"line":489,"column":0},"end":{"line":489,"column":46}},"489":{"start":{"line":490,"column":0},"end":{"line":490,"column":25}},"490":{"start":{"line":491,"column":0},"end":{"line":491,"column":33}},"491":{"start":{"line":492,"column":0},"end":{"line":492,"column":5}},"492":{"start":{"line":493,"column":0},"end":{"line":493,"column":1}},"493":{"start":{"line":494,"column":0},"end":{"line":494,"column":0}},"494":{"start":{"line":495,"column":0},"end":{"line":495,"column":40}},"495":{"start":{"line":496,"column":0},"end":{"line":496,"column":0}},"496":{"start":{"line":497,"column":0},"end":{"line":497,"column":70}},"497":{"start":{"line":498,"column":0},"end":{"line":498,"column":16}},"498":{"start":{"line":499,"column":0},"end":{"line":499,"column":70}},"499":{"start":{"line":500,"column":0},"end":{"line":500,"column":0}},"500":{"start":{"line":501,"column":0},"end":{"line":501,"column":44}},"501":{"start":{"line":502,"column":0},"end":{"line":502,"column":35}},"502":{"start":{"line":503,"column":0},"end":{"line":503,"column":0}},"503":{"start":{"line":504,"column":0},"end":{"line":504,"column":35}},"504":{"start":{"line":505,"column":0},"end":{"line":505,"column":27}},"505":{"start":{"line":506,"column":0},"end":{"line":506,"column":46}},"506":{"start":{"line":507,"column":0},"end":{"line":507,"column":4}},"507":{"start":{"line":508,"column":0},"end":{"line":508,"column":66}},"508":{"start":{"line":509,"column":0},"end":{"line":509,"column":67}},"509":{"start":{"line":510,"column":0},"end":{"line":510,"column":73}},"510":{"start":{"line":511,"column":0},"end":{"line":511,"column":5}},"511":{"start":{"line":512,"column":0},"end":{"line":512,"column":4}},"512":{"start":{"line":513,"column":0},"end":{"line":513,"column":50}},"513":{"start":{"line":514,"column":0},"end":{"line":514,"column":72}},"514":{"start":{"line":515,"column":0},"end":{"line":515,"column":46}},"515":{"start":{"line":516,"column":0},"end":{"line":516,"column":5}},"516":{"start":{"line":517,"column":0},"end":{"line":517,"column":4}},"517":{"start":{"line":518,"column":0},"end":{"line":518,"column":19}},"518":{"start":{"line":519,"column":0},"end":{"line":519,"column":39}},"519":{"start":{"line":520,"column":0},"end":{"line":520,"column":80}},"520":{"start":{"line":521,"column":0},"end":{"line":521,"column":1}},"521":{"start":{"line":522,"column":0},"end":{"line":522,"column":0}},"522":{"start":{"line":523,"column":0},"end":{"line":523,"column":34}},"523":{"start":{"line":524,"column":0},"end":{"line":524,"column":19}},"524":{"start":{"line":525,"column":0},"end":{"line":525,"column":27}},"525":{"start":{"line":526,"column":0},"end":{"line":526,"column":57}},"526":{"start":{"line":527,"column":0},"end":{"line":527,"column":59}},"527":{"start":{"line":528,"column":0},"end":{"line":528,"column":37}},"528":{"start":{"line":529,"column":0},"end":{"line":529,"column":9}},"529":{"start":{"line":530,"column":0},"end":{"line":530,"column":5}},"530":{"start":{"line":531,"column":0},"end":{"line":531,"column":22}},"531":{"start":{"line":532,"column":0},"end":{"line":532,"column":0}},"532":{"start":{"line":533,"column":0},"end":{"line":533,"column":70}},"533":{"start":{"line":534,"column":0},"end":{"line":534,"column":20}},"534":{"start":{"line":535,"column":0},"end":{"line":535,"column":70}},"535":{"start":{"line":536,"column":0},"end":{"line":536,"column":0}},"536":{"start":{"line":537,"column":0},"end":{"line":537,"column":28}},"537":{"start":{"line":538,"column":0},"end":{"line":538,"column":63}},"538":{"start":{"line":539,"column":0},"end":{"line":539,"column":72}},"539":{"start":{"line":540,"column":0},"end":{"line":540,"column":4}},"540":{"start":{"line":541,"column":0},"end":{"line":541,"column":31}},"541":{"start":{"line":542,"column":0},"end":{"line":542,"column":36}},"542":{"start":{"line":543,"column":0},"end":{"line":543,"column":4}},"543":{"start":{"line":544,"column":0},"end":{"line":544,"column":58}},"544":{"start":{"line":545,"column":0},"end":{"line":545,"column":25}},"545":{"start":{"line":546,"column":0},"end":{"line":546,"column":92}},"546":{"start":{"line":547,"column":0},"end":{"line":547,"column":8}},"547":{"start":{"line":548,"column":0},"end":{"line":548,"column":37}},"548":{"start":{"line":549,"column":0},"end":{"line":549,"column":27}},"549":{"start":{"line":550,"column":0},"end":{"line":550,"column":58}},"550":{"start":{"line":551,"column":0},"end":{"line":551,"column":46}},"551":{"start":{"line":552,"column":0},"end":{"line":552,"column":42}},"552":{"start":{"line":553,"column":0},"end":{"line":553,"column":13}},"553":{"start":{"line":554,"column":0},"end":{"line":554,"column":18}},"554":{"start":{"line":555,"column":0},"end":{"line":555,"column":7}},"555":{"start":{"line":556,"column":0},"end":{"line":556,"column":4}},"556":{"start":{"line":557,"column":0},"end":{"line":557,"column":39}},"557":{"start":{"line":558,"column":0},"end":{"line":558,"column":26}},"558":{"start":{"line":559,"column":0},"end":{"line":559,"column":72}},"559":{"start":{"line":560,"column":0},"end":{"line":560,"column":8}},"560":{"start":{"line":561,"column":0},"end":{"line":561,"column":36}},"561":{"start":{"line":562,"column":0},"end":{"line":562,"column":42}},"562":{"start":{"line":563,"column":0},"end":{"line":563,"column":7}},"563":{"start":{"line":564,"column":0},"end":{"line":564,"column":4}},"564":{"start":{"line":565,"column":0},"end":{"line":565,"column":36}},"565":{"start":{"line":566,"column":0},"end":{"line":566,"column":26}},"566":{"start":{"line":567,"column":0},"end":{"line":567,"column":48}},"567":{"start":{"line":568,"column":0},"end":{"line":568,"column":7}},"568":{"start":{"line":569,"column":0},"end":{"line":569,"column":4}},"569":{"start":{"line":570,"column":0},"end":{"line":570,"column":39}},"570":{"start":{"line":571,"column":0},"end":{"line":571,"column":56}},"571":{"start":{"line":572,"column":0},"end":{"line":572,"column":33}},"572":{"start":{"line":573,"column":0},"end":{"line":573,"column":77}},"573":{"start":{"line":574,"column":0},"end":{"line":574,"column":11}},"574":{"start":{"line":575,"column":0},"end":{"line":575,"column":7}},"575":{"start":{"line":576,"column":0},"end":{"line":576,"column":1}},"576":{"start":{"line":577,"column":0},"end":{"line":577,"column":0}},"577":{"start":{"line":578,"column":0},"end":{"line":578,"column":70}},"578":{"start":{"line":579,"column":0},"end":{"line":579,"column":29}},"579":{"start":{"line":580,"column":0},"end":{"line":580,"column":70}},"580":{"start":{"line":581,"column":0},"end":{"line":581,"column":0}},"581":{"start":{"line":582,"column":0},"end":{"line":582,"column":35}},"582":{"start":{"line":583,"column":0},"end":{"line":583,"column":46}},"583":{"start":{"line":584,"column":0},"end":{"line":584,"column":45}},"584":{"start":{"line":585,"column":0},"end":{"line":585,"column":4}},"585":{"start":{"line":586,"column":0},"end":{"line":586,"column":72}},"586":{"start":{"line":587,"column":0},"end":{"line":587,"column":4}},"587":{"start":{"line":588,"column":0},"end":{"line":588,"column":24}},"588":{"start":{"line":589,"column":0},"end":{"line":589,"column":21}},"589":{"start":{"line":590,"column":0},"end":{"line":590,"column":27}},"590":{"start":{"line":591,"column":0},"end":{"line":591,"column":32}},"591":{"start":{"line":592,"column":0},"end":{"line":592,"column":34}},"592":{"start":{"line":593,"column":0},"end":{"line":593,"column":4}},"593":{"start":{"line":594,"column":0},"end":{"line":594,"column":23}},"594":{"start":{"line":595,"column":0},"end":{"line":595,"column":35}},"595":{"start":{"line":596,"column":0},"end":{"line":596,"column":11}},"596":{"start":{"line":597,"column":0},"end":{"line":597,"column":17}},"597":{"start":{"line":598,"column":0},"end":{"line":598,"column":17}},"598":{"start":{"line":599,"column":0},"end":{"line":599,"column":31}},"599":{"start":{"line":600,"column":0},"end":{"line":600,"column":7}},"600":{"start":{"line":601,"column":0},"end":{"line":601,"column":4}},"601":{"start":{"line":602,"column":0},"end":{"line":602,"column":25}},"602":{"start":{"line":603,"column":0},"end":{"line":603,"column":38}},"603":{"start":{"line":604,"column":0},"end":{"line":604,"column":31}},"604":{"start":{"line":605,"column":0},"end":{"line":605,"column":54}},"605":{"start":{"line":606,"column":0},"end":{"line":606,"column":9}},"606":{"start":{"line":607,"column":0},"end":{"line":607,"column":54}},"607":{"start":{"line":608,"column":0},"end":{"line":608,"column":4}},"608":{"start":{"line":609,"column":0},"end":{"line":609,"column":41}},"609":{"start":{"line":610,"column":0},"end":{"line":610,"column":34}},"610":{"start":{"line":611,"column":0},"end":{"line":611,"column":8}},"611":{"start":{"line":612,"column":0},"end":{"line":612,"column":27}},"612":{"start":{"line":613,"column":0},"end":{"line":613,"column":60}},"613":{"start":{"line":614,"column":0},"end":{"line":614,"column":33}},"614":{"start":{"line":615,"column":0},"end":{"line":615,"column":36}},"615":{"start":{"line":616,"column":0},"end":{"line":616,"column":30}},"616":{"start":{"line":617,"column":0},"end":{"line":617,"column":66}},"617":{"start":{"line":618,"column":0},"end":{"line":618,"column":48}},"618":{"start":{"line":619,"column":0},"end":{"line":619,"column":16}},"619":{"start":{"line":620,"column":0},"end":{"line":620,"column":19}},"620":{"start":{"line":621,"column":0},"end":{"line":621,"column":9}},"621":{"start":{"line":622,"column":0},"end":{"line":622,"column":8}},"622":{"start":{"line":623,"column":0},"end":{"line":623,"column":13}},"623":{"start":{"line":624,"column":0},"end":{"line":624,"column":56}},"624":{"start":{"line":625,"column":0},"end":{"line":625,"column":86}},"625":{"start":{"line":626,"column":0},"end":{"line":626,"column":12}},"626":{"start":{"line":627,"column":0},"end":{"line":627,"column":45}},"627":{"start":{"line":628,"column":0},"end":{"line":628,"column":57}},"628":{"start":{"line":629,"column":0},"end":{"line":629,"column":62}},"629":{"start":{"line":630,"column":0},"end":{"line":630,"column":94}},"630":{"start":{"line":631,"column":0},"end":{"line":631,"column":53}},"631":{"start":{"line":632,"column":0},"end":{"line":632,"column":28}},"632":{"start":{"line":633,"column":0},"end":{"line":633,"column":15}},"633":{"start":{"line":634,"column":0},"end":{"line":634,"column":25}},"634":{"start":{"line":635,"column":0},"end":{"line":635,"column":89}},"635":{"start":{"line":636,"column":0},"end":{"line":636,"column":36}},"636":{"start":{"line":637,"column":0},"end":{"line":637,"column":30}},"637":{"start":{"line":638,"column":0},"end":{"line":638,"column":49}},"638":{"start":{"line":639,"column":0},"end":{"line":639,"column":16}},"639":{"start":{"line":640,"column":0},"end":{"line":640,"column":9}},"640":{"start":{"line":641,"column":0},"end":{"line":641,"column":7}},"641":{"start":{"line":642,"column":0},"end":{"line":642,"column":4}},"642":{"start":{"line":643,"column":0},"end":{"line":643,"column":26}},"643":{"start":{"line":644,"column":0},"end":{"line":644,"column":30}},"644":{"start":{"line":645,"column":0},"end":{"line":645,"column":97}},"645":{"start":{"line":646,"column":0},"end":{"line":646,"column":41}},"646":{"start":{"line":647,"column":0},"end":{"line":647,"column":8}},"647":{"start":{"line":648,"column":0},"end":{"line":648,"column":20}},"648":{"start":{"line":649,"column":0},"end":{"line":649,"column":45}},"649":{"start":{"line":650,"column":0},"end":{"line":650,"column":9}},"650":{"start":{"line":651,"column":0},"end":{"line":651,"column":8}},"651":{"start":{"line":652,"column":0},"end":{"line":652,"column":79}},"652":{"start":{"line":653,"column":0},"end":{"line":653,"column":7}},"653":{"start":{"line":654,"column":0},"end":{"line":654,"column":4}},"654":{"start":{"line":655,"column":0},"end":{"line":655,"column":31}},"655":{"start":{"line":656,"column":0},"end":{"line":656,"column":76}},"656":{"start":{"line":657,"column":0},"end":{"line":657,"column":7}},"657":{"start":{"line":658,"column":0},"end":{"line":658,"column":3}},"658":{"start":{"line":659,"column":0},"end":{"line":659,"column":0}},"659":{"start":{"line":660,"column":0},"end":{"line":660,"column":70}},"660":{"start":{"line":661,"column":0},"end":{"line":661,"column":18}},"661":{"start":{"line":662,"column":0},"end":{"line":662,"column":70}},"662":{"start":{"line":663,"column":0},"end":{"line":663,"column":0}},"663":{"start":{"line":664,"column":0},"end":{"line":664,"column":61}},"664":{"start":{"line":665,"column":0},"end":{"line":665,"column":100}},"665":{"start":{"line":666,"column":0},"end":{"line":666,"column":4}},"666":{"start":{"line":667,"column":0},"end":{"line":667,"column":24}},"667":{"start":{"line":668,"column":0},"end":{"line":668,"column":24}},"668":{"start":{"line":669,"column":0},"end":{"line":669,"column":101}},"669":{"start":{"line":670,"column":0},"end":{"line":670,"column":52}},"670":{"start":{"line":671,"column":0},"end":{"line":671,"column":114}},"671":{"start":{"line":672,"column":0},"end":{"line":672,"column":20}},"672":{"start":{"line":673,"column":0},"end":{"line":673,"column":52}},"673":{"start":{"line":674,"column":0},"end":{"line":674,"column":112}},"674":{"start":{"line":675,"column":0},"end":{"line":675,"column":13}},"675":{"start":{"line":676,"column":0},"end":{"line":676,"column":18}},"676":{"start":{"line":677,"column":0},"end":{"line":677,"column":12}},"677":{"start":{"line":678,"column":0},"end":{"line":678,"column":21}},"678":{"start":{"line":679,"column":0},"end":{"line":679,"column":95}},"679":{"start":{"line":680,"column":0},"end":{"line":680,"column":12}},"680":{"start":{"line":681,"column":0},"end":{"line":681,"column":59}},"681":{"start":{"line":682,"column":0},"end":{"line":682,"column":73}},"682":{"start":{"line":683,"column":0},"end":{"line":683,"column":55}},"683":{"start":{"line":684,"column":0},"end":{"line":684,"column":40}},"684":{"start":{"line":685,"column":0},"end":{"line":685,"column":36}},"685":{"start":{"line":686,"column":0},"end":{"line":686,"column":49}},"686":{"start":{"line":687,"column":0},"end":{"line":687,"column":36}},"687":{"start":{"line":688,"column":0},"end":{"line":688,"column":75}},"688":{"start":{"line":689,"column":0},"end":{"line":689,"column":20}},"689":{"start":{"line":690,"column":0},"end":{"line":690,"column":20}},"690":{"start":{"line":691,"column":0},"end":{"line":691,"column":40}},"691":{"start":{"line":692,"column":0},"end":{"line":692,"column":34}},"692":{"start":{"line":693,"column":0},"end":{"line":693,"column":59}},"693":{"start":{"line":694,"column":0},"end":{"line":694,"column":20}},"694":{"start":{"line":695,"column":0},"end":{"line":695,"column":13}},"695":{"start":{"line":696,"column":0},"end":{"line":696,"column":18}},"696":{"start":{"line":697,"column":0},"end":{"line":697,"column":12}},"697":{"start":{"line":698,"column":0},"end":{"line":698,"column":27}},"698":{"start":{"line":699,"column":0},"end":{"line":699,"column":35}},"699":{"start":{"line":700,"column":0},"end":{"line":700,"column":95}},"700":{"start":{"line":701,"column":0},"end":{"line":701,"column":23}},"701":{"start":{"line":702,"column":0},"end":{"line":702,"column":13}},"702":{"start":{"line":703,"column":0},"end":{"line":703,"column":81}},"703":{"start":{"line":704,"column":0},"end":{"line":704,"column":83}},"704":{"start":{"line":705,"column":0},"end":{"line":705,"column":18}},"705":{"start":{"line":706,"column":0},"end":{"line":706,"column":12}},"706":{"start":{"line":707,"column":0},"end":{"line":707,"column":25}},"707":{"start":{"line":708,"column":0},"end":{"line":708,"column":35}},"708":{"start":{"line":709,"column":0},"end":{"line":709,"column":95}},"709":{"start":{"line":710,"column":0},"end":{"line":710,"column":23}},"710":{"start":{"line":711,"column":0},"end":{"line":711,"column":13}},"711":{"start":{"line":712,"column":0},"end":{"line":712,"column":30}},"712":{"start":{"line":713,"column":0},"end":{"line":713,"column":45}},"713":{"start":{"line":714,"column":0},"end":{"line":714,"column":13}},"714":{"start":{"line":715,"column":0},"end":{"line":715,"column":36}},"715":{"start":{"line":716,"column":0},"end":{"line":716,"column":77}},"716":{"start":{"line":717,"column":0},"end":{"line":717,"column":94}},"717":{"start":{"line":718,"column":0},"end":{"line":718,"column":18}},"718":{"start":{"line":719,"column":0},"end":{"line":719,"column":12}},"719":{"start":{"line":720,"column":0},"end":{"line":720,"column":23}},"720":{"start":{"line":721,"column":0},"end":{"line":721,"column":35}},"721":{"start":{"line":722,"column":0},"end":{"line":722,"column":95}},"722":{"start":{"line":723,"column":0},"end":{"line":723,"column":23}},"723":{"start":{"line":724,"column":0},"end":{"line":724,"column":13}},"724":{"start":{"line":725,"column":0},"end":{"line":725,"column":31}},"725":{"start":{"line":726,"column":0},"end":{"line":726,"column":89}},"726":{"start":{"line":727,"column":0},"end":{"line":727,"column":23}},"727":{"start":{"line":728,"column":0},"end":{"line":728,"column":13}},"728":{"start":{"line":729,"column":0},"end":{"line":729,"column":50}},"729":{"start":{"line":730,"column":0},"end":{"line":730,"column":18}},"730":{"start":{"line":731,"column":0},"end":{"line":731,"column":12}},"731":{"start":{"line":732,"column":0},"end":{"line":732,"column":23}},"732":{"start":{"line":733,"column":0},"end":{"line":733,"column":35}},"733":{"start":{"line":734,"column":0},"end":{"line":734,"column":95}},"734":{"start":{"line":735,"column":0},"end":{"line":735,"column":23}},"735":{"start":{"line":736,"column":0},"end":{"line":736,"column":13}},"736":{"start":{"line":737,"column":0},"end":{"line":737,"column":71}},"737":{"start":{"line":738,"column":0},"end":{"line":738,"column":90}},"738":{"start":{"line":739,"column":0},"end":{"line":739,"column":18}},"739":{"start":{"line":740,"column":0},"end":{"line":740,"column":12}},"740":{"start":{"line":741,"column":0},"end":{"line":741,"column":25}},"741":{"start":{"line":742,"column":0},"end":{"line":742,"column":35}},"742":{"start":{"line":743,"column":0},"end":{"line":743,"column":95}},"743":{"start":{"line":744,"column":0},"end":{"line":744,"column":23}},"744":{"start":{"line":745,"column":0},"end":{"line":745,"column":13}},"745":{"start":{"line":746,"column":0},"end":{"line":746,"column":55}},"746":{"start":{"line":747,"column":0},"end":{"line":747,"column":85}},"747":{"start":{"line":748,"column":0},"end":{"line":748,"column":18}},"748":{"start":{"line":749,"column":0},"end":{"line":749,"column":12}},"749":{"start":{"line":750,"column":0},"end":{"line":750,"column":25}},"750":{"start":{"line":751,"column":0},"end":{"line":751,"column":35}},"751":{"start":{"line":752,"column":0},"end":{"line":752,"column":95}},"752":{"start":{"line":753,"column":0},"end":{"line":753,"column":23}},"753":{"start":{"line":754,"column":0},"end":{"line":754,"column":13}},"754":{"start":{"line":755,"column":0},"end":{"line":755,"column":55}},"755":{"start":{"line":756,"column":0},"end":{"line":756,"column":85}},"756":{"start":{"line":757,"column":0},"end":{"line":757,"column":18}},"757":{"start":{"line":758,"column":0},"end":{"line":758,"column":12}},"758":{"start":{"line":759,"column":0},"end":{"line":759,"column":22}},"759":{"start":{"line":760,"column":0},"end":{"line":760,"column":24}},"760":{"start":{"line":761,"column":0},"end":{"line":761,"column":46}},"761":{"start":{"line":762,"column":0},"end":{"line":762,"column":13}},"762":{"start":{"line":763,"column":0},"end":{"line":763,"column":39}},"763":{"start":{"line":764,"column":0},"end":{"line":764,"column":26}},"764":{"start":{"line":765,"column":0},"end":{"line":765,"column":79}},"765":{"start":{"line":766,"column":0},"end":{"line":766,"column":18}},"766":{"start":{"line":767,"column":0},"end":{"line":767,"column":12}},"767":{"start":{"line":768,"column":0},"end":{"line":768,"column":29}},"768":{"start":{"line":769,"column":0},"end":{"line":769,"column":25}},"769":{"start":{"line":770,"column":0},"end":{"line":770,"column":89}},"770":{"start":{"line":771,"column":0},"end":{"line":771,"column":23}},"771":{"start":{"line":772,"column":0},"end":{"line":772,"column":13}},"772":{"start":{"line":773,"column":0},"end":{"line":773,"column":63}},"773":{"start":{"line":774,"column":0},"end":{"line":774,"column":34}},"774":{"start":{"line":775,"column":0},"end":{"line":775,"column":85}},"775":{"start":{"line":776,"column":0},"end":{"line":776,"column":20}},"776":{"start":{"line":777,"column":0},"end":{"line":777,"column":40}},"777":{"start":{"line":778,"column":0},"end":{"line":778,"column":42}},"778":{"start":{"line":779,"column":0},"end":{"line":779,"column":43}},"779":{"start":{"line":780,"column":0},"end":{"line":780,"column":75}},"780":{"start":{"line":781,"column":0},"end":{"line":781,"column":20}},"781":{"start":{"line":782,"column":0},"end":{"line":782,"column":13}},"782":{"start":{"line":783,"column":0},"end":{"line":783,"column":18}},"783":{"start":{"line":784,"column":0},"end":{"line":784,"column":12}},"784":{"start":{"line":785,"column":0},"end":{"line":785,"column":20}},"785":{"start":{"line":786,"column":0},"end":{"line":786,"column":77}},"786":{"start":{"line":787,"column":0},"end":{"line":787,"column":18}},"787":{"start":{"line":788,"column":0},"end":{"line":788,"column":12}},"788":{"start":{"line":789,"column":0},"end":{"line":789,"column":16}},"789":{"start":{"line":790,"column":0},"end":{"line":790,"column":88}},"790":{"start":{"line":791,"column":0},"end":{"line":791,"column":5}},"791":{"start":{"line":792,"column":0},"end":{"line":792,"column":1}},"792":{"start":{"line":793,"column":0},"end":{"line":793,"column":0}},"793":{"start":{"line":794,"column":0},"end":{"line":794,"column":70}},"794":{"start":{"line":795,"column":0},"end":{"line":795,"column":23}},"795":{"start":{"line":796,"column":0},"end":{"line":796,"column":70}},"796":{"start":{"line":797,"column":0},"end":{"line":797,"column":0}},"797":{"start":{"line":798,"column":0},"end":{"line":798,"column":32}},"798":{"start":{"line":799,"column":0},"end":{"line":799,"column":37}},"799":{"start":{"line":800,"column":0},"end":{"line":800,"column":42}},"800":{"start":{"line":801,"column":0},"end":{"line":801,"column":61}},"801":{"start":{"line":802,"column":0},"end":{"line":802,"column":19}},"802":{"start":{"line":803,"column":0},"end":{"line":803,"column":9}},"803":{"start":{"line":804,"column":0},"end":{"line":804,"column":8}},"804":{"start":{"line":805,"column":0},"end":{"line":805,"column":43}},"805":{"start":{"line":806,"column":0},"end":{"line":806,"column":65}},"806":{"start":{"line":807,"column":0},"end":{"line":807,"column":37}},"807":{"start":{"line":808,"column":0},"end":{"line":808,"column":10}},"808":{"start":{"line":809,"column":0},"end":{"line":809,"column":8}},"809":{"start":{"line":810,"column":0},"end":{"line":810,"column":51}},"810":{"start":{"line":811,"column":0},"end":{"line":811,"column":43}},"811":{"start":{"line":812,"column":0},"end":{"line":812,"column":8}},"812":{"start":{"line":813,"column":0},"end":{"line":813,"column":34}},"813":{"start":{"line":814,"column":0},"end":{"line":814,"column":26}},"814":{"start":{"line":815,"column":0},"end":{"line":815,"column":65}},"815":{"start":{"line":816,"column":0},"end":{"line":816,"column":46}},"816":{"start":{"line":817,"column":0},"end":{"line":817,"column":17}},"817":{"start":{"line":818,"column":0},"end":{"line":818,"column":7}},"818":{"start":{"line":819,"column":0},"end":{"line":819,"column":1}},"819":{"start":{"line":820,"column":0},"end":{"line":820,"column":0}},"820":{"start":{"line":821,"column":0},"end":{"line":821,"column":70}},"821":{"start":{"line":822,"column":0},"end":{"line":822,"column":19}},"822":{"start":{"line":823,"column":0},"end":{"line":823,"column":70}},"823":{"start":{"line":824,"column":0},"end":{"line":824,"column":0}},"824":{"start":{"line":825,"column":0},"end":{"line":825,"column":30}},"825":{"start":{"line":826,"column":0},"end":{"line":826,"column":46}},"826":{"start":{"line":827,"column":0},"end":{"line":827,"column":24}},"827":{"start":{"line":828,"column":0},"end":{"line":828,"column":4}},"828":{"start":{"line":829,"column":0},"end":{"line":829,"column":31}},"829":{"start":{"line":830,"column":0},"end":{"line":830,"column":36}},"830":{"start":{"line":831,"column":0},"end":{"line":831,"column":31}},"831":{"start":{"line":832,"column":0},"end":{"line":832,"column":8}},"832":{"start":{"line":833,"column":0},"end":{"line":833,"column":43}},"833":{"start":{"line":834,"column":0},"end":{"line":834,"column":43}},"834":{"start":{"line":835,"column":0},"end":{"line":835,"column":65}},"835":{"start":{"line":836,"column":0},"end":{"line":836,"column":24}},"836":{"start":{"line":837,"column":0},"end":{"line":837,"column":31}},"837":{"start":{"line":838,"column":0},"end":{"line":838,"column":36}},"838":{"start":{"line":839,"column":0},"end":{"line":839,"column":37}},"839":{"start":{"line":840,"column":0},"end":{"line":840,"column":38}},"840":{"start":{"line":841,"column":0},"end":{"line":841,"column":35}},"841":{"start":{"line":842,"column":0},"end":{"line":842,"column":19}},"842":{"start":{"line":843,"column":0},"end":{"line":843,"column":25}},"843":{"start":{"line":844,"column":0},"end":{"line":844,"column":13}},"844":{"start":{"line":845,"column":0},"end":{"line":845,"column":9}},"845":{"start":{"line":846,"column":0},"end":{"line":846,"column":8}},"846":{"start":{"line":847,"column":0},"end":{"line":847,"column":54}},"847":{"start":{"line":848,"column":0},"end":{"line":848,"column":66}},"848":{"start":{"line":849,"column":0},"end":{"line":849,"column":27}},"849":{"start":{"line":850,"column":0},"end":{"line":850,"column":32}},"850":{"start":{"line":851,"column":0},"end":{"line":851,"column":31}},"851":{"start":{"line":852,"column":0},"end":{"line":852,"column":33}},"852":{"start":{"line":853,"column":0},"end":{"line":853,"column":33}},"853":{"start":{"line":854,"column":0},"end":{"line":854,"column":15}},"854":{"start":{"line":855,"column":0},"end":{"line":855,"column":21}},"855":{"start":{"line":856,"column":0},"end":{"line":856,"column":9}},"856":{"start":{"line":857,"column":0},"end":{"line":857,"column":8}},"857":{"start":{"line":858,"column":0},"end":{"line":858,"column":47}},"858":{"start":{"line":859,"column":0},"end":{"line":859,"column":73}},"859":{"start":{"line":860,"column":0},"end":{"line":860,"column":21}},"860":{"start":{"line":861,"column":0},"end":{"line":861,"column":9}},"861":{"start":{"line":862,"column":0},"end":{"line":862,"column":8}},"862":{"start":{"line":863,"column":0},"end":{"line":863,"column":46}},"863":{"start":{"line":864,"column":0},"end":{"line":864,"column":65}},"864":{"start":{"line":865,"column":0},"end":{"line":865,"column":21}},"865":{"start":{"line":866,"column":0},"end":{"line":866,"column":9}},"866":{"start":{"line":867,"column":0},"end":{"line":867,"column":8}},"867":{"start":{"line":868,"column":0},"end":{"line":868,"column":41}},"868":{"start":{"line":869,"column":0},"end":{"line":869,"column":86}},"869":{"start":{"line":870,"column":0},"end":{"line":870,"column":21}},"870":{"start":{"line":871,"column":0},"end":{"line":871,"column":9}},"871":{"start":{"line":872,"column":0},"end":{"line":872,"column":5}},"872":{"start":{"line":873,"column":0},"end":{"line":873,"column":4}},"873":{"start":{"line":874,"column":0},"end":{"line":874,"column":20}},"874":{"start":{"line":875,"column":0},"end":{"line":875,"column":1}},"875":{"start":{"line":876,"column":0},"end":{"line":876,"column":0}},"876":{"start":{"line":877,"column":0},"end":{"line":877,"column":31}},"877":{"start":{"line":878,"column":0},"end":{"line":878,"column":21}},"878":{"start":{"line":879,"column":0},"end":{"line":879,"column":35}},"879":{"start":{"line":880,"column":0},"end":{"line":880,"column":31}},"880":{"start":{"line":881,"column":0},"end":{"line":881,"column":54}},"881":{"start":{"line":882,"column":0},"end":{"line":882,"column":35}},"882":{"start":{"line":883,"column":0},"end":{"line":883,"column":5}},"883":{"start":{"line":884,"column":0},"end":{"line":884,"column":17}},"884":{"start":{"line":885,"column":0},"end":{"line":885,"column":1}},"885":{"start":{"line":886,"column":0},"end":{"line":886,"column":0}},"886":{"start":{"line":887,"column":0},"end":{"line":887,"column":31}},"887":{"start":{"line":888,"column":0},"end":{"line":888,"column":21}},"888":{"start":{"line":889,"column":0},"end":{"line":889,"column":59}},"889":{"start":{"line":890,"column":0},"end":{"line":890,"column":16}},"890":{"start":{"line":891,"column":0},"end":{"line":891,"column":46}},"891":{"start":{"line":892,"column":0},"end":{"line":892,"column":38}},"892":{"start":{"line":893,"column":0},"end":{"line":893,"column":60}},"893":{"start":{"line":894,"column":0},"end":{"line":894,"column":49}},"894":{"start":{"line":895,"column":0},"end":{"line":895,"column":9}},"895":{"start":{"line":896,"column":0},"end":{"line":896,"column":5}},"896":{"start":{"line":897,"column":0},"end":{"line":897,"column":17}},"897":{"start":{"line":898,"column":0},"end":{"line":898,"column":1}},"898":{"start":{"line":899,"column":0},"end":{"line":899,"column":0}},"899":{"start":{"line":900,"column":0},"end":{"line":900,"column":70}},"900":{"start":{"line":901,"column":0},"end":{"line":901,"column":20}},"901":{"start":{"line":902,"column":0},"end":{"line":902,"column":70}},"902":{"start":{"line":903,"column":0},"end":{"line":903,"column":0}},"903":{"start":{"line":904,"column":0},"end":{"line":904,"column":33}},"904":{"start":{"line":905,"column":0},"end":{"line":905,"column":56}},"905":{"start":{"line":906,"column":0},"end":{"line":906,"column":4}},"906":{"start":{"line":907,"column":0},"end":{"line":907,"column":38}},"907":{"start":{"line":908,"column":0},"end":{"line":908,"column":37}},"908":{"start":{"line":909,"column":0},"end":{"line":909,"column":51}},"909":{"start":{"line":910,"column":0},"end":{"line":910,"column":7}},"910":{"start":{"line":911,"column":0},"end":{"line":911,"column":4}},"911":{"start":{"line":912,"column":0},"end":{"line":912,"column":30}},"912":{"start":{"line":913,"column":0},"end":{"line":913,"column":23}},"913":{"start":{"line":914,"column":0},"end":{"line":914,"column":27}},"914":{"start":{"line":915,"column":0},"end":{"line":915,"column":5}},"915":{"start":{"line":916,"column":0},"end":{"line":916,"column":4}},"916":{"start":{"line":917,"column":0},"end":{"line":917,"column":24}},"917":{"start":{"line":918,"column":0},"end":{"line":918,"column":24}},"918":{"start":{"line":919,"column":0},"end":{"line":919,"column":51}},"919":{"start":{"line":920,"column":0},"end":{"line":920,"column":24}},"920":{"start":{"line":921,"column":0},"end":{"line":921,"column":7}},"921":{"start":{"line":922,"column":0},"end":{"line":922,"column":4}},"922":{"start":{"line":923,"column":0},"end":{"line":923,"column":34}},"923":{"start":{"line":924,"column":0},"end":{"line":924,"column":22}},"924":{"start":{"line":925,"column":0},"end":{"line":925,"column":54}},"925":{"start":{"line":926,"column":0},"end":{"line":926,"column":24}},"926":{"start":{"line":927,"column":0},"end":{"line":927,"column":14}},"927":{"start":{"line":928,"column":0},"end":{"line":928,"column":1}},"928":{"start":{"line":929,"column":0},"end":{"line":929,"column":0}},"929":{"start":{"line":930,"column":0},"end":{"line":930,"column":49}},"930":{"start":{"line":931,"column":0},"end":{"line":931,"column":47}},"931":{"start":{"line":932,"column":0},"end":{"line":932,"column":0}},"932":{"start":{"line":933,"column":0},"end":{"line":933,"column":29}},"933":{"start":{"line":934,"column":0},"end":{"line":934,"column":44}},"934":{"start":{"line":935,"column":0},"end":{"line":935,"column":85}},"935":{"start":{"line":936,"column":0},"end":{"line":936,"column":34}},"936":{"start":{"line":937,"column":0},"end":{"line":937,"column":3}},"937":{"start":{"line":938,"column":0},"end":{"line":938,"column":0}},"938":{"start":{"line":939,"column":0},"end":{"line":939,"column":55}},"939":{"start":{"line":940,"column":0},"end":{"line":940,"column":52}},"940":{"start":{"line":941,"column":0},"end":{"line":941,"column":3}},"941":{"start":{"line":942,"column":0},"end":{"line":942,"column":0}},"942":{"start":{"line":943,"column":0},"end":{"line":943,"column":70}},"943":{"start":{"line":944,"column":0},"end":{"line":944,"column":15}},"944":{"start":{"line":945,"column":0},"end":{"line":945,"column":70}},"945":{"start":{"line":946,"column":0},"end":{"line":946,"column":0}},"946":{"start":{"line":947,"column":0},"end":{"line":947,"column":44}},"947":{"start":{"line":948,"column":0},"end":{"line":948,"column":49}},"948":{"start":{"line":949,"column":0},"end":{"line":949,"column":0}},"949":{"start":{"line":950,"column":0},"end":{"line":950,"column":33}},"950":{"start":{"line":951,"column":0},"end":{"line":951,"column":105}},"951":{"start":{"line":952,"column":0},"end":{"line":952,"column":4}},"952":{"start":{"line":953,"column":0},"end":{"line":953,"column":30}},"953":{"start":{"line":954,"column":0},"end":{"line":954,"column":22}},"954":{"start":{"line":955,"column":0},"end":{"line":955,"column":3}},"955":{"start":{"line":956,"column":0},"end":{"line":956,"column":0}},"956":{"start":{"line":957,"column":0},"end":{"line":957,"column":69}}},"s":{"0":0,"1":0,"2":0,"3":0,"4":0,"5":0,"6":0,"7":0,"8":0,"9":0,"10":0,"11":0,"12":0,"13":0,"14":0,"15":0,"16":0,"17":0,"18":0,"19":0,"20":0,"21":0,"22":0,"23":0,"24":0,"25":0,"26":0,"27":0,"28":0,"29":0,"30":0,"31":0,"32":0,"33":0,"34":0,"35":0,"36":0,"37":0,"38":0,"39":0,"40":0,"41":0,"42":0,"43":0,"44":0,"45":0,"46":0,"47":0,"48":0,"49":0,"50":0,"51":0,"52":0,"53":0,"54":0,"55":0,"56":0,"57":0,"58":0,"59":0,"60":0,"61":0,"62":0,"63":0,"64":0,"65":0,"66":0,"67":0,"68":0,"69":0,"70":0,"71":0,"72":0,"73":0,"74":0,"75":0,"76":0,"77":0,"78":0,"79":0,"80":0,"81":0,"82":0,"83":0,"84":0,"85":0,"86":0,"87":0,"88":0,"89":0,"90":0,"91":0,"92":0,"93":0,"94":0,"95":0,"96":0,"97":0,"98":0,"99":0,"100":0,"101":0,"102":0,"103":0,"104":0,"105":0,"106":0,"107":0,"108":0,"109":0,"110":0,"111":0,"112":0,"113":0,"114":0,"115":0,"116":0,"117":0,"118":0,"119":0,"120":0,"121":0,"122":0,"123":0,"124":0,"125":0,"126":0,"127":0,"128":0,"129":0,"130":0,"131":0,"132":0,"133":0,"134":0,"135":0,"136":0,"137":0,"138":0,"139":0,"140":0,"141":0,"142":0,"143":0,"144":0,"145":0,"146":0,"147":0,"148":0,"149":0,"150":0,"151":0,"152":0,"153":0,"154":0,"155":0,"156":0,"157":0,"158":0,"159":0,"160":0,"161":0,"162":0,"163":0,"164":0,"165":0,"166":0,"167":0,"168":0,"169":0,"170":0,"171":0,"172":0,"173":0,"174":0,"175":0,"176":0,"177":0,"178":0,"179":0,"180":0,"181":0,"182":0,"183":0,"184":0,"185":0,"186":0,"187":0,"188":0,"189":0,"190":0,"191":0,"192":0,"193":0,"194":0,"195":0,"196":0,"197":0,"198":0,"199":0,"200":0,"201":0,"202":0,"203":0,"204":0,"205":0,"206":0,"207":0,"208":0,"209":0,"210":0,"211":0,"212":0,"213":0,"214":0,"215":0,"216":0,"217":0,"218":0,"219":0,"220":0,"221":0,"222":0,"223":0,"224":0,"225":0,"226":0,"227":0,"228":0,"229":0,"230":0,"231":0,"232":0,"233":0,"234":0,"235":0,"236":0,"237":0,"238":0,"239":0,"240":0,"241":0,"242":0,"243":0,"244":0,"245":0,"246":0,"247":0,"248":0,"249":0,"250":0,"251":0,"252":0,"253":0,"254":0,"255":0,"256":0,"257":0,"258":0,"259":0,"260":0,"261":0,"262":0,"263":0,"264":0,"265":0,"266":0,"267":0,"268":0,"269":0,"270":0,"271":0,"272":0,"273":0,"274":0,"275":0,"276":0,"277":0,"278":0,"279":0,"280":0,"281":0,"282":0,"283":0,"284":0,"285":0,"286":0,"287":0,"288":0,"289":0,"290":0,"291":0,"292":0,"293":0,"294":0,"295":0,"296":0,"297":0,"298":0,"299":0,"300":0,"301":0,"302":0,"303":0,"304":0,"305":0,"306":0,"307":0,"308":0,"309":0,"310":0,"311":0,"312":0,"313":0,"314":0,"315":0,"316":0,"317":0,"318":0,"319":0,"320":0,"321":0,"322":0,"323":0,"324":0,"325":0,"326":0,"327":0,"328":0,"329":0,"330":0,"331":0,"332":0,"333":0,"334":0,"335":0,"336":0,"337":0,"338":0,"339":0,"340":0,"341":0,"342":0,"343":0,"344":0,"345":0,"346":0,"347":0,"348":0,"349":0,"350":0,"351":0,"352":0,"353":0,"354":0,"355":0,"356":0,"357":0,"358":0,"359":0,"360":0,"361":0,"362":0,"363":0,"364":0,"365":0,"366":0,"367":0,"368":0,"369":0,"370":0,"371":0,"372":0,"373":0,"374":0,"375":0,"376":0,"377":0,"378":0,"379":0,"380":0,"381":0,"382":0,"383":0,"384":0,"385":0,"386":0,"387":0,"388":0,"389":0,"390":0,"391":0,"392":0,"393":0,"394":0,"395":0,"396":0,"397":0,"398":0,"399":0,"400":0,"401":0,"402":0,"403":0,"404":0,"405":0,"406":0,"407":0,"408":0,"409":0,"410":0,"411":0,"412":0,"413":0,"414":0,"415":0,"416":0,"417":0,"418":0,"419":0,"420":0,"421":0,"422":0,"423":0,"424":0,"425":0,"426":0,"427":0,"428":0,"429":0,"430":0,"431":0,"432":0,"433":0,"434":0,"435":0,"436":0,"437":0,"438":0,"439":0,"440":0,"441":0,"442":0,"443":0,"444":0,"445":0,"446":0,"447":0,"448":0,"449":0,"450":0,"451":0,"452":0,"453":0,"454":0,"455":0,"456":0,"457":0,"458":0,"459":0,"460":0,"461":0,"462":0,"463":0,"464":0,"465":0,"466":0,"467":0,"468":0,"469":0,"470":0,"471":0,"472":0,"473":0,"474":0,"475":0,"476":0,"477":0,"478":0,"479":0,"480":0,"481":0,"482":0,"483":0,"484":0,"485":0,"486":0,"487":0,"488":0,"489":0,"490":0,"491":0,"492":0,"493":0,"494":0,"495":0,"496":0,"497":0,"498":0,"499":0,"500":0,"501":0,"502":0,"503":0,"504":0,"505":0,"506":0,"507":0,"508":0,"509":0,"510":0,"511":0,"512":0,"513":0,"514":0,"515":0,"516":0,"517":0,"518":0,"519":0,"520":0,"521":0,"522":0,"523":0,"524":0,"525":0,"526":0,"527":0,"528":0,"529":0,"530":0,"531":0,"532":0,"533":0,"534":0,"535":0,"536":0,"537":0,"538":0,"539":0,"540":0,"541":0,"542":0,"543":0,"544":0,"545":0,"546":0,"547":0,"548":0,"549":0,"550":0,"551":0,"552":0,"553":0,"554":0,"555":0,"556":0,"557":0,"558":0,"559":0,"560":0,"561":0,"562":0,"563":0,"564":0,"565":0,"566":0,"567":0,"568":0,"569":0,"570":0,"571":0,"572":0,"573":0,"574":0,"575":0,"576":0,"577":0,"578":0,"579":0,"580":0,"581":0,"582":0,"583":0,"584":0,"585":0,"586":0,"587":0,"588":0,"589":0,"590":0,"591":0,"592":0,"593":0,"594":0,"595":0,"596":0,"597":0,"598":0,"599":0,"600":0,"601":0,"602":0,"603":0,"604":0,"605":0,"606":0,"607":0,"608":0,"609":0,"610":0,"611":0,"612":0,"613":0,"614":0,"615":0,"616":0,"617":0,"618":0,"619":0,"620":0,"621":0,"622":0,"623":0,"624":0,"625":0,"626":0,"627":0,"628":0,"629":0,"630":0,"631":0,"632":0,"633":0,"634":0,"635":0,"636":0,"637":0,"638":0,"639":0,"640":0,"641":0,"642":0,"643":0,"644":0,"645":0,"646":0,"647":0,"648":0,"649":0,"650":0,"651":0,"652":0,"653":0,"654":0,"655":0,"656":0,"657":0,"658":0,"659":0,"660":0,"661":0,"662":0,"663":0,"664":0,"665":0,"666":0,"667":0,"668":0,"669":0,"670":0,"671":0,"672":0,"673":0,"674":0,"675":0,"676":0,"677":0,"678":0,"679":0,"680":0,"681":0,"682":0,"683":0,"684":0,"685":0,"686":0,"687":0,"688":0,"689":0,"690":0,"691":0,"692":0,"693":0,"694":0,"695":0,"696":0,"697":0,"698":0,"699":0,"700":0,"701":0,"702":0,"703":0,"704":0,"705":0,"706":0,"707":0,"708":0,"709":0,"710":0,"711":0,"712":0,"713":0,"714":0,"715":0,"716":0,"717":0,"718":0,"719":0,"720":0,"721":0,"722":0,"723":0,"724":0,"725":0,"726":0,"727":0,"728":0,"729":0,"730":0,"731":0,"732":0,"733":0,"734":0,"735":0,"736":0,"737":0,"738":0,"739":0,"740":0,"741":0,"742":0,"743":0,"744":0,"745":0,"746":0,"747":0,"748":0,"749":0,"750":0,"751":0,"752":0,"753":0,"754":0,"755":0,"756":0,"757":0,"758":0,"759":0,"760":0,"761":0,"762":0,"763":0,"764":0,"765":0,"766":0,"767":0,"768":0,"769":0,"770":0,"771":0,"772":0,"773":0,"774":0,"775":0,"776":0,"777":0,"778":0,"779":0,"780":0,"781":0,"782":0,"783":0,"784":0,"785":0,"786":0,"787":0,"788":0,"789":0,"790":0,"791":0,"792":0,"793":0,"794":0,"795":0,"796":0,"797":0,"798":0,"799":0,"800":0,"801":0,"802":0,"803":0,"804":0,"805":0,"806":0,"807":0,"808":0,"809":0,"810":0,"811":0,"812":0,"813":0,"814":0,"815":0,"816":0,"817":0,"818":0,"819":0,"820":0,"821":0,"822":0,"823":0,"824":0,"825":0,"826":0,"827":0,"828":0,"829":0,"830":0,"831":0,"832":0,"833":0,"834":0,"835":0,"836":0,"837":0,"838":0,"839":0,"840":0,"841":0,"842":0,"843":0,"844":0,"845":0,"846":0,"847":0,"848":0,"849":0,"850":0,"851":0,"852":0,"853":0,"854":0,"855":0,"856":0,"857":0,"858":0,"859":0,"860":0,"861":0,"862":0,"863":0,"864":0,"865":0,"866":0,"867":0,"868":0,"869":0,"870":0,"871":0,"872":0,"873":0,"874":0,"875":0,"876":0,"877":0,"878":0,"879":0,"880":0,"881":0,"882":0,"883":0,"884":0,"885":0,"886":0,"887":0,"888":0,"889":0,"890":0,"891":0,"892":0,"893":0,"894":0,"895":0,"896":0,"897":0,"898":0,"899":0,"900":0,"901":0,"902":0,"903":0,"904":0,"905":0,"906":0,"907":0,"908":0,"909":0,"910":0,"911":0,"912":0,"913":0,"914":0,"915":0,"916":0,"917":0,"918":0,"919":0,"920":0,"921":0,"922":0,"923":0,"924":0,"925":0,"926":0,"927":0,"928":0,"929":0,"930":0,"931":0,"932":0,"933":0,"934":0,"935":0,"936":0,"937":0,"938":0,"939":0,"940":0,"941":0,"942":0,"943":0,"944":0,"945":0,"946":0,"947":0,"948":0,"949":0,"950":0,"951":0,"952":0,"953":0,"954":0,"955":0,"956":0},"branchMap":{"0":{"type":"branch","line":1,"loc":{"start":{"line":1,"column":0},"end":{"line":957,"column":69}},"locations":[{"start":{"line":1,"column":0},"end":{"line":957,"column":69}}]}},"b":{"0":[0]},"fnMap":{"0":{"name":"(empty-report)","decl":{"start":{"line":1,"column":0},"end":{"line":957,"column":69}},"loc":{"start":{"line":1,"column":0},"end":{"line":957,"column":69}},"line":1}},"f":{"0":0}}
}
