{"/home/collins/Documents/Monarchs/server.js": {"path":"/home/collins/Documents/Monarchs/server.js","statementMap":{"0":{"start":{"line":15,"column":11},"end":{"line":15,"column":24}},"1":{"start":{"line":16,"column":13},"end":{"line":16,"column":28}},"2":{"start":{"line":17,"column":15},"end":{"line":17,"column":32}},"3":{"start":{"line":18,"column":13},"end":{"line":18,"column":28}},"4":{"start":{"line":19,"column":18},"end":{"line":19,"column":31}},"5":{"start":{"line":20,"column":12},"end":{"line":20,"column":26}},"6":{"start":{"line":23,"column":13},"end":{"line":23,"column":28}},"7":{"start":{"line":26,"column":20},"end":{"line":26,"column":82}},"8":{"start":{"line":27,"column":12},"end":{"line":27,"column":48}},"9":{"start":{"line":35,"column":8},"end":{"line":35,"column":40}},"10":{"start":{"line":36,"column":8},"end":{"line":36,"column":24}},"11":{"start":{"line":40,"column":8},"end":{"line":50,"column":9}},"12":{"start":{"line":41,"column":31},"end":{"line":41,"column":67}},"13":{"start":{"line":43,"column":27},"end":{"line":43,"column":53}},"14":{"start":{"line":46,"column":12},"end":{"line":46,"column":50}},"15":{"start":{"line":48,"column":12},"end":{"line":48,"column":72}},"16":{"start":{"line":49,"column":12},"end":{"line":49,"column":43}},"17":{"start":{"line":54,"column":23},"end":{"line":54,"column":25}},"18":{"start":{"line":55,"column":22},"end":{"line":55,"column":38}},"19":{"start":{"line":56,"column":29},"end":{"line":56,"column":33}},"20":{"start":{"line":57,"column":32},"end":{"line":57,"column":36}},"21":{"start":{"line":59,"column":8},"end":{"line":111,"column":9}},"22":{"start":{"line":60,"column":28},"end":{"line":60,"column":39}},"23":{"start":{"line":63,"column":12},"end":{"line":63,"column":91}},"24":{"start":{"line":63,"column":82},"end":{"line":63,"column":91}},"25":{"start":{"line":66,"column":12},"end":{"line":110,"column":13}},"26":{"start":{"line":67,"column":36},"end":{"line":67,"column":63}},"27":{"start":{"line":69,"column":16},"end":{"line":79,"column":17}},"28":{"start":{"line":71,"column":20},"end":{"line":71,"column":52}},"29":{"start":{"line":72,"column":20},"end":{"line":72,"column":77}},"30":{"start":{"line":72,"column":49},"end":{"line":72,"column":77}},"31":{"start":{"line":73,"column":20},"end":{"line":73,"column":67}},"32":{"start":{"line":76,"column":20},"end":{"line":76,"column":49}},"33":{"start":{"line":77,"column":20},"end":{"line":77,"column":45}},"34":{"start":{"line":78,"column":20},"end":{"line":78,"column":77}},"35":{"start":{"line":78,"column":49},"end":{"line":78,"column":77}},"36":{"start":{"line":80,"column":19},"end":{"line":110,"column":13}},"37":{"start":{"line":81,"column":45},"end":{"line":81,"column":63}},"38":{"start":{"line":82,"column":30},"end":{"line":82,"column":57}},"39":{"start":{"line":84,"column":16},"end":{"line":109,"column":17}},"40":{"start":{"line":86,"column":40},"end":{"line":86,"column":103}},"41":{"start":{"line":87,"column":20},"end":{"line":93,"column":21}},"42":{"start":{"line":88,"column":24},"end":{"line":92,"column":25}},"43":{"start":{"line":89,"column":28},"end":{"line":89,"column":96}},"44":{"start":{"line":90,"column":31},"end":{"line":92,"column":25}},"45":{"start":{"line":91,"column":28},"end":{"line":91,"column":77}},"46":{"start":{"line":94,"column":23},"end":{"line":109,"column":17}},"47":{"start":{"line":96,"column":32},"end":{"line":96,"column":49}},"48":{"start":{"line":97,"column":20},"end":{"line":101,"column":21}},"49":{"start":{"line":98,"column":24},"end":{"line":98,"column":84}},"50":{"start":{"line":99,"column":27},"end":{"line":101,"column":21}},"51":{"start":{"line":100,"column":24},"end":{"line":100,"column":65}},"52":{"start":{"line":104,"column":20},"end":{"line":108,"column":21}},"53":{"start":{"line":105,"column":24},"end":{"line":105,"column":104}},"54":{"start":{"line":106,"column":27},"end":{"line":108,"column":21}},"55":{"start":{"line":107,"column":24},"end":{"line":107,"column":85}},"56":{"start":{"line":113,"column":8},"end":{"line":113,"column":22}},"57":{"start":{"line":118,"column":8},"end":{"line":121,"column":9}},"58":{"start":{"line":119,"column":12},"end":{"line":119,"column":46}},"59":{"start":{"line":120,"column":12},"end":{"line":120,"column":72}},"60":{"start":{"line":122,"column":8},"end":{"line":125,"column":9}},"61":{"start":{"line":123,"column":12},"end":{"line":123,"column":46}},"62":{"start":{"line":124,"column":12},"end":{"line":124,"column":78}},"63":{"start":{"line":126,"column":8},"end":{"line":129,"column":9}},"64":{"start":{"line":127,"column":12},"end":{"line":127,"column":50}},"65":{"start":{"line":128,"column":12},"end":{"line":128,"column":66}},"66":{"start":{"line":130,"column":8},"end":{"line":133,"column":9}},"67":{"start":{"line":131,"column":12},"end":{"line":131,"column":52}},"68":{"start":{"line":132,"column":12},"end":{"line":132,"column":77}},"69":{"start":{"line":134,"column":8},"end":{"line":138,"column":9}},"70":{"start":{"line":135,"column":12},"end":{"line":135,"column":58}},"71":{"start":{"line":136,"column":12},"end":{"line":136,"column":76}},"72":{"start":{"line":137,"column":12},"end":{"line":137,"column":74}},"73":{"start":{"line":139,"column":8},"end":{"line":143,"column":9}},"74":{"start":{"line":140,"column":12},"end":{"line":140,"column":58}},"75":{"start":{"line":141,"column":12},"end":{"line":141,"column":70}},"76":{"start":{"line":142,"column":12},"end":{"line":142,"column":74}},"77":{"start":{"line":145,"column":8},"end":{"line":145,"column":22}},"78":{"start":{"line":149,"column":8},"end":{"line":181,"column":10}},"79":{"start":{"line":186,"column":8},"end":{"line":188,"column":9}},"80":{"start":{"line":187,"column":12},"end":{"line":187,"column":61}},"81":{"start":{"line":189,"column":8},"end":{"line":191,"column":9}},"82":{"start":{"line":190,"column":12},"end":{"line":190,"column":63}},"83":{"start":{"line":195,"column":21},"end":{"line":195,"column":35}},"84":{"start":{"line":196,"column":20},"end":{"line":196,"column":31}},"85":{"start":{"line":198,"column":8},"end":{"line":201,"column":9}},"86":{"start":{"line":199,"column":12},"end":{"line":199,"column":75}},"87":{"start":{"line":199,"column":55},"end":{"line":199,"column":75}},"88":{"start":{"line":200,"column":12},"end":{"line":200,"column":29}},"89":{"start":{"line":203,"column":8},"end":{"line":203,"column":58}},"90":{"start":{"line":207,"column":15},"end":{"line":207,"column":27}},"91":{"start":{"line":213,"column":15},"end":{"line":228,"column":2}},"92":{"start":{"line":223,"column":12},"end":{"line":223,"column":50}},"93":{"start":{"line":234,"column":15},"end":{"line":253,"column":2}},"94":{"start":{"line":235,"column":22},"end":{"line":235,"column":32}},"95":{"start":{"line":238,"column":26},"end":{"line":243,"column":6}},"96":{"start":{"line":245,"column":4},"end":{"line":250,"column":7}},"97":{"start":{"line":246,"column":8},"end":{"line":249,"column":11}},"98":{"start":{"line":252,"column":4},"end":{"line":252,"column":28}},"99":{"start":{"line":260,"column":21},"end":{"line":260,"column":48}},"100":{"start":{"line":263,"column":4},"end":{"line":265,"column":5}},"101":{"start":{"line":264,"column":8},"end":{"line":264,"column":36}},"102":{"start":{"line":268,"column":4},"end":{"line":268,"column":55}},"103":{"start":{"line":269,"column":4},"end":{"line":269,"column":45}},"104":{"start":{"line":270,"column":4},"end":{"line":270,"column":55}},"105":{"start":{"line":271,"column":4},"end":{"line":271,"column":86}},"106":{"start":{"line":274,"column":4},"end":{"line":276,"column":5}},"107":{"start":{"line":275,"column":8},"end":{"line":275,"column":33}},"108":{"start":{"line":279,"column":4},"end":{"line":281,"column":5}},"109":{"start":{"line":280,"column":8},"end":{"line":280,"column":34}},"110":{"start":{"line":284,"column":4},"end":{"line":288,"column":5}},"111":{"start":{"line":285,"column":8},"end":{"line":285,"column":67}},"112":{"start":{"line":286,"column":8},"end":{"line":286,"column":93}},"113":{"start":{"line":287,"column":8},"end":{"line":287,"column":15}},"114":{"start":{"line":291,"column":4},"end":{"line":300,"column":5}},"115":{"start":{"line":292,"column":8},"end":{"line":292,"column":67}},"116":{"start":{"line":293,"column":8},"end":{"line":298,"column":12}},"117":{"start":{"line":299,"column":8},"end":{"line":299,"column":15}},"118":{"start":{"line":303,"column":4},"end":{"line":303,"column":63}},"119":{"start":{"line":304,"column":4},"end":{"line":304,"column":52}},"120":{"start":{"line":308,"column":20},"end":{"line":308,"column":53}},"121":{"start":{"line":309,"column":19},"end":{"line":309,"column":44}},"122":{"start":{"line":311,"column":4},"end":{"line":319,"column":5}},"123":{"start":{"line":312,"column":8},"end":{"line":318,"column":11}},"124":{"start":{"line":320,"column":4},"end":{"line":320,"column":14}},"125":{"start":{"line":324,"column":19},"end":{"line":336,"column":5}},"126":{"start":{"line":338,"column":23},"end":{"line":338,"column":44}},"127":{"start":{"line":339,"column":4},"end":{"line":339,"column":70}},"128":{"start":{"line":340,"column":4},"end":{"line":340,"column":45}},"129":{"start":{"line":345,"column":20},"end":{"line":374,"column":16}},"130":{"start":{"line":376,"column":4},"end":{"line":376,"column":72}},"131":{"start":{"line":377,"column":4},"end":{"line":377,"column":21}},"132":{"start":{"line":384,"column":12},"end":{"line":411,"column":2}},"133":{"start":{"line":389,"column":25},"end":{"line":389,"column":54}},"134":{"start":{"line":390,"column":32},"end":{"line":390,"column":68}},"135":{"start":{"line":391,"column":31},"end":{"line":391,"column":88}},"136":{"start":{"line":393,"column":8},"end":{"line":397,"column":9}},"137":{"start":{"line":394,"column":12},"end":{"line":394,"column":100}},"138":{"start":{"line":395,"column":12},"end":{"line":395,"column":57}},"139":{"start":{"line":396,"column":12},"end":{"line":396,"column":19}},"140":{"start":{"line":400,"column":23},"end":{"line":400,"column":46}},"141":{"start":{"line":401,"column":31},"end":{"line":401,"column":64}},"142":{"start":{"line":403,"column":8},"end":{"line":409,"column":9}},"143":{"start":{"line":404,"column":12},"end":{"line":404,"column":65}},"144":{"start":{"line":405,"column":12},"end":{"line":405,"column":27}},"145":{"start":{"line":407,"column":12},"end":{"line":407,"column":98}},"146":{"start":{"line":408,"column":12},"end":{"line":408,"column":46}},"147":{"start":{"line":417,"column":26},"end":{"line":417,"column":35}},"148":{"start":{"line":418,"column":20},"end":{"line":418,"column":29}},"149":{"start":{"line":419,"column":21},"end":{"line":419,"column":30}},"150":{"start":{"line":420,"column":21},"end":{"line":420,"column":22}},"151":{"start":{"line":421,"column":21},"end":{"line":421,"column":22}},"152":{"start":{"line":422,"column":19},"end":{"line":422,"column":23}},"153":{"start":{"line":423,"column":16},"end":{"line":423,"column":21}},"154":{"start":{"line":424,"column":19},"end":{"line":424,"column":23}},"155":{"start":{"line":432,"column":8},"end":{"line":432,"column":58}},"156":{"start":{"line":433,"column":8},"end":{"line":433,"column":67}},"157":{"start":{"line":437,"column":23},"end":{"line":437,"column":51}},"158":{"start":{"line":438,"column":24},"end":{"line":443,"column":9}},"159":{"start":{"line":445,"column":30},"end":{"line":445,"column":87}},"160":{"start":{"line":446,"column":31},"end":{"line":446,"column":89}},"161":{"start":{"line":447,"column":26},"end":{"line":447,"column":84}},"162":{"start":{"line":449,"column":8},"end":{"line":449,"column":65}},"163":{"start":{"line":453,"column":8},"end":{"line":475,"column":9}},"164":{"start":{"line":454,"column":26},"end":{"line":454,"column":42}},"165":{"start":{"line":455,"column":12},"end":{"line":457,"column":13}},"166":{"start":{"line":456,"column":16},"end":{"line":456,"column":71}},"167":{"start":{"line":459,"column":63},"end":{"line":459,"column":68}},"168":{"start":{"line":460,"column":38},"end":{"line":460,"column":96}},"169":{"start":{"line":462,"column":12},"end":{"line":464,"column":13}},"170":{"start":{"line":463,"column":16},"end":{"line":463,"column":68}},"171":{"start":{"line":466,"column":28},"end":{"line":466,"column":91}},"172":{"start":{"line":468,"column":12},"end":{"line":470,"column":13}},"173":{"start":{"line":469,"column":16},"end":{"line":469,"column":79}},"174":{"start":{"line":472,"column":12},"end":{"line":472,"column":67}},"175":{"start":{"line":474,"column":12},"end":{"line":474,"column":60}},"176":{"start":{"line":479,"column":29},"end":{"line":479,"column":52}},"177":{"start":{"line":480,"column":8},"end":{"line":482,"column":9}},"178":{"start":{"line":481,"column":12},"end":{"line":481,"column":49}},"179":{"start":{"line":484,"column":8},"end":{"line":484,"column":66}},"180":{"start":{"line":488,"column":8},"end":{"line":491,"column":33}},"181":{"start":{"line":495,"column":21},"end":{"line":495,"column":39}},"182":{"start":{"line":501,"column":26},"end":{"line":501,"column":31}},"183":{"start":{"line":502,"column":32},"end":{"line":502,"column":34}},"184":{"start":{"line":505,"column":16},"end":{"line":505,"column":26}},"185":{"start":{"line":506,"column":19},"end":{"line":506,"column":45}},"186":{"start":{"line":508,"column":4},"end":{"line":511,"column":5}},"187":{"start":{"line":509,"column":8},"end":{"line":509,"column":67}},"188":{"start":{"line":510,"column":8},"end":{"line":510,"column":73}},"189":{"start":{"line":513,"column":4},"end":{"line":516,"column":5}},"190":{"start":{"line":514,"column":27},"end":{"line":514,"column":71}},"191":{"start":{"line":515,"column":8},"end":{"line":515,"column":46}},"192":{"start":{"line":518,"column":4},"end":{"line":518,"column":19}},"193":{"start":{"line":519,"column":4},"end":{"line":519,"column":39}},"194":{"start":{"line":520,"column":4},"end":{"line":520,"column":80}},"195":{"start":{"line":524,"column":0},"end":{"line":531,"column":22}},"196":{"start":{"line":525,"column":16},"end":{"line":525,"column":26}},"197":{"start":{"line":526,"column":4},"end":{"line":530,"column":5}},"198":{"start":{"line":527,"column":8},"end":{"line":529,"column":9}},"199":{"start":{"line":528,"column":12},"end":{"line":528,"column":37}},"200":{"start":{"line":538,"column":24},"end":{"line":538,"column":62}},"201":{"start":{"line":539,"column":24},"end":{"line":539,"column":71}},"202":{"start":{"line":541,"column":16},"end":{"line":541,"column":30}},"203":{"start":{"line":542,"column":4},"end":{"line":542,"column":36}},"204":{"start":{"line":544,"column":4},"end":{"line":555,"column":7}},"205":{"start":{"line":545,"column":8},"end":{"line":545,"column":25}},"206":{"start":{"line":546,"column":8},"end":{"line":546,"column":92}},"207":{"start":{"line":549,"column":8},"end":{"line":554,"column":18}},"208":{"start":{"line":550,"column":12},"end":{"line":553,"column":13}},"209":{"start":{"line":551,"column":16},"end":{"line":551,"column":46}},"210":{"start":{"line":552,"column":16},"end":{"line":552,"column":42}},"211":{"start":{"line":557,"column":4},"end":{"line":563,"column":7}},"212":{"start":{"line":558,"column":8},"end":{"line":558,"column":26}},"213":{"start":{"line":559,"column":8},"end":{"line":559,"column":72}},"214":{"start":{"line":562,"column":8},"end":{"line":562,"column":42}},"215":{"start":{"line":565,"column":4},"end":{"line":568,"column":7}},"216":{"start":{"line":566,"column":8},"end":{"line":566,"column":26}},"217":{"start":{"line":567,"column":8},"end":{"line":567,"column":48}},"218":{"start":{"line":570,"column":4},"end":{"line":575,"column":7}},"219":{"start":{"line":571,"column":25},"end":{"line":571,"column":55}},"220":{"start":{"line":572,"column":8},"end":{"line":574,"column":11}},"221":{"start":{"line":573,"column":12},"end":{"line":573,"column":77}},"222":{"start":{"line":582,"column":0},"end":{"line":658,"column":3}},"223":{"start":{"line":583,"column":21},"end":{"line":583,"column":45}},"224":{"start":{"line":584,"column":25},"end":{"line":584,"column":44}},"225":{"start":{"line":586,"column":4},"end":{"line":586,"column":72}},"226":{"start":{"line":588,"column":19},"end":{"line":588,"column":23}},"227":{"start":{"line":589,"column":16},"end":{"line":589,"column":20}},"228":{"start":{"line":590,"column":22},"end":{"line":590,"column":26}},"229":{"start":{"line":591,"column":26},"end":{"line":591,"column":31}},"230":{"start":{"line":592,"column":23},"end":{"line":592,"column":33}},"231":{"start":{"line":595,"column":4},"end":{"line":600,"column":7}},"232":{"start":{"line":603,"column":20},"end":{"line":607,"column":53}},"233":{"start":{"line":604,"column":8},"end":{"line":606,"column":9}},"234":{"start":{"line":605,"column":12},"end":{"line":605,"column":54}},"235":{"start":{"line":609,"column":4},"end":{"line":641,"column":7}},"236":{"start":{"line":610,"column":8},"end":{"line":610,"column":34}},"237":{"start":{"line":613,"column":26},"end":{"line":613,"column":59}},"238":{"start":{"line":614,"column":8},"end":{"line":621,"column":9}},"239":{"start":{"line":615,"column":12},"end":{"line":619,"column":16}},"240":{"start":{"line":620,"column":12},"end":{"line":620,"column":19}},"241":{"start":{"line":623,"column":8},"end":{"line":640,"column":9}},"242":{"start":{"line":624,"column":25},"end":{"line":624,"column":55}},"243":{"start":{"line":625,"column":12},"end":{"line":625,"column":86}},"244":{"start":{"line":628,"column":12},"end":{"line":633,"column":15}},"245":{"start":{"line":630,"column":43},"end":{"line":630,"column":56}},"246":{"start":{"line":630,"column":57},"end":{"line":630,"column":67}},"247":{"start":{"line":630,"column":68},"end":{"line":630,"column":91}},"248":{"start":{"line":631,"column":34},"end":{"line":631,"column":50}},"249":{"start":{"line":635,"column":12},"end":{"line":635,"column":89}},"250":{"start":{"line":636,"column":12},"end":{"line":639,"column":16}},"251":{"start":{"line":643,"column":4},"end":{"line":653,"column":7}},"252":{"start":{"line":644,"column":8},"end":{"line":644,"column":30}},"253":{"start":{"line":645,"column":8},"end":{"line":645,"column":97}},"254":{"start":{"line":646,"column":8},"end":{"line":646,"column":41}},"255":{"start":{"line":648,"column":8},"end":{"line":650,"column":9}},"256":{"start":{"line":649,"column":12},"end":{"line":649,"column":45}},"257":{"start":{"line":652,"column":8},"end":{"line":652,"column":79}},"258":{"start":{"line":655,"column":4},"end":{"line":657,"column":7}},"259":{"start":{"line":656,"column":8},"end":{"line":656,"column":76}},"260":{"start":{"line":665,"column":94},"end":{"line":665,"column":99}},"261":{"start":{"line":667,"column":4},"end":{"line":791,"column":5}},"262":{"start":{"line":669,"column":35},"end":{"line":669,"column":100}},"263":{"start":{"line":670,"column":12},"end":{"line":675,"column":13}},"264":{"start":{"line":671,"column":16},"end":{"line":671,"column":114}},"265":{"start":{"line":673,"column":16},"end":{"line":673,"column":52}},"266":{"start":{"line":674,"column":16},"end":{"line":674,"column":112}},"267":{"start":{"line":676,"column":12},"end":{"line":676,"column":18}},"268":{"start":{"line":679,"column":32},"end":{"line":679,"column":94}},"269":{"start":{"line":681,"column":12},"end":{"line":695,"column":13}},"270":{"start":{"line":682,"column":33},"end":{"line":682,"column":72}},"271":{"start":{"line":683,"column":16},"end":{"line":683,"column":55}},"272":{"start":{"line":684,"column":16},"end":{"line":689,"column":20}},"273":{"start":{"line":691,"column":16},"end":{"line":694,"column":20}},"274":{"start":{"line":696,"column":12},"end":{"line":696,"column":18}},"275":{"start":{"line":699,"column":12},"end":{"line":702,"column":13}},"276":{"start":{"line":700,"column":16},"end":{"line":700,"column":95}},"277":{"start":{"line":701,"column":16},"end":{"line":701,"column":23}},"278":{"start":{"line":703,"column":33},"end":{"line":703,"column":80}},"279":{"start":{"line":704,"column":12},"end":{"line":704,"column":83}},"280":{"start":{"line":705,"column":12},"end":{"line":705,"column":18}},"281":{"start":{"line":708,"column":12},"end":{"line":711,"column":13}},"282":{"start":{"line":709,"column":16},"end":{"line":709,"column":95}},"283":{"start":{"line":710,"column":16},"end":{"line":710,"column":23}},"284":{"start":{"line":712,"column":12},"end":{"line":714,"column":13}},"285":{"start":{"line":713,"column":16},"end":{"line":713,"column":45}},"286":{"start":{"line":715,"column":12},"end":{"line":715,"column":36}},"287":{"start":{"line":716,"column":31},"end":{"line":716,"column":76}},"288":{"start":{"line":717,"column":12},"end":{"line":717,"column":94}},"289":{"start":{"line":718,"column":12},"end":{"line":718,"column":18}},"290":{"start":{"line":721,"column":12},"end":{"line":724,"column":13}},"291":{"start":{"line":722,"column":16},"end":{"line":722,"column":95}},"292":{"start":{"line":723,"column":16},"end":{"line":723,"column":23}},"293":{"start":{"line":725,"column":12},"end":{"line":728,"column":13}},"294":{"start":{"line":726,"column":16},"end":{"line":726,"column":89}},"295":{"start":{"line":727,"column":16},"end":{"line":727,"column":23}},"296":{"start":{"line":729,"column":12},"end":{"line":729,"column":50}},"297":{"start":{"line":730,"column":12},"end":{"line":730,"column":18}},"298":{"start":{"line":733,"column":12},"end":{"line":736,"column":13}},"299":{"start":{"line":734,"column":16},"end":{"line":734,"column":95}},"300":{"start":{"line":735,"column":16},"end":{"line":735,"column":23}},"301":{"start":{"line":737,"column":12},"end":{"line":737,"column":71}},"302":{"start":{"line":738,"column":12},"end":{"line":738,"column":90}},"303":{"start":{"line":739,"column":12},"end":{"line":739,"column":18}},"304":{"start":{"line":742,"column":12},"end":{"line":745,"column":13}},"305":{"start":{"line":743,"column":16},"end":{"line":743,"column":95}},"306":{"start":{"line":744,"column":16},"end":{"line":744,"column":23}},"307":{"start":{"line":746,"column":26},"end":{"line":746,"column":54}},"308":{"start":{"line":747,"column":12},"end":{"line":747,"column":85}},"309":{"start":{"line":748,"column":12},"end":{"line":748,"column":18}},"310":{"start":{"line":751,"column":12},"end":{"line":754,"column":13}},"311":{"start":{"line":752,"column":16},"end":{"line":752,"column":95}},"312":{"start":{"line":753,"column":16},"end":{"line":753,"column":23}},"313":{"start":{"line":755,"column":26},"end":{"line":755,"column":54}},"314":{"start":{"line":756,"column":12},"end":{"line":756,"column":85}},"315":{"start":{"line":757,"column":12},"end":{"line":757,"column":18}},"316":{"start":{"line":760,"column":12},"end":{"line":762,"column":13}},"317":{"start":{"line":761,"column":16},"end":{"line":761,"column":46}},"318":{"start":{"line":763,"column":12},"end":{"line":763,"column":39}},"319":{"start":{"line":764,"column":12},"end":{"line":764,"column":26}},"320":{"start":{"line":765,"column":12},"end":{"line":765,"column":79}},"321":{"start":{"line":766,"column":12},"end":{"line":766,"column":18}},"322":{"start":{"line":769,"column":12},"end":{"line":772,"column":13}},"323":{"start":{"line":770,"column":16},"end":{"line":770,"column":89}},"324":{"start":{"line":771,"column":16},"end":{"line":771,"column":23}},"325":{"start":{"line":773,"column":30},"end":{"line":773,"column":62}},"326":{"start":{"line":774,"column":12},"end":{"line":782,"column":13}},"327":{"start":{"line":775,"column":16},"end":{"line":775,"column":85}},"328":{"start":{"line":777,"column":16},"end":{"line":781,"column":20}},"329":{"start":{"line":783,"column":12},"end":{"line":783,"column":18}},"330":{"start":{"line":786,"column":12},"end":{"line":786,"column":77}},"331":{"start":{"line":787,"column":12},"end":{"line":787,"column":18}},"332":{"start":{"line":790,"column":12},"end":{"line":790,"column":88}},"333":{"start":{"line":799,"column":4},"end":{"line":818,"column":7}},"334":{"start":{"line":800,"column":8},"end":{"line":803,"column":9}},"335":{"start":{"line":801,"column":12},"end":{"line":801,"column":61}},"336":{"start":{"line":802,"column":12},"end":{"line":802,"column":19}},"337":{"start":{"line":805,"column":32},"end":{"line":808,"column":9}},"338":{"start":{"line":806,"column":12},"end":{"line":806,"column":65}},"339":{"start":{"line":807,"column":12},"end":{"line":807,"column":37}},"340":{"start":{"line":810,"column":8},"end":{"line":810,"column":51}},"341":{"start":{"line":811,"column":8},"end":{"line":811,"column":43}},"342":{"start":{"line":814,"column":8},"end":{"line":817,"column":17}},"343":{"start":{"line":815,"column":12},"end":{"line":815,"column":65}},"344":{"start":{"line":816,"column":12},"end":{"line":816,"column":46}},"345":{"start":{"line":826,"column":18},"end":{"line":826,"column":45}},"346":{"start":{"line":827,"column":21},"end":{"line":827,"column":23}},"347":{"start":{"line":829,"column":4},"end":{"line":872,"column":5}},"348":{"start":{"line":830,"column":24},"end":{"line":830,"column":35}},"349":{"start":{"line":831,"column":8},"end":{"line":831,"column":31}},"350":{"start":{"line":831,"column":22},"end":{"line":831,"column":31}},"351":{"start":{"line":834,"column":8},"end":{"line":845,"column":9}},"352":{"start":{"line":835,"column":26},"end":{"line":835,"column":64}},"353":{"start":{"line":836,"column":12},"end":{"line":844,"column":13}},"354":{"start":{"line":837,"column":16},"end":{"line":842,"column":19}},"355":{"start":{"line":843,"column":16},"end":{"line":843,"column":25}},"356":{"start":{"line":847,"column":8},"end":{"line":856,"column":9}},"357":{"start":{"line":848,"column":26},"end":{"line":848,"column":65}},"358":{"start":{"line":849,"column":12},"end":{"line":854,"column":15}},"359":{"start":{"line":855,"column":12},"end":{"line":855,"column":21}},"360":{"start":{"line":858,"column":8},"end":{"line":861,"column":9}},"361":{"start":{"line":859,"column":12},"end":{"line":859,"column":73}},"362":{"start":{"line":860,"column":12},"end":{"line":860,"column":21}},"363":{"start":{"line":863,"column":8},"end":{"line":866,"column":9}},"364":{"start":{"line":864,"column":12},"end":{"line":864,"column":65}},"365":{"start":{"line":865,"column":12},"end":{"line":865,"column":21}},"366":{"start":{"line":868,"column":8},"end":{"line":871,"column":9}},"367":{"start":{"line":869,"column":12},"end":{"line":869,"column":86}},"368":{"start":{"line":870,"column":12},"end":{"line":870,"column":21}},"369":{"start":{"line":874,"column":4},"end":{"line":874,"column":20}},"370":{"start":{"line":878,"column":18},"end":{"line":878,"column":20}},"371":{"start":{"line":879,"column":18},"end":{"line":879,"column":34}},"372":{"start":{"line":880,"column":4},"end":{"line":883,"column":5}},"373":{"start":{"line":881,"column":21},"end":{"line":881,"column":53}},"374":{"start":{"line":882,"column":8},"end":{"line":882,"column":35}},"375":{"start":{"line":882,"column":18},"end":{"line":882,"column":35}},"376":{"start":{"line":884,"column":4},"end":{"line":884,"column":17}},"377":{"start":{"line":888,"column":18},"end":{"line":888,"column":20}},"378":{"start":{"line":889,"column":18},"end":{"line":889,"column":58}},"379":{"start":{"line":890,"column":4},"end":{"line":896,"column":5}},"380":{"start":{"line":891,"column":25},"end":{"line":891,"column":45}},"381":{"start":{"line":892,"column":8},"end":{"line":895,"column":9}},"382":{"start":{"line":893,"column":30},"end":{"line":893,"column":59}},"383":{"start":{"line":894,"column":12},"end":{"line":894,"column":49}},"384":{"start":{"line":894,"column":27},"end":{"line":894,"column":49}},"385":{"start":{"line":897,"column":4},"end":{"line":897,"column":17}},"386":{"start":{"line":905,"column":4},"end":{"line":905,"column":56}},"387":{"start":{"line":908,"column":4},"end":{"line":910,"column":7}},"388":{"start":{"line":909,"column":8},"end":{"line":909,"column":51}},"389":{"start":{"line":913,"column":4},"end":{"line":915,"column":5}},"390":{"start":{"line":914,"column":8},"end":{"line":914,"column":27}},"391":{"start":{"line":918,"column":4},"end":{"line":921,"column":7}},"392":{"start":{"line":919,"column":8},"end":{"line":919,"column":51}},"393":{"start":{"line":920,"column":8},"end":{"line":920,"column":24}},"394":{"start":{"line":924,"column":4},"end":{"line":927,"column":14}},"395":{"start":{"line":925,"column":8},"end":{"line":925,"column":54}},"396":{"start":{"line":926,"column":8},"end":{"line":926,"column":24}},"397":{"start":{"line":930,"column":0},"end":{"line":930,"column":49}},"398":{"start":{"line":930,"column":28},"end":{"line":930,"column":47}},"399":{"start":{"line":931,"column":0},"end":{"line":931,"column":47}},"400":{"start":{"line":931,"column":27},"end":{"line":931,"column":45}},"401":{"start":{"line":934,"column":0},"end":{"line":937,"column":3}},"402":{"start":{"line":935,"column":4},"end":{"line":935,"column":85}},"403":{"start":{"line":936,"column":4},"end":{"line":936,"column":34}},"404":{"start":{"line":939,"column":0},"end":{"line":941,"column":3}},"405":{"start":{"line":940,"column":4},"end":{"line":940,"column":52}},"406":{"start":{"line":947,"column":13},"end":{"line":947,"column":43}},"407":{"start":{"line":948,"column":13},"end":{"line":948,"column":48}},"408":{"start":{"line":950,"column":0},"end":{"line":955,"column":3}},"409":{"start":{"line":951,"column":4},"end":{"line":951,"column":105}},"410":{"start":{"line":954,"column":4},"end":{"line":954,"column":22}},"411":{"start":{"line":957,"column":0},"end":{"line":957,"column":69}}},"fnMap":{"0":{"name":"(anonymous_0)","decl":{"start":{"line":34,"column":4},"end":{"line":34,"column":5}},"loc":{"start":{"line":34,"column":18},"end":{"line":37,"column":5}},"line":34},"1":{"name":"(anonymous_1)","decl":{"start":{"line":39,"column":4},"end":{"line":39,"column":5}},"loc":{"start":{"line":39,"column":17},"end":{"line":51,"column":5}},"line":39},"2":{"name":"(anonymous_2)","decl":{"start":{"line":53,"column":4},"end":{"line":53,"column":5}},"loc":{"start":{"line":53,"column":20},"end":{"line":114,"column":5}},"line":53},"3":{"name":"(anonymous_3)","decl":{"start":{"line":116,"column":4},"end":{"line":116,"column":5}},"loc":{"start":{"line":116,"column":30},"end":{"line":146,"column":5}},"line":116},"4":{"name":"(anonymous_4)","decl":{"start":{"line":148,"column":4},"end":{"line":148,"column":5}},"loc":{"start":{"line":148,"column":23},"end":{"line":182,"column":5}},"line":148},"5":{"name":"(anonymous_5)","decl":{"start":{"line":184,"column":4},"end":{"line":184,"column":5}},"loc":{"start":{"line":184,"column":15},"end":{"line":192,"column":5}},"line":184},"6":{"name":"(anonymous_6)","decl":{"start":{"line":194,"column":4},"end":{"line":194,"column":5}},"loc":{"start":{"line":194,"column":39},"end":{"line":204,"column":5}},"line":194},"7":{"name":"(anonymous_7)","decl":{"start":{"line":222,"column":15},"end":{"line":222,"column":16}},"loc":{"start":{"line":222,"column":26},"end":{"line":224,"column":9}},"line":222},"8":{"name":"(anonymous_8)","decl":{"start":{"line":234,"column":33},"end":{"line":234,"column":34}},"loc":{"start":{"line":234,"column":47},"end":{"line":253,"column":1}},"line":234},"9":{"name":"(anonymous_9)","decl":{"start":{"line":245,"column":18},"end":{"line":245,"column":19}},"loc":{"start":{"line":245,"column":24},"end":{"line":250,"column":5}},"line":245},"10":{"name":"handleRequest","decl":{"start":{"line":259,"column":9},"end":{"line":259,"column":22}},"loc":{"start":{"line":259,"column":33},"end":{"line":305,"column":1}},"line":259},"11":{"name":"handleCORS","decl":{"start":{"line":307,"column":9},"end":{"line":307,"column":19}},"loc":{"start":{"line":307,"column":30},"end":{"line":321,"column":1}},"line":307},"12":{"name":"handleHealth","decl":{"start":{"line":323,"column":9},"end":{"line":323,"column":21}},"loc":{"start":{"line":323,"column":27},"end":{"line":341,"column":1}},"line":323},"13":{"name":"handleMetrics","decl":{"start":{"line":343,"column":9},"end":{"line":343,"column":22}},"loc":{"start":{"line":343,"column":28},"end":{"line":378,"column":1}},"line":343},"14":{"name":"(anonymous_14)","decl":{"start":{"line":387,"column":18},"end":{"line":387,"column":19}},"loc":{"start":{"line":387,"column":38},"end":{"line":410,"column":5}},"line":387},"15":{"name":"(anonymous_15)","decl":{"start":{"line":431,"column":4},"end":{"line":431,"column":5}},"loc":{"start":{"line":431,"column":18},"end":{"line":434,"column":5}},"line":431},"16":{"name":"(anonymous_16)","decl":{"start":{"line":436,"column":4},"end":{"line":436,"column":5}},"loc":{"start":{"line":436,"column":26},"end":{"line":450,"column":5}},"line":436},"17":{"name":"(anonymous_17)","decl":{"start":{"line":452,"column":4},"end":{"line":452,"column":5}},"loc":{"start":{"line":452,"column":23},"end":{"line":476,"column":5}},"line":452},"18":{"name":"(anonymous_18)","decl":{"start":{"line":478,"column":4},"end":{"line":478,"column":5}},"loc":{"start":{"line":478,"column":24},"end":{"line":485,"column":5}},"line":478},"19":{"name":"(anonymous_19)","decl":{"start":{"line":487,"column":4},"end":{"line":487,"column":5}},"loc":{"start":{"line":487,"column":26},"end":{"line":492,"column":5}},"line":487},"20":{"name":"checkRateLimit","decl":{"start":{"line":504,"column":9},"end":{"line":504,"column":23}},"loc":{"start":{"line":504,"column":34},"end":{"line":521,"column":1}},"line":504},"21":{"name":"(anonymous_21)","decl":{"start":{"line":524,"column":12},"end":{"line":524,"column":13}},"loc":{"start":{"line":524,"column":18},"end":{"line":531,"column":1}},"line":524},"22":{"name":"connectToErlang","decl":{"start":{"line":537,"column":9},"end":{"line":537,"column":24}},"loc":{"start":{"line":537,"column":27},"end":{"line":576,"column":1}},"line":537},"23":{"name":"(anonymous_23)","decl":{"start":{"line":544,"column":51},"end":{"line":544,"column":52}},"loc":{"start":{"line":544,"column":57},"end":{"line":555,"column":5}},"line":544},"24":{"name":"(anonymous_24)","decl":{"start":{"line":549,"column":20},"end":{"line":549,"column":21}},"loc":{"start":{"line":549,"column":26},"end":{"line":554,"column":9}},"line":549},"25":{"name":"(anonymous_25)","decl":{"start":{"line":557,"column":29},"end":{"line":557,"column":30}},"loc":{"start":{"line":557,"column":38},"end":{"line":563,"column":5}},"line":557},"26":{"name":"(anonymous_26)","decl":{"start":{"line":565,"column":29},"end":{"line":565,"column":30}},"loc":{"start":{"line":565,"column":35},"end":{"line":568,"column":5}},"line":565},"27":{"name":"(anonymous_27)","decl":{"start":{"line":570,"column":28},"end":{"line":570,"column":29}},"loc":{"start":{"line":570,"column":38},"end":{"line":575,"column":5}},"line":570},"28":{"name":"(anonymous_28)","decl":{"start":{"line":572,"column":25},"end":{"line":572,"column":26}},"loc":{"start":{"line":572,"column":32},"end":{"line":574,"column":9}},"line":572},"29":{"name":"(anonymous_29)","decl":{"start":{"line":582,"column":21},"end":{"line":582,"column":22}},"loc":{"start":{"line":582,"column":34},"end":{"line":658,"column":1}},"line":582},"30":{"name":"(anonymous_30)","decl":{"start":{"line":603,"column":31},"end":{"line":603,"column":32}},"loc":{"start":{"line":603,"column":37},"end":{"line":607,"column":5}},"line":603},"31":{"name":"(anonymous_31)","decl":{"start":{"line":609,"column":21},"end":{"line":609,"column":22}},"loc":{"start":{"line":609,"column":40},"end":{"line":641,"column":5}},"line":609},"32":{"name":"(anonymous_32)","decl":{"start":{"line":630,"column":25},"end":{"line":630,"column":26}},"loc":{"start":{"line":630,"column":41},"end":{"line":630,"column":93}},"line":630},"33":{"name":"(anonymous_33)","decl":{"start":{"line":631,"column":25},"end":{"line":631,"column":26}},"loc":{"start":{"line":631,"column":32},"end":{"line":631,"column":52}},"line":631},"34":{"name":"(anonymous_34)","decl":{"start":{"line":643,"column":19},"end":{"line":643,"column":20}},"loc":{"start":{"line":643,"column":25},"end":{"line":653,"column":5}},"line":643},"35":{"name":"(anonymous_35)","decl":{"start":{"line":655,"column":19},"end":{"line":655,"column":20}},"loc":{"start":{"line":655,"column":30},"end":{"line":657,"column":5}},"line":655},"36":{"name":"handleMessage","decl":{"start":{"line":664,"column":15},"end":{"line":664,"column":28}},"loc":{"start":{"line":664,"column":60},"end":{"line":792,"column":1}},"line":664},"37":{"name":"sendToErlang","decl":{"start":{"line":798,"column":9},"end":{"line":798,"column":21}},"loc":{"start":{"line":798,"column":31},"end":{"line":819,"column":1}},"line":798},"38":{"name":"(anonymous_38)","decl":{"start":{"line":799,"column":23},"end":{"line":799,"column":24}},"loc":{"start":{"line":799,"column":36},"end":{"line":818,"column":5}},"line":799},"39":{"name":"(anonymous_39)","decl":{"start":{"line":805,"column":32},"end":{"line":805,"column":33}},"loc":{"start":{"line":805,"column":42},"end":{"line":808,"column":9}},"line":805},"40":{"name":"(anonymous_40)","decl":{"start":{"line":814,"column":19},"end":{"line":814,"column":20}},"loc":{"start":{"line":814,"column":25},"end":{"line":817,"column":9}},"line":814},"41":{"name":"parseResponse","decl":{"start":{"line":825,"column":9},"end":{"line":825,"column":22}},"loc":{"start":{"line":825,"column":29},"end":{"line":875,"column":1}},"line":825},"42":{"name":"parseRoomsList","decl":{"start":{"line":877,"column":9},"end":{"line":877,"column":23}},"loc":{"start":{"line":877,"column":30},"end":{"line":885,"column":1}},"line":877},"43":{"name":"parseUsersList","decl":{"start":{"line":887,"column":9},"end":{"line":887,"column":23}},"loc":{"start":{"line":887,"column":30},"end":{"line":898,"column":1}},"line":887},"44":{"name":"shutdown","decl":{"start":{"line":904,"column":15},"end":{"line":904,"column":23}},"loc":{"start":{"line":904,"column":32},"end":{"line":928,"column":1}},"line":904},"45":{"name":"(anonymous_45)","decl":{"start":{"line":908,"column":24},"end":{"line":908,"column":25}},"loc":{"start":{"line":908,"column":36},"end":{"line":910,"column":5}},"line":908},"46":{"name":"(anonymous_46)","decl":{"start":{"line":918,"column":17},"end":{"line":918,"column":18}},"loc":{"start":{"line":918,"column":23},"end":{"line":921,"column":5}},"line":918},"47":{"name":"(anonymous_47)","decl":{"start":{"line":924,"column":15},"end":{"line":924,"column":16}},"loc":{"start":{"line":924,"column":21},"end":{"line":927,"column":5}},"line":924},"48":{"name":"(anonymous_48)","decl":{"start":{"line":930,"column":22},"end":{"line":930,"column":23}},"loc":{"start":{"line":930,"column":28},"end":{"line":930,"column":47}},"line":930},"49":{"name":"(anonymous_49)","decl":{"start":{"line":931,"column":21},"end":{"line":931,"column":22}},"loc":{"start":{"line":931,"column":27},"end":{"line":931,"column":45}},"line":931},"50":{"name":"(anonymous_50)","decl":{"start":{"line":934,"column":32},"end":{"line":934,"column":33}},"loc":{"start":{"line":934,"column":43},"end":{"line":937,"column":1}},"line":934},"51":{"name":"(anonymous_51)","decl":{"start":{"line":939,"column":33},"end":{"line":939,"column":34}},"loc":{"start":{"line":939,"column":54},"end":{"line":941,"column":1}},"line":939},"52":{"name":"(anonymous_52)","decl":{"start":{"line":950,"column":26},"end":{"line":950,"column":27}},"loc":{"start":{"line":950,"column":32},"end":{"line":955,"column":1}},"line":950}},"branchMap":{"0":{"loc":{"start":{"line":26,"column":20},"end":{"line":26,"column":82}},"type":"binary-expr","locations":[{"start":{"line":26,"column":20},"end":{"line":26,"column":43}},{"start":{"line":26,"column":47},"end":{"line":26,"column":82}}],"line":26},"1":{"loc":{"start":{"line":27,"column":12},"end":{"line":27,"column":48}},"type":"binary-expr","locations":[{"start":{"line":27,"column":12},"end":{"line":27,"column":32}},{"start":{"line":27,"column":36},"end":{"line":27,"column":48}}],"line":27},"2":{"loc":{"start":{"line":63,"column":12},"end":{"line":63,"column":91}},"type":"if","locations":[{"start":{"line":63,"column":12},"end":{"line":63,"column":91}},{"start":{},"end":{}}],"line":63},"3":{"loc":{"start":{"line":63,"column":16},"end":{"line":63,"column":80}},"type":"binary-expr","locations":[{"start":{"line":63,"column":16},"end":{"line":63,"column":24}},{"start":{"line":63,"column":28},"end":{"line":63,"column":51}},{"start":{"line":63,"column":55},"end":{"line":63,"column":80}}],"line":63},"4":{"loc":{"start":{"line":66,"column":12},"end":{"line":110,"column":13}},"type":"if","locations":[{"start":{"line":66,"column":12},"end":{"line":110,"column":13}},{"start":{"line":80,"column":19},"end":{"line":110,"column":13}}],"line":66},"5":{"loc":{"start":{"line":69,"column":16},"end":{"line":79,"column":17}},"type":"if","locations":[{"start":{"line":69,"column":16},"end":{"line":79,"column":17}},{"start":{"line":74,"column":23},"end":{"line":79,"column":17}}],"line":69},"6":{"loc":{"start":{"line":72,"column":20},"end":{"line":72,"column":77}},"type":"if","locations":[{"start":{"line":72,"column":20},"end":{"line":72,"column":77}},{"start":{},"end":{}}],"line":72},"7":{"loc":{"start":{"line":78,"column":20},"end":{"line":78,"column":77}},"type":"if","locations":[{"start":{"line":78,"column":20},"end":{"line":78,"column":77}},{"start":{},"end":{}}],"line":78},"8":{"loc":{"start":{"line":80,"column":19},"end":{"line":110,"column":13}},"type":"if","locations":[{"start":{"line":80,"column":19},"end":{"line":110,"column":13}},{"start":{},"end":{}}],"line":80},"9":{"loc":{"start":{"line":84,"column":16},"end":{"line":109,"column":17}},"type":"if","locations":[{"start":{"line":84,"column":16},"end":{"line":109,"column":17}},{"start":{"line":94,"column":23},"end":{"line":109,"column":17}}],"line":84},"10":{"loc":{"start":{"line":84,"column":20},"end":{"line":84,"column":73}},"type":"binary-expr","locations":[{"start":{"line":84,"column":20},"end":{"line":84,"column":32}},{"start":{"line":84,"column":36},"end":{"line":84,"column":52}},{"start":{"line":84,"column":56},"end":{"line":84,"column":73}}],"line":84},"11":{"loc":{"start":{"line":86,"column":40},"end":{"line":86,"column":103}},"type":"cond-expr","locations":[{"start":{"line":86,"column":59},"end":{"line":86,"column":63}},{"start":{"line":86,"column":66},"end":{"line":86,"column":103}}],"line":86},"12":{"loc":{"start":{"line":86,"column":66},"end":{"line":86,"column":103}},"type":"cond-expr","locations":[{"start":{"line":86,"column":86},"end":{"line":86,"column":91}},{"start":{"line":86,"column":94},"end":{"line":86,"column":103}}],"line":86},"13":{"loc":{"start":{"line":87,"column":20},"end":{"line":93,"column":21}},"type":"if","locations":[{"start":{"line":87,"column":20},"end":{"line":93,"column":21}},{"start":{},"end":{}}],"line":87},"14":{"loc":{"start":{"line":88,"column":24},"end":{"line":92,"column":25}},"type":"if","locations":[{"start":{"line":88,"column":24},"end":{"line":92,"column":25}},{"start":{"line":90,"column":31},"end":{"line":92,"column":25}}],"line":88},"15":{"loc":{"start":{"line":90,"column":31},"end":{"line":92,"column":25}},"type":"if","locations":[{"start":{"line":90,"column":31},"end":{"line":92,"column":25}},{"start":{},"end":{}}],"line":90},"16":{"loc":{"start":{"line":94,"column":23},"end":{"line":109,"column":17}},"type":"if","locations":[{"start":{"line":94,"column":23},"end":{"line":109,"column":17}},{"start":{"line":102,"column":23},"end":{"line":109,"column":17}}],"line":94},"17":{"loc":{"start":{"line":97,"column":20},"end":{"line":101,"column":21}},"type":"if","locations":[{"start":{"line":97,"column":20},"end":{"line":101,"column":21}},{"start":{"line":99,"column":27},"end":{"line":101,"column":21}}],"line":97},"18":{"loc":{"start":{"line":99,"column":27},"end":{"line":101,"column":21}},"type":"if","locations":[{"start":{"line":99,"column":27},"end":{"line":101,"column":21}},{"start":{},"end":{}}],"line":99},"19":{"loc":{"start":{"line":104,"column":20},"end":{"line":108,"column":21}},"type":"if","locations":[{"start":{"line":104,"column":20},"end":{"line":108,"column":21}},{"start":{"line":106,"column":27},"end":{"line":108,"column":21}}],"line":104},"20":{"loc":{"start":{"line":106,"column":27},"end":{"line":108,"column":21}},"type":"if","locations":[{"start":{"line":106,"column":27},"end":{"line":108,"column":21}},{"start":{},"end":{}}],"line":106},"21":{"loc":{"start":{"line":118,"column":8},"end":{"line":121,"column":9}},"type":"if","locations":[{"start":{"line":118,"column":8},"end":{"line":121,"column":9}},{"start":{},"end":{}}],"line":118},"22":{"loc":{"start":{"line":119,"column":27},"end":{"line":119,"column":45}},"type":"binary-expr","locations":[{"start":{"line":119,"column":27},"end":{"line":119,"column":39}},{"start":{"line":119,"column":43},"end":{"line":119,"column":45}}],"line":119},"23":{"loc":{"start":{"line":122,"column":8},"end":{"line":125,"column":9}},"type":"if","locations":[{"start":{"line":122,"column":8},"end":{"line":125,"column":9}},{"start":{},"end":{}}],"line":122},"24":{"loc":{"start":{"line":123,"column":27},"end":{"line":123,"column":45}},"type":"binary-expr","locations":[{"start":{"line":123,"column":27},"end":{"line":123,"column":39}},{"start":{"line":123,"column":43},"end":{"line":123,"column":45}}],"line":123},"25":{"loc":{"start":{"line":126,"column":8},"end":{"line":129,"column":9}},"type":"if","locations":[{"start":{"line":126,"column":8},"end":{"line":129,"column":9}},{"start":{},"end":{}}],"line":126},"26":{"loc":{"start":{"line":127,"column":29},"end":{"line":127,"column":49}},"type":"binary-expr","locations":[{"start":{"line":127,"column":29},"end":{"line":127,"column":43}},{"start":{"line":127,"column":47},"end":{"line":127,"column":49}}],"line":127},"27":{"loc":{"start":{"line":130,"column":8},"end":{"line":133,"column":9}},"type":"if","locations":[{"start":{"line":130,"column":8},"end":{"line":133,"column":9}},{"start":{},"end":{}}],"line":130},"28":{"loc":{"start":{"line":131,"column":30},"end":{"line":131,"column":51}},"type":"binary-expr","locations":[{"start":{"line":131,"column":30},"end":{"line":131,"column":45}},{"start":{"line":131,"column":49},"end":{"line":131,"column":51}}],"line":131},"29":{"loc":{"start":{"line":134,"column":8},"end":{"line":138,"column":9}},"type":"if","locations":[{"start":{"line":134,"column":8},"end":{"line":138,"column":9}},{"start":{},"end":{}}],"line":134},"30":{"loc":{"start":{"line":135,"column":33},"end":{"line":135,"column":57}},"type":"binary-expr","locations":[{"start":{"line":135,"column":33},"end":{"line":135,"column":51}},{"start":{"line":135,"column":55},"end":{"line":135,"column":57}}],"line":135},"31":{"loc":{"start":{"line":136,"column":42},"end":{"line":136,"column":75}},"type":"binary-expr","locations":[{"start":{"line":136,"column":42},"end":{"line":136,"column":69}},{"start":{"line":136,"column":73},"end":{"line":136,"column":75}}],"line":136},"32":{"loc":{"start":{"line":139,"column":8},"end":{"line":143,"column":9}},"type":"if","locations":[{"start":{"line":139,"column":8},"end":{"line":143,"column":9}},{"start":{},"end":{}}],"line":139},"33":{"loc":{"start":{"line":140,"column":33},"end":{"line":140,"column":57}},"type":"binary-expr","locations":[{"start":{"line":140,"column":33},"end":{"line":140,"column":51}},{"start":{"line":140,"column":55},"end":{"line":140,"column":57}}],"line":140},"34":{"loc":{"start":{"line":141,"column":39},"end":{"line":141,"column":69}},"type":"binary-expr","locations":[{"start":{"line":141,"column":39},"end":{"line":141,"column":63}},{"start":{"line":141,"column":67},"end":{"line":141,"column":69}}],"line":141},"35":{"loc":{"start":{"line":157,"column":31},"end":{"line":157,"column":60}},"type":"binary-expr","locations":[{"start":{"line":157,"column":31},"end":{"line":157,"column":50}},{"start":{"line":157,"column":54},"end":{"line":157,"column":60}}],"line":157},"36":{"loc":{"start":{"line":164,"column":30},"end":{"line":164,"column":96}},"type":"binary-expr","locations":[{"start":{"line":164,"column":30},"end":{"line":164,"column":54}},{"start":{"line":164,"column":58},"end":{"line":164,"column":96}}],"line":164},"37":{"loc":{"start":{"line":169,"column":23},"end":{"line":169,"column":54}},"type":"binary-expr","locations":[{"start":{"line":169,"column":23},"end":{"line":169,"column":44}},{"start":{"line":169,"column":48},"end":{"line":169,"column":54}}],"line":169},"38":{"loc":{"start":{"line":186,"column":8},"end":{"line":188,"column":9}},"type":"if","locations":[{"start":{"line":186,"column":8},"end":{"line":188,"column":9}},{"start":{},"end":{}}],"line":186},"39":{"loc":{"start":{"line":186,"column":12},"end":{"line":186,"column":57}},"type":"binary-expr","locations":[{"start":{"line":186,"column":12},"end":{"line":186,"column":30}},{"start":{"line":186,"column":34},"end":{"line":186,"column":57}}],"line":186},"40":{"loc":{"start":{"line":189,"column":8},"end":{"line":191,"column":9}},"type":"if","locations":[{"start":{"line":189,"column":8},"end":{"line":191,"column":9}},{"start":{},"end":{}}],"line":189},"41":{"loc":{"start":{"line":189,"column":12},"end":{"line":189,"column":71}},"type":"binary-expr","locations":[{"start":{"line":189,"column":12},"end":{"line":189,"column":33}},{"start":{"line":189,"column":37},"end":{"line":189,"column":71}}],"line":189},"42":{"loc":{"start":{"line":194,"column":13},"end":{"line":194,"column":37}},"type":"default-arg","locations":[{"start":{"line":194,"column":28},"end":{"line":194,"column":37}}],"line":194},"43":{"loc":{"start":{"line":199,"column":12},"end":{"line":199,"column":75}},"type":"if","locations":[{"start":{"line":199,"column":12},"end":{"line":199,"column":75}},{"start":{},"end":{}}],"line":199},"44":{"loc":{"start":{"line":199,"column":16},"end":{"line":199,"column":53}},"type":"binary-expr","locations":[{"start":{"line":199,"column":16},"end":{"line":199,"column":35}},{"start":{"line":199,"column":39},"end":{"line":199,"column":53}}],"line":199},"45":{"loc":{"start":{"line":203,"column":15},"end":{"line":203,"column":57}},"type":"cond-expr","locations":[{"start":{"line":203,"column":37},"end":{"line":203,"column":42}},{"start":{"line":203,"column":45},"end":{"line":203,"column":57}}],"line":203},"46":{"loc":{"start":{"line":227,"column":8},"end":{"line":227,"column":95}},"type":"cond-expr","locations":[{"start":{"line":227,"column":50},"end":{"line":227,"column":52}},{"start":{"line":227,"column":55},"end":{"line":227,"column":95}}],"line":227},"47":{"loc":{"start":{"line":263,"column":4},"end":{"line":265,"column":5}},"type":"if","locations":[{"start":{"line":263,"column":4},"end":{"line":265,"column":5}},{"start":{},"end":{}}],"line":263},"48":{"loc":{"start":{"line":274,"column":4},"end":{"line":276,"column":5}},"type":"if","locations":[{"start":{"line":274,"column":4},"end":{"line":276,"column":5}},{"start":{},"end":{}}],"line":274},"49":{"loc":{"start":{"line":274,"column":8},"end":{"line":274,"column":79}},"type":"binary-expr","locations":[{"start":{"line":274,"column":8},"end":{"line":274,"column":30}},{"start":{"line":274,"column":34},"end":{"line":274,"column":79}}],"line":274},"50":{"loc":{"start":{"line":279,"column":4},"end":{"line":281,"column":5}},"type":"if","locations":[{"start":{"line":279,"column":4},"end":{"line":281,"column":5}},{"start":{},"end":{}}],"line":279},"51":{"loc":{"start":{"line":279,"column":8},"end":{"line":279,"column":81}},"type":"binary-expr","locations":[{"start":{"line":279,"column":8},"end":{"line":279,"column":31}},{"start":{"line":279,"column":35},"end":{"line":279,"column":81}}],"line":279},"52":{"loc":{"start":{"line":284,"column":4},"end":{"line":288,"column":5}},"type":"if","locations":[{"start":{"line":284,"column":4},"end":{"line":288,"column":5}},{"start":{},"end":{}}],"line":284},"53":{"loc":{"start":{"line":286,"column":63},"end":{"line":286,"column":88}},"type":"binary-expr","locations":[{"start":{"line":286,"column":63},"end":{"line":286,"column":75}},{"start":{"line":286,"column":79},"end":{"line":286,"column":88}}],"line":286},"54":{"loc":{"start":{"line":291,"column":4},"end":{"line":300,"column":5}},"type":"if","locations":[{"start":{"line":291,"column":4},"end":{"line":300,"column":5}},{"start":{},"end":{}}],"line":291},"55":{"loc":{"start":{"line":291,"column":8},"end":{"line":291,"column":48}},"type":"binary-expr","locations":[{"start":{"line":291,"column":8},"end":{"line":291,"column":24}},{"start":{"line":291,"column":28},"end":{"line":291,"column":48}}],"line":291},"56":{"loc":{"start":{"line":309,"column":19},"end":{"line":309,"column":44}},"type":"binary-expr","locations":[{"start":{"line":309,"column":19},"end":{"line":309,"column":37}},{"start":{"line":309,"column":41},"end":{"line":309,"column":44}}],"line":309},"57":{"loc":{"start":{"line":311,"column":4},"end":{"line":319,"column":5}},"type":"if","locations":[{"start":{"line":311,"column":4},"end":{"line":319,"column":5}},{"start":{},"end":{}}],"line":311},"58":{"loc":{"start":{"line":311,"column":8},"end":{"line":311,"column":57}},"type":"binary-expr","locations":[{"start":{"line":311,"column":8},"end":{"line":311,"column":29}},{"start":{"line":311,"column":33},"end":{"line":311,"column":57}}],"line":311},"59":{"loc":{"start":{"line":334,"column":20},"end":{"line":334,"column":53}},"type":"cond-expr","locations":[{"start":{"line":334,"column":32},"end":{"line":334,"column":36}},{"start":{"line":334,"column":39},"end":{"line":334,"column":53}}],"line":334},"60":{"loc":{"start":{"line":338,"column":23},"end":{"line":338,"column":44}},"type":"cond-expr","locations":[{"start":{"line":338,"column":35},"end":{"line":338,"column":38}},{"start":{"line":338,"column":41},"end":{"line":338,"column":44}}],"line":338},"61":{"loc":{"start":{"line":361,"column":55},"end":{"line":361,"column":81}},"type":"cond-expr","locations":[{"start":{"line":361,"column":61},"end":{"line":361,"column":77}},{"start":{"line":361,"column":80},"end":{"line":361,"column":81}}],"line":361},"62":{"loc":{"start":{"line":365,"column":45},"end":{"line":365,"column":62}},"type":"cond-expr","locations":[{"start":{"line":365,"column":57},"end":{"line":365,"column":58}},{"start":{"line":365,"column":61},"end":{"line":365,"column":62}}],"line":365},"63":{"loc":{"start":{"line":390,"column":32},"end":{"line":390,"column":68}},"type":"binary-expr","locations":[{"start":{"line":390,"column":32},"end":{"line":390,"column":63}},{"start":{"line":390,"column":67},"end":{"line":390,"column":68}}],"line":390},"64":{"loc":{"start":{"line":393,"column":8},"end":{"line":397,"column":9}},"type":"if","locations":[{"start":{"line":393,"column":8},"end":{"line":397,"column":9}},{"start":{},"end":{}}],"line":393},"65":{"loc":{"start":{"line":403,"column":8},"end":{"line":409,"column":9}},"type":"if","locations":[{"start":{"line":403,"column":8},"end":{"line":409,"column":9}},{"start":{"line":406,"column":15},"end":{"line":409,"column":9}}],"line":403},"66":{"loc":{"start":{"line":403,"column":12},"end":{"line":403,"column":75}},"type":"binary-expr","locations":[{"start":{"line":403,"column":12},"end":{"line":403,"column":40}},{"start":{"line":403,"column":44},"end":{"line":403,"column":75}}],"line":403},"67":{"loc":{"start":{"line":455,"column":12},"end":{"line":457,"column":13}},"type":"if","locations":[{"start":{"line":455,"column":12},"end":{"line":457,"column":13}},{"start":{},"end":{}}],"line":455},"68":{"loc":{"start":{"line":462,"column":12},"end":{"line":464,"column":13}},"type":"if","locations":[{"start":{"line":462,"column":12},"end":{"line":464,"column":13}},{"start":{},"end":{}}],"line":462},"69":{"loc":{"start":{"line":468,"column":12},"end":{"line":470,"column":13}},"type":"if","locations":[{"start":{"line":468,"column":12},"end":{"line":470,"column":13}},{"start":{},"end":{}}],"line":468},"70":{"loc":{"start":{"line":480,"column":8},"end":{"line":482,"column":9}},"type":"if","locations":[{"start":{"line":480,"column":8},"end":{"line":482,"column":9}},{"start":{},"end":{}}],"line":480},"71":{"loc":{"start":{"line":508,"column":4},"end":{"line":511,"column":5}},"type":"if","locations":[{"start":{"line":508,"column":4},"end":{"line":511,"column":5}},{"start":{},"end":{}}],"line":508},"72":{"loc":{"start":{"line":508,"column":8},"end":{"line":508,"column":63}},"type":"binary-expr","locations":[{"start":{"line":508,"column":8},"end":{"line":508,"column":15}},{"start":{"line":508,"column":19},"end":{"line":508,"column":63}}],"line":508},"73":{"loc":{"start":{"line":513,"column":4},"end":{"line":516,"column":5}},"type":"if","locations":[{"start":{"line":513,"column":4},"end":{"line":516,"column":5}},{"start":{},"end":{}}],"line":513},"74":{"loc":{"start":{"line":527,"column":8},"end":{"line":529,"column":9}},"type":"if","locations":[{"start":{"line":527,"column":8},"end":{"line":529,"column":9}},{"start":{},"end":{}}],"line":527},"75":{"loc":{"start":{"line":538,"column":24},"end":{"line":538,"column":62}},"type":"binary-expr","locations":[{"start":{"line":538,"column":24},"end":{"line":538,"column":47}},{"start":{"line":538,"column":51},"end":{"line":538,"column":62}}],"line":538},"76":{"loc":{"start":{"line":539,"column":33},"end":{"line":539,"column":66}},"type":"binary-expr","locations":[{"start":{"line":539,"column":33},"end":{"line":539,"column":56}},{"start":{"line":539,"column":60},"end":{"line":539,"column":66}}],"line":539},"77":{"loc":{"start":{"line":550,"column":12},"end":{"line":553,"column":13}},"type":"if","locations":[{"start":{"line":550,"column":12},"end":{"line":553,"column":13}},{"start":{},"end":{}}],"line":550},"78":{"loc":{"start":{"line":550,"column":16},"end":{"line":550,"column":55}},"type":"binary-expr","locations":[{"start":{"line":550,"column":16},"end":{"line":550,"column":28}},{"start":{"line":550,"column":32},"end":{"line":550,"column":55}}],"line":550},"79":{"loc":{"start":{"line":604,"column":8},"end":{"line":606,"column":9}},"type":"if","locations":[{"start":{"line":604,"column":8},"end":{"line":606,"column":9}},{"start":{},"end":{}}],"line":604},"80":{"loc":{"start":{"line":614,"column":8},"end":{"line":621,"column":9}},"type":"if","locations":[{"start":{"line":614,"column":8},"end":{"line":621,"column":9}},{"start":{},"end":{}}],"line":614},"81":{"loc":{"start":{"line":645,"column":53},"end":{"line":645,"column":89}},"type":"binary-expr","locations":[{"start":{"line":645,"column":53},"end":{"line":645,"column":84}},{"start":{"line":645,"column":88},"end":{"line":645,"column":89}}],"line":645},"82":{"loc":{"start":{"line":648,"column":8},"end":{"line":650,"column":9}},"type":"if","locations":[{"start":{"line":648,"column":8},"end":{"line":650,"column":9}},{"start":{},"end":{}}],"line":648},"83":{"loc":{"start":{"line":667,"column":4},"end":{"line":791,"column":5}},"type":"switch","locations":[{"start":{"line":668,"column":8},"end":{"line":676,"column":18}},{"start":{"line":678,"column":8},"end":{"line":696,"column":18}},{"start":{"line":698,"column":8},"end":{"line":705,"column":18}},{"start":{"line":707,"column":8},"end":{"line":718,"column":18}},{"start":{"line":720,"column":8},"end":{"line":730,"column":18}},{"start":{"line":732,"column":8},"end":{"line":739,"column":18}},{"start":{"line":741,"column":8},"end":{"line":748,"column":18}},{"start":{"line":750,"column":8},"end":{"line":757,"column":18}},{"start":{"line":759,"column":8},"end":{"line":766,"column":18}},{"start":{"line":768,"column":8},"end":{"line":783,"column":18}},{"start":{"line":785,"column":8},"end":{"line":787,"column":18}},{"start":{"line":789,"column":8},"end":{"line":790,"column":88}}],"line":667},"84":{"loc":{"start":{"line":670,"column":12},"end":{"line":675,"column":13}},"type":"if","locations":[{"start":{"line":670,"column":12},"end":{"line":675,"column":13}},{"start":{"line":672,"column":19},"end":{"line":675,"column":13}}],"line":670},"85":{"loc":{"start":{"line":681,"column":12},"end":{"line":695,"column":13}},"type":"if","locations":[{"start":{"line":681,"column":12},"end":{"line":695,"column":13}},{"start":{"line":690,"column":19},"end":{"line":695,"column":13}}],"line":681},"86":{"loc":{"start":{"line":699,"column":12},"end":{"line":702,"column":13}},"type":"if","locations":[{"start":{"line":699,"column":12},"end":{"line":702,"column":13}},{"start":{},"end":{}}],"line":699},"87":{"loc":{"start":{"line":708,"column":12},"end":{"line":711,"column":13}},"type":"if","locations":[{"start":{"line":708,"column":12},"end":{"line":711,"column":13}},{"start":{},"end":{}}],"line":708},"88":{"loc":{"start":{"line":712,"column":12},"end":{"line":714,"column":13}},"type":"if","locations":[{"start":{"line":712,"column":12},"end":{"line":714,"column":13}},{"start":{},"end":{}}],"line":712},"89":{"loc":{"start":{"line":721,"column":12},"end":{"line":724,"column":13}},"type":"if","locations":[{"start":{"line":721,"column":12},"end":{"line":724,"column":13}},{"start":{},"end":{}}],"line":721},"90":{"loc":{"start":{"line":725,"column":12},"end":{"line":728,"column":13}},"type":"if","locations":[{"start":{"line":725,"column":12},"end":{"line":728,"column":13}},{"start":{},"end":{}}],"line":725},"91":{"loc":{"start":{"line":733,"column":12},"end":{"line":736,"column":13}},"type":"if","locations":[{"start":{"line":733,"column":12},"end":{"line":736,"column":13}},{"start":{},"end":{}}],"line":733},"92":{"loc":{"start":{"line":742,"column":12},"end":{"line":745,"column":13}},"type":"if","locations":[{"start":{"line":742,"column":12},"end":{"line":745,"column":13}},{"start":{},"end":{}}],"line":742},"93":{"loc":{"start":{"line":751,"column":12},"end":{"line":754,"column":13}},"type":"if","locations":[{"start":{"line":751,"column":12},"end":{"line":754,"column":13}},{"start":{},"end":{}}],"line":751},"94":{"loc":{"start":{"line":760,"column":12},"end":{"line":762,"column":13}},"type":"if","locations":[{"start":{"line":760,"column":12},"end":{"line":762,"column":13}},{"start":{},"end":{}}],"line":760},"95":{"loc":{"start":{"line":769,"column":12},"end":{"line":772,"column":13}},"type":"if","locations":[{"start":{"line":769,"column":12},"end":{"line":772,"column":13}},{"start":{},"end":{}}],"line":769},"96":{"loc":{"start":{"line":774,"column":12},"end":{"line":782,"column":13}},"type":"if","locations":[{"start":{"line":774,"column":12},"end":{"line":782,"column":13}},{"start":{"line":776,"column":19},"end":{"line":782,"column":13}}],"line":774},"97":{"loc":{"start":{"line":800,"column":8},"end":{"line":803,"column":9}},"type":"if","locations":[{"start":{"line":800,"column":8},"end":{"line":803,"column":9}},{"start":{},"end":{}}],"line":800},"98":{"loc":{"start":{"line":800,"column":12},"end":{"line":800,"column":39}},"type":"binary-expr","locations":[{"start":{"line":800,"column":12},"end":{"line":800,"column":25}},{"start":{"line":800,"column":29},"end":{"line":800,"column":39}}],"line":800},"99":{"loc":{"start":{"line":831,"column":8},"end":{"line":831,"column":31}},"type":"if","locations":[{"start":{"line":831,"column":8},"end":{"line":831,"column":31}},{"start":{},"end":{}}],"line":831},"100":{"loc":{"start":{"line":834,"column":8},"end":{"line":845,"column":9}},"type":"if","locations":[{"start":{"line":834,"column":8},"end":{"line":845,"column":9}},{"start":{},"end":{}}],"line":834},"101":{"loc":{"start":{"line":836,"column":12},"end":{"line":844,"column":13}},"type":"if","locations":[{"start":{"line":836,"column":12},"end":{"line":844,"column":13}},{"start":{},"end":{}}],"line":836},"102":{"loc":{"start":{"line":847,"column":8},"end":{"line":856,"column":9}},"type":"if","locations":[{"start":{"line":847,"column":8},"end":{"line":856,"column":9}},{"start":{},"end":{}}],"line":847},"103":{"loc":{"start":{"line":858,"column":8},"end":{"line":861,"column":9}},"type":"if","locations":[{"start":{"line":858,"column":8},"end":{"line":861,"column":9}},{"start":{},"end":{}}],"line":858},"104":{"loc":{"start":{"line":863,"column":8},"end":{"line":866,"column":9}},"type":"if","locations":[{"start":{"line":863,"column":8},"end":{"line":866,"column":9}},{"start":{},"end":{}}],"line":863},"105":{"loc":{"start":{"line":868,"column":8},"end":{"line":871,"column":9}},"type":"if","locations":[{"start":{"line":868,"column":8},"end":{"line":871,"column":9}},{"start":{},"end":{}}],"line":868},"106":{"loc":{"start":{"line":882,"column":8},"end":{"line":882,"column":35}},"type":"if","locations":[{"start":{"line":882,"column":8},"end":{"line":882,"column":35}},{"start":{},"end":{}}],"line":882},"107":{"loc":{"start":{"line":890,"column":4},"end":{"line":896,"column":5}},"type":"if","locations":[{"start":{"line":890,"column":4},"end":{"line":896,"column":5}},{"start":{},"end":{}}],"line":890},"108":{"loc":{"start":{"line":894,"column":12},"end":{"line":894,"column":49}},"type":"if","locations":[{"start":{"line":894,"column":12},"end":{"line":894,"column":49}},{"start":{},"end":{}}],"line":894},"109":{"loc":{"start":{"line":913,"column":4},"end":{"line":915,"column":5}},"type":"if","locations":[{"start":{"line":913,"column":4},"end":{"line":915,"column":5}},{"start":{},"end":{}}],"line":913}},"s":{"0":0,"1":0,"2":0,"3":0,"4":0,"5":0,"6":0,"7":0,"8":0,"9":0,"10":0,"11":0,"12":0,"13":0,"14":0,"15":0,"16":0,"17":0,"18":0,"19":0,"20":0,"21":0,"22":0,"23":0,"24":0,"25":0,"26":0,"27":0,"28":0,"29":0,"30":0,"31":0,"32":0,"33":0,"34":0,"35":0,"36":0,"37":0,"38":0,"39":0,"40":0,"41":0,"42":0,"43":0,"44":0,"45":0,"46":0,"47":0,"48":0,"49":0,"50":0,"51":0,"52":0,"53":0,"54":0,"55":0,"56":0,"57":0,"58":0,"59":0,"60":0,"61":0,"62":0,"63":0,"64":0,"65":0,"66":0,"67":0,"68":0,"69":0,"70":0,"71":0,"72":0,"73":0,"74":0,"75":0,"76":0,"77":0,"78":0,"79":0,"80":0,"81":0,"82":0,"83":0,"84":0,"85":0,"86":0,"87":0,"88":0,"89":0,"90":0,"91":0,"92":0,"93":0,"94":0,"95":0,"96":0,"97":0,"98":0,"99":0,"100":0,"101":0,"102":0,"103":0,"104":0,"105":0,"106":0,"107":0,"108":0,"109":0,"110":0,"111":0,"112":0,"113":0,"114":0,"115":0,"116":0,"117":0,"118":0,"119":0,"120":0,"121":0,"122":0,"123":0,"124":0,"125":0,"126":0,"127":0,"128":0,"129":0,"130":0,"131":0,"132":0,"133":0,"134":0,"135":0,"136":0,"137":0,"138":0,"139":0,"140":0,"141":0,"142":0,"143":0,"144":0,"145":0,"146":0,"147":0,"148":0,"149":0,"150":0,"151":0,"152":0,"153":0,"154":0,"155":0,"156":0,"157":0,"158":0,"159":0,"160":0,"161":0,"162":0,"163":0,"164":0,"165":0,"166":0,"167":0,"168":0,"169":0,"170":0,"171":0,"172":0,"173":0,"174":0,"175":0,"176":0,"177":0,"178":0,"179":0,"180":0,"181":0,"182":0,"183":0,"184":0,"185":0,"186":0,"187":0,"188":0,"189":0,"190":0,"191":0,"192":0,"193":0,"194":0,"195":0,"196":0,"197":0,"198":0,"199":0,"200":0,"201":0,"202":0,"203":0,"204":0,"205":0,"206":0,"207":0,"208":0,"209":0,"210":0,"211":0,"212":0,"213":0,"214":0,"215":0,"216":0,"217":0,"218":0,"219":0,"220":0,"221":0,"222":0,"223":0,"224":0,"225":0,"226":0,"227":0,"228":0,"229":0,"230":0,"231":0,"232":0,"233":0,"234":0,"235":0,"236":0,"237":0,"238":0,"239":0,"240":0,"241":0,"242":0,"243":0,"244":0,"245":0,"246":0,"247":0,"248":0,"249":0,"250":0,"251":0,"252":0,"253":0,"254":0,"255":0,"256":0,"257":0,"258":0,"259":0,"260":0,"261":0,"262":0,"263":0,"264":0,"265":0,"266":0,"267":0,"268":0,"269":0,"270":0,"271":0,"272":0,"273":0,"274":0,"275":0,"276":0,"277":0,"278":0,"279":0,"280":0,"281":0,"282":0,"283":0,"284":0,"285":0,"286":0,"287":0,"288":0,"289":0,"290":0,"291":0,"292":0,"293":0,"294":0,"295":0,"296":0,"297":0,"298":0,"299":0,"300":0,"301":0,"302":0,"303":0,"304":0,"305":0,"306":0,"307":0,"308":0,"309":0,"310":0,"311":0,"312":0,"313":0,"314":0,"315":0,"316":0,"317":0,"318":0,"319":0,"320":0,"321":0,"322":0,"323":0,"324":0,"325":0,"326":0,"327":0,"328":0,"329":0,"330":0,"331":0,"332":0,"333":0,"334":0,"335":0,"336":0,"337":0,"338":0,"339":0,"340":0,"341":0,"342":0,"343":0,"344":0,"345":0,"346":0,"347":0,"348":0,"349":0,"350":0,"351":0,"352":0,"353":0,"354":0,"355":0,"356":0,"357":0,"358":0,"359":0,"360":0,"361":0,"362":0,"363":0,"364":0,"365":0,"366":0,"367":0,"368":0,"369":0,"370":0,"371":0,"372":0,"373":0,"374":0,"375":0,"376":0,"377":0,"378":0,"379":0,"380":0,"381":0,"382":0,"383":0,"384":0,"385":0,"386":0,"387":0,"388":0,"389":0,"390":0,"391":0,"392":0,"393":0,"394":0,"395":0,"396":0,"397":0,"398":0,"399":0,"400":0,"401":0,"402":0,"403":0,"404":0,"405":0,"406":0,"407":0,"408":0,"409":0,"410":0,"411":0},"f":{"0":0,"1":0,"2":0,"3":0,"4":0,"5":0,"6":0,"7":0,"8":0,"9":0,"10":0,"11":0,"12":0,"13":0,"14":0,"15":0,"16":0,"17":0,"18":0,"19":0,"20":0,"21":0,"22":0,"23":0,"24":0,"25":0,"26":0,"27":0,"28":0,"29":0,"30":0,"31":0,"32":0,"33":0,"34":0,"35":0,"36":0,"37":0,"38":0,"39":0,"40":0,"41":0,"42":0,"43":0,"44":0,"45":0,"46":0,"47":0,"48":0,"49":0,"50":0,"51":0,"52":0},"b":{"0":[0,0],"1":[0,0],"2":[0,0],"3":[0,0,0],"4":[0,0],"5":[0,0],"6":[0,0],"7":[0,0],"8":[0,0],"9":[0,0],"10":[0,0,0],"11":[0,0],"12":[0,0],"13":[0,0],"14":[0,0],"15":[0,0],"16":[0,0],"17":[0,0],"18":[0,0],"19":[0,0],"20":[0,0],"21":[0,0],"22":[0,0],"23":[0,0],"24":[0,0],"25":[0,0],"26":[0,0],"27":[0,0],"28":[0,0],"29":[0,0],"30":[0,0],"31":[0,0],"32":[0,0],"33":[0,0],"34":[0,0],"35":[0,0],"36":[0,0],"37":[0,0],"38":[0,0],"39":[0,0],"40":[0,0],"41":[0,0],"42":[0],"43":[0,0],"44":[0,0],"45":[0,0],"46":[0,0],"47":[0,0],"48":[0,0],"49":[0,0],"50":[0,0],"51":[0,0],"52":[0,0],"53":[0,0],"54":[0,0],"55":[0,0],"56":[0,0],"57":[0,0],"58":[0,0],"59":[0,0],"60":[0,0],"61":[0,0],"62":[0,0],"63":[0,0],"64":[0,0],"65":[0,0],"66":[0,0],"67":[0,0],"68":[0,0],"69":[0,0],"70":[0,0],"71":[0,0],"72":[0,0],"73":[0,0],"74":[0,0],"75":[0,0],"76":[0,0],"77":[0,0],"78":[0,0],"79":[0,0],"80":[0,0],"81":[0,0],"82":[0,0],"83":[0,0,0,0,0,0,0,0,0,0,0,0],"84":[0,0],"85":[0,0],"86":[0,0],"87":[0,0],"88":[0,0],"89":[0,0],"90":[0,0],"91":[0,0],"92":[0,0],"93":[0,0],"94":[0,0],"95":[0,0],"96":[0,0],"97":[0,0],"98":[0,0],"99":[0,0],"100":[0,0],"101":[0,0],"102":[0,0],"103":[0,0],"104":[0,0],"105":[0,0],"106":[0,0],"107":[0,0],"108":[0,0],"109":[0,0]}}
}
