TN:
SF:server.js
FN:34,(anonymous_0)
FN:39,(anonymous_1)
FN:53,(anonymous_2)
FN:116,(anonymous_3)
FN:148,(anonymous_4)
FN:184,(anonymous_5)
FN:194,(anonymous_6)
FN:222,(anonymous_7)
FN:234,(anonymous_8)
FN:245,(anonymous_9)
FN:259,handleRequest
FN:307,handleCORS
FN:323,handleHealth
FN:343,handleMetrics
FN:387,(anonymous_14)
FN:431,(anonymous_15)
FN:436,(anonymous_16)
FN:452,(anonymous_17)
FN:478,(anonymous_18)
FN:487,(anonymous_19)
FN:504,checkRateLimit
FN:524,(anonymous_21)
FN:537,connectToErlang
FN:544,(anonymous_23)
FN:549,(anonymous_24)
FN:557,(anonymous_25)
FN:565,(anonymous_26)
FN:570,(anonymous_27)
FN:572,(anonymous_28)
FN:582,(anonymous_29)
FN:603,(anonymous_30)
FN:609,(anonymous_31)
FN:630,(anonymous_32)
FN:631,(anonymous_33)
FN:643,(anonymous_34)
FN:655,(anonymous_35)
FN:664,handleMessage
FN:798,sendToErlang
FN:799,(anonymous_38)
FN:805,(anonymous_39)
FN:814,(anonymous_40)
FN:825,parseResponse
FN:877,parseRoomsList
FN:887,parseUsersList
FN:904,shutdown
FN:908,(anonymous_45)
FN:918,(anonymous_46)
FN:924,(anonymous_47)
FN:930,(anonymous_48)
FN:931,(anonymous_49)
FN:934,(anonymous_50)
FN:939,(anonymous_51)
FN:950,(anonymous_52)
FNF:53
FNH:0
FNDA:0,(anonymous_0)
FNDA:0,(anonymous_1)
FNDA:0,(anonymous_2)
FNDA:0,(anonymous_3)
FNDA:0,(anonymous_4)
FNDA:0,(anonymous_5)
FNDA:0,(anonymous_6)
FNDA:0,(anonymous_7)
FNDA:0,(anonymous_8)
FNDA:0,(anonymous_9)
FNDA:0,handleRequest
FNDA:0,handleCORS
FNDA:0,handleHealth
FNDA:0,handleMetrics
FNDA:0,(anonymous_14)
FNDA:0,(anonymous_15)
FNDA:0,(anonymous_16)
FNDA:0,(anonymous_17)
FNDA:0,(anonymous_18)
FNDA:0,(anonymous_19)
FNDA:0,checkRateLimit
FNDA:0,(anonymous_21)
FNDA:0,connectToErlang
FNDA:0,(anonymous_23)
FNDA:0,(anonymous_24)
FNDA:0,(anonymous_25)
FNDA:0,(anonymous_26)
FNDA:0,(anonymous_27)
FNDA:0,(anonymous_28)
FNDA:0,(anonymous_29)
FNDA:0,(anonymous_30)
FNDA:0,(anonymous_31)
FNDA:0,(anonymous_32)
FNDA:0,(anonymous_33)
FNDA:0,(anonymous_34)
FNDA:0,(anonymous_35)
FNDA:0,handleMessage
FNDA:0,sendToErlang
FNDA:0,(anonymous_38)
FNDA:0,(anonymous_39)
FNDA:0,(anonymous_40)
FNDA:0,parseResponse
FNDA:0,parseRoomsList
FNDA:0,parseUsersList
FNDA:0,shutdown
FNDA:0,(anonymous_45)
FNDA:0,(anonymous_46)
FNDA:0,(anonymous_47)
FNDA:0,(anonymous_48)
FNDA:0,(anonymous_49)
FNDA:0,(anonymous_50)
FNDA:0,(anonymous_51)
FNDA:0,(anonymous_52)
DA:15,0
DA:16,0
DA:17,0
DA:18,0
DA:19,0
DA:20,0
DA:23,0
DA:26,0
DA:27,0
DA:35,0
DA:36,0
DA:40,0
DA:41,0
DA:43,0
DA:46,0
DA:48,0
DA:49,0
DA:54,0
DA:55,0
DA:56,0
DA:57,0
DA:59,0
DA:60,0
DA:63,0
DA:66,0
DA:67,0
DA:69,0
DA:71,0
DA:72,0
DA:73,0
DA:76,0
DA:77,0
DA:78,0
DA:80,0
DA:81,0
DA:82,0
DA:84,0
DA:86,0
DA:87,0
DA:88,0
DA:89,0
DA:90,0
DA:91,0
DA:94,0
DA:96,0
DA:97,0
DA:98,0
DA:99,0
DA:100,0
DA:104,0
DA:105,0
DA:106,0
DA:107,0
DA:113,0
DA:118,0
DA:119,0
DA:120,0
DA:122,0
DA:123,0
DA:124,0
DA:126,0
DA:127,0
DA:128,0
DA:130,0
DA:131,0
DA:132,0
DA:134,0
DA:135,0
DA:136,0
DA:137,0
DA:139,0
DA:140,0
DA:141,0
DA:142,0
DA:145,0
DA:149,0
DA:186,0
DA:187,0
DA:189,0
DA:190,0
DA:195,0
DA:196,0
DA:198,0
DA:199,0
DA:200,0
DA:203,0
DA:207,0
DA:213,0
DA:223,0
DA:234,0
DA:235,0
DA:238,0
DA:245,0
DA:246,0
DA:252,0
DA:260,0
DA:263,0
DA:264,0
DA:268,0
DA:269,0
DA:270,0
DA:271,0
DA:274,0
DA:275,0
DA:279,0
DA:280,0
DA:284,0
DA:285,0
DA:286,0
DA:287,0
DA:291,0
DA:292,0
DA:293,0
DA:299,0
DA:303,0
DA:304,0
DA:308,0
DA:309,0
DA:311,0
DA:312,0
DA:320,0
DA:324,0
DA:338,0
DA:339,0
DA:340,0
DA:345,0
DA:376,0
DA:377,0
DA:384,0
DA:389,0
DA:390,0
DA:391,0
DA:393,0
DA:394,0
DA:395,0
DA:396,0
DA:400,0
DA:401,0
DA:403,0
DA:404,0
DA:405,0
DA:407,0
DA:408,0
DA:417,0
DA:418,0
DA:419,0
DA:420,0
DA:421,0
DA:422,0
DA:423,0
DA:424,0
DA:432,0
DA:433,0
DA:437,0
DA:438,0
DA:445,0
DA:446,0
DA:447,0
DA:449,0
DA:453,0
DA:454,0
DA:455,0
DA:456,0
DA:459,0
DA:460,0
DA:462,0
DA:463,0
DA:466,0
DA:468,0
DA:469,0
DA:472,0
DA:474,0
DA:479,0
DA:480,0
DA:481,0
DA:484,0
DA:488,0
DA:495,0
DA:501,0
DA:502,0
DA:505,0
DA:506,0
DA:508,0
DA:509,0
DA:510,0
DA:513,0
DA:514,0
DA:515,0
DA:518,0
DA:519,0
DA:520,0
DA:524,0
DA:525,0
DA:526,0
DA:527,0
DA:528,0
DA:538,0
DA:539,0
DA:541,0
DA:542,0
DA:544,0
DA:545,0
DA:546,0
DA:549,0
DA:550,0
DA:551,0
DA:552,0
DA:557,0
DA:558,0
DA:559,0
DA:562,0
DA:565,0
DA:566,0
DA:567,0
DA:570,0
DA:571,0
DA:572,0
DA:573,0
DA:582,0
DA:583,0
DA:584,0
DA:586,0
DA:588,0
DA:589,0
DA:590,0
DA:591,0
DA:592,0
DA:595,0
DA:603,0
DA:604,0
DA:605,0
DA:609,0
DA:610,0
DA:613,0
DA:614,0
DA:615,0
DA:620,0
DA:623,0
DA:624,0
DA:625,0
DA:628,0
DA:630,0
DA:631,0
DA:635,0
DA:636,0
DA:643,0
DA:644,0
DA:645,0
DA:646,0
DA:648,0
DA:649,0
DA:652,0
DA:655,0
DA:656,0
DA:665,0
DA:667,0
DA:669,0
DA:670,0
DA:671,0
DA:673,0
DA:674,0
DA:676,0
DA:679,0
DA:681,0
DA:682,0
DA:683,0
DA:684,0
DA:691,0
DA:696,0
DA:699,0
DA:700,0
DA:701,0
DA:703,0
DA:704,0
DA:705,0
DA:708,0
DA:709,0
DA:710,0
DA:712,0
DA:713,0
DA:715,0
DA:716,0
DA:717,0
DA:718,0
DA:721,0
DA:722,0
DA:723,0
DA:725,0
DA:726,0
DA:727,0
DA:729,0
DA:730,0
DA:733,0
DA:734,0
DA:735,0
DA:737,0
DA:738,0
DA:739,0
DA:742,0
DA:743,0
DA:744,0
DA:746,0
DA:747,0
DA:748,0
DA:751,0
DA:752,0
DA:753,0
DA:755,0
DA:756,0
DA:757,0
DA:760,0
DA:761,0
DA:763,0
DA:764,0
DA:765,0
DA:766,0
DA:769,0
DA:770,0
DA:771,0
DA:773,0
DA:774,0
DA:775,0
DA:777,0
DA:783,0
DA:786,0
DA:787,0
DA:790,0
DA:799,0
DA:800,0
DA:801,0
DA:802,0
DA:805,0
DA:806,0
DA:807,0
DA:810,0
DA:811,0
DA:814,0
DA:815,0
DA:816,0
DA:826,0
DA:827,0
DA:829,0
DA:830,0
DA:831,0
DA:834,0
DA:835,0
DA:836,0
DA:837,0
DA:843,0
DA:847,0
DA:848,0
DA:849,0
DA:855,0
DA:858,0
DA:859,0
DA:860,0
DA:863,0
DA:864,0
DA:865,0
DA:868,0
DA:869,0
DA:870,0
DA:874,0
DA:878,0
DA:879,0
DA:880,0
DA:881,0
DA:882,0
DA:884,0
DA:888,0
DA:889,0
DA:890,0
DA:891,0
DA:892,0
DA:893,0
DA:894,0
DA:897,0
DA:905,0
DA:908,0
DA:909,0
DA:913,0
DA:914,0
DA:918,0
DA:919,0
DA:920,0
DA:924,0
DA:925,0
DA:926,0
DA:930,0
DA:931,0
DA:934,0
DA:935,0
DA:936,0
DA:939,0
DA:940,0
DA:947,0
DA:948,0
DA:950,0
DA:951,0
DA:954,0
DA:957,0
LF:401
LH:0
BRDA:26,0,0,0
BRDA:26,0,1,0
BRDA:27,1,0,0
BRDA:27,1,1,0
BRDA:63,2,0,0
BRDA:63,2,1,0
BRDA:63,3,0,0
BRDA:63,3,1,0
BRDA:63,3,2,0
BRDA:66,4,0,0
BRDA:66,4,1,0
BRDA:69,5,0,0
BRDA:69,5,1,0
BRDA:72,6,0,0
BRDA:72,6,1,0
BRDA:78,7,0,0
BRDA:78,7,1,0
BRDA:80,8,0,0
BRDA:80,8,1,0
BRDA:84,9,0,0
BRDA:84,9,1,0
BRDA:84,10,0,0
BRDA:84,10,1,0
BRDA:84,10,2,0
BRDA:86,11,0,0
BRDA:86,11,1,0
BRDA:86,12,0,0
BRDA:86,12,1,0
BRDA:87,13,0,0
BRDA:87,13,1,0
BRDA:88,14,0,0
BRDA:88,14,1,0
BRDA:90,15,0,0
BRDA:90,15,1,0
BRDA:94,16,0,0
BRDA:94,16,1,0
BRDA:97,17,0,0
BRDA:97,17,1,0
BRDA:99,18,0,0
BRDA:99,18,1,0
BRDA:104,19,0,0
BRDA:104,19,1,0
BRDA:106,20,0,0
BRDA:106,20,1,0
BRDA:118,21,0,0
BRDA:118,21,1,0
BRDA:119,22,0,0
BRDA:119,22,1,0
BRDA:122,23,0,0
BRDA:122,23,1,0
BRDA:123,24,0,0
BRDA:123,24,1,0
BRDA:126,25,0,0
BRDA:126,25,1,0
BRDA:127,26,0,0
BRDA:127,26,1,0
BRDA:130,27,0,0
BRDA:130,27,1,0
BRDA:131,28,0,0
BRDA:131,28,1,0
BRDA:134,29,0,0
BRDA:134,29,1,0
BRDA:135,30,0,0
BRDA:135,30,1,0
BRDA:136,31,0,0
BRDA:136,31,1,0
BRDA:139,32,0,0
BRDA:139,32,1,0
BRDA:140,33,0,0
BRDA:140,33,1,0
BRDA:141,34,0,0
BRDA:141,34,1,0
BRDA:157,35,0,0
BRDA:157,35,1,0
BRDA:164,36,0,0
BRDA:164,36,1,0
BRDA:169,37,0,0
BRDA:169,37,1,0
BRDA:186,38,0,0
BRDA:186,38,1,0
BRDA:186,39,0,0
BRDA:186,39,1,0
BRDA:189,40,0,0
BRDA:189,40,1,0
BRDA:189,41,0,0
BRDA:189,41,1,0
BRDA:194,42,0,0
BRDA:199,43,0,0
BRDA:199,43,1,0
BRDA:199,44,0,0
BRDA:199,44,1,0
BRDA:203,45,0,0
BRDA:203,45,1,0
BRDA:227,46,0,0
BRDA:227,46,1,0
BRDA:263,47,0,0
BRDA:263,47,1,0
BRDA:274,48,0,0
BRDA:274,48,1,0
BRDA:274,49,0,0
BRDA:274,49,1,0
BRDA:279,50,0,0
BRDA:279,50,1,0
BRDA:279,51,0,0
BRDA:279,51,1,0
BRDA:284,52,0,0
BRDA:284,52,1,0
BRDA:286,53,0,0
BRDA:286,53,1,0
BRDA:291,54,0,0
BRDA:291,54,1,0
BRDA:291,55,0,0
BRDA:291,55,1,0
BRDA:309,56,0,0
BRDA:309,56,1,0
BRDA:311,57,0,0
BRDA:311,57,1,0
BRDA:311,58,0,0
BRDA:311,58,1,0
BRDA:334,59,0,0
BRDA:334,59,1,0
BRDA:338,60,0,0
BRDA:338,60,1,0
BRDA:361,61,0,0
BRDA:361,61,1,0
BRDA:365,62,0,0
BRDA:365,62,1,0
BRDA:390,63,0,0
BRDA:390,63,1,0
BRDA:393,64,0,0
BRDA:393,64,1,0
BRDA:403,65,0,0
BRDA:403,65,1,0
BRDA:403,66,0,0
BRDA:403,66,1,0
BRDA:455,67,0,0
BRDA:455,67,1,0
BRDA:462,68,0,0
BRDA:462,68,1,0
BRDA:468,69,0,0
BRDA:468,69,1,0
BRDA:480,70,0,0
BRDA:480,70,1,0
BRDA:508,71,0,0
BRDA:508,71,1,0
BRDA:508,72,0,0
BRDA:508,72,1,0
BRDA:513,73,0,0
BRDA:513,73,1,0
BRDA:527,74,0,0
BRDA:527,74,1,0
BRDA:538,75,0,0
BRDA:538,75,1,0
BRDA:539,76,0,0
BRDA:539,76,1,0
BRDA:550,77,0,0
BRDA:550,77,1,0
BRDA:550,78,0,0
BRDA:550,78,1,0
BRDA:604,79,0,0
BRDA:604,79,1,0
BRDA:614,80,0,0
BRDA:614,80,1,0
BRDA:645,81,0,0
BRDA:645,81,1,0
BRDA:648,82,0,0
BRDA:648,82,1,0
BRDA:667,83,0,0
BRDA:667,83,1,0
BRDA:667,83,2,0
BRDA:667,83,3,0
BRDA:667,83,4,0
BRDA:667,83,5,0
BRDA:667,83,6,0
BRDA:667,83,7,0
BRDA:667,83,8,0
BRDA:667,83,9,0
BRDA:667,83,10,0
BRDA:667,83,11,0
BRDA:670,84,0,0
BRDA:670,84,1,0
BRDA:681,85,0,0
BRDA:681,85,1,0
BRDA:699,86,0,0
BRDA:699,86,1,0
BRDA:708,87,0,0
BRDA:708,87,1,0
BRDA:712,88,0,0
BRDA:712,88,1,0
BRDA:721,89,0,0
BRDA:721,89,1,0
BRDA:725,90,0,0
BRDA:725,90,1,0
BRDA:733,91,0,0
BRDA:733,91,1,0
BRDA:742,92,0,0
BRDA:742,92,1,0
BRDA:751,93,0,0
BRDA:751,93,1,0
BRDA:760,94,0,0
BRDA:760,94,1,0
BRDA:769,95,0,0
BRDA:769,95,1,0
BRDA:774,96,0,0
BRDA:774,96,1,0
BRDA:800,97,0,0
BRDA:800,97,1,0
BRDA:800,98,0,0
BRDA:800,98,1,0
BRDA:831,99,0,0
BRDA:831,99,1,0
BRDA:834,100,0,0
BRDA:834,100,1,0
BRDA:836,101,0,0
BRDA:836,101,1,0
BRDA:847,102,0,0
BRDA:847,102,1,0
BRDA:858,103,0,0
BRDA:858,103,1,0
BRDA:863,104,0,0
BRDA:863,104,1,0
BRDA:868,105,0,0
BRDA:868,105,1,0
BRDA:882,106,0,0
BRDA:882,106,1,0
BRDA:890,107,0,0
BRDA:890,107,1,0
BRDA:894,108,0,0
BRDA:894,108,1,0
BRDA:913,109,0,0
BRDA:913,109,1,0
BRF:231
BRH:0
end_of_record
